#
# A fatal error has been detected by the Java Runtime Environment:
#
#  EXCEPTION_ACCESS_VIOLATION (0xc0000005) at pc=0x000000005e9272f5, pid=772, tid=3016
#
# JRE version: Java(TM) SE Runtime Environment (8.0_05-b13) (build 1.8.0_05-b13)
# Java VM: Java HotSpot(TM) 64-Bit Server VM (25.5-b02 mixed mode windows-amd64 compressed oops)
# Problematic frame:
# V  [jvm.dll+0x1172f5]
#
# Failed to write core dump. Minidumps are not enabled by default on client versions of Windows
#
# If you would like to submit a bug report, please visit:
#   http://bugreport.sun.com/bugreport/crash.jsp
#

---------------  T H R E A D  ---------------

Current thread (0x0000000014f3d800):  JavaThread "JDWP Transport Listener: dt_socket" daemon [_thread_in_vm, id=3016, stack(0x00000000164a0000,0x00000000165a0000)]

siginfo: ExceptionCode=0xc0000005, reading address 0xffffffffffffffff

Registers:
RAX=0x000000001659f001, RBX=0x0000000014f3d800, RCX=0x3b003b003b797274, RDX=0x0000000000000000
RSP=0x000000001659efe0, RBP=0x3b003b003b797274, RSI=0x000000001659f0f8, RDI=0x0000000000cc8220
R8 =0x0000000014f3d800, R9 =0x0000000000008000, R10=0x0000000000000000, R11=0x000000001659f313
R12=0x0000000000000000, R13=0x0000000014f34588, R14=0x0000000000000000, R15=0x0000000000000000
RIP=0x000000005e9272f5, EFLAGS=0x0000000000010206

Top of Stack: (sp=0x000000001659efe0)
0x000000001659efe0:   0000000014f3d800 0000000014f3d800
0x000000001659eff0:   000000001659f0a8 000000005eb1a04b
0x000000001659f000:   0000000014f3d800 000000005eb368ad
0x000000001659f010:   0000000000000000 000000005e7a9149
0x000000001659f020:   000000001aeb3dc8 000000005e7b2912
0x000000001659f030:   0000000014f3d800 0000000000000000
0x000000001659f040:   0000000000000000 0000000000000000
0x000000001659f050:   3b003b003b797274 000000005e7b1a09
0x000000001659f060:   000000001659f0f8 000000001659f0d0
0x000000001659f070:   0000000000000001 000000001aeb3dc8
0x000000001659f080:   3b003b003b797274 000000005e7953b3
0x000000001659f090:   000000001659f1c0 0000000000000001
0x000000001659f0a0:   0000000000000001 000000001aeb3dc8
0x000000001659f0b0:   0000000000000009 0000000000000000
0x000000001659f0c0:   0000000000000000 0000000000000000
0x000000001659f0d0:   0000000000000001 000000005e795571 

Instructions: (pc=0x000000005e9272f5)
0x000000005e9272d5:   cc cc cc cc cc cc cc cc cc cc cc 48 83 ec 28 48
0x000000005e9272e5:   85 c9 75 07 33 c0 48 83 c4 28 c3 48 89 5c 24 20
0x000000005e9272f5:   48 8b 19 48 85 db 74 20 48 83 fb 37 74 1a 48 8b
0x000000005e927305:   13 48 8b cb ff 52 08 84 c0 74 0d 48 8b c3 48 8b 


Register to memory mapping:

RAX=0x000000001659f001 is pointing into the stack for thread: 0x0000000014f3d800
RBX=0x0000000014f3d800 is a thread
RCX=0x3b003b003b797274 is an unknown value
RDX=0x0000000000000000 is an unknown value
RSP=0x000000001659efe0 is pointing into the stack for thread: 0x0000000014f3d800
RBP=0x3b003b003b797274 is an unknown value
RSI=0x000000001659f0f8 is pointing into the stack for thread: 0x0000000014f3d800
RDI=0x0000000000cc8220 is an unknown value
R8 =0x0000000014f3d800 is a thread
R9 =0x0000000000008000 is an unknown value
R10=0x0000000000000000 is an unknown value
R11=0x000000001659f313 is pointing into the stack for thread: 0x0000000014f3d800
R12=0x0000000000000000 is an unknown value
R13=0x0000000014f34588 is an unknown value
R14=0x0000000000000000 is an unknown value
R15=0x0000000000000000 is an unknown value


Stack: [0x00000000164a0000,0x00000000165a0000],  sp=0x000000001659efe0,  free space=1019k
Native frames: (J=compiled Java code, j=interpreted, Vv=VM code, C=native code)
V  [jvm.dll+0x1172f5]
V  [jvm.dll+0x3268ad]
C  [jdwp.dll+0x21a09]
C  [jdwp.dll+0x53b3]
C  [jdwp.dll+0x5571]
C  [jdwp.dll+0xf09c]
C  [jdwp.dll+0x1f2c9]
C  [jdwp.dll+0x1f412]
V  [jvm.dll+0x1a7128]
V  [jvm.dll+0x2232c4]
V  [jvm.dll+0x27baca]
C  [msvcr100.dll+0x21d9f]
C  [msvcr100.dll+0x21e3b]
C  [KERNEL32.DLL+0x16ad]
C  [ntdll.dll+0x74629]


---------------  P R O C E S S  ---------------

Java Threads: ( => current thread )
  0x000000001bc47000 JavaThread "play-akka.actor.default-dispatcher-17" [_thread_blocked, id=2052, stack(0x0000000025250000,0x0000000025350000)]
  0x000000001bc3f800 JavaThread "play-internal-execution-context-4" daemon [_thread_blocked, id=3100, stack(0x0000000024850000,0x0000000024950000)]
  0x0000000018669000 JavaThread "Timer-0" [_thread_blocked, id=2912, stack(0x0000000024950000,0x0000000024a50000)]
  0x0000000018662000 JavaThread "play-scheduler-1" [_thread_blocked, id=3048, stack(0x0000000023890000,0x0000000023990000)]
  0x0000000018661000 JavaThread "net.sf.ehcache.CacheManager@7d25075f" daemon [_thread_blocked, id=4208, stack(0x00000000204a0000,0x00000000205a0000)]
  0x000000001865d800 JavaThread "BoneCP-pool-watch-thread" daemon [_thread_blocked, id=1344, stack(0x000000001f8a0000,0x000000001f9a0000)]
  0x000000001865e000 JavaThread "BoneCP-max-alive-scheduler" daemon [_thread_blocked, id=4348, stack(0x000000001e4a0000,0x000000001e5a0000)]
  0x0000000018660800 JavaThread "BoneCP-keep-alive-scheduler" daemon [_thread_blocked, id=3344, stack(0x000000001dda0000,0x000000001dea0000)]
  0x0000000018663800 JavaThread "Scala Presentation Compiler []" daemon [_thread_blocked, id=96, stack(0x000000001ffa0000,0x00000000200a0000)]
  0x000000001865c800 JavaThread "New I/O server boss #9" [_thread_in_native, id=4564, stack(0x000000001f7a0000,0x000000001f8a0000)]
  0x000000001865c000 JavaThread "New I/O worker #8" [_thread_in_native, id=2188, stack(0x000000001f4a0000,0x000000001f5a0000)]
  0x0000000019ead800 JavaThread "New I/O worker #7" [_thread_in_native, id=4232, stack(0x000000001f3a0000,0x000000001f4a0000)]
  0x0000000019eb0800 JavaThread "New I/O worker #6" [_thread_in_native, id=4280, stack(0x000000001f2a0000,0x000000001f3a0000)]
  0x0000000019eaf000 JavaThread "New I/O worker #5" [_thread_in_native, id=4260, stack(0x000000001f1a0000,0x000000001f2a0000)]
  0x0000000019eaf800 JavaThread "New I/O worker #4" [_thread_in_native, id=4816, stack(0x000000001f0a0000,0x000000001f1a0000)]
  0x0000000019eac800 JavaThread "New I/O worker #3" [_thread_in_native, id=4592, stack(0x000000001efa0000,0x000000001f0a0000)]
  0x0000000019eae000 JavaThread "New I/O worker #2" [_thread_in_native, id=2772, stack(0x000000001eea0000,0x000000001efa0000)]
  0x0000000019ea9800 JavaThread "New I/O worker #1" [_thread_in_native, id=3840, stack(0x000000001eda0000,0x000000001eea0000)]
  0x0000000019eaa800 JavaThread "sbt-play-watch-service" daemon [_thread_blocked, id=2252, stack(0x000000001eaa0000,0x000000001eba0000)]
  0x0000000019eac000 JavaThread "Thread-1" daemon [_thread_in_native, id=1684, stack(0x000000001e9a0000,0x000000001eaa0000)]
  0x0000000019eab000 JavaThread "pool-4-thread-6" [_thread_in_native, id=2888, stack(0x000000001e5a0000,0x000000001e6a0000)]
  0x000000001b5bb800 JavaThread "sbt-web-akka.actor.default-dispatcher-2" [_thread_blocked, id=4992, stack(0x000000001a520000,0x000000001a620000)]
  0x000000001afc7000 JavaThread "sbt-web-scheduler-1" [_thread_blocked, id=3328, stack(0x000000001d6a0000,0x000000001d7a0000)]
  0x0000000016add800 JavaThread "Service Thread" daemon [_thread_blocked, id=4600, stack(0x0000000016ea0000,0x0000000016fa0000)]
  0x0000000014f6f800 JavaThread "C1 CompilerThread2" daemon [_thread_blocked, id=1760, stack(0x00000000169a0000,0x0000000016aa0000)]
  0x0000000014f5e800 JavaThread "C2 CompilerThread1" daemon [_thread_blocked, id=3876, stack(0x00000000168a0000,0x00000000169a0000)]
  0x0000000014f59800 JavaThread "C2 CompilerThread0" daemon [_thread_blocked, id=1524, stack(0x00000000167a0000,0x00000000168a0000)]
  0x0000000014f49800 JavaThread "JDWP Command Reader" daemon [_thread_in_native, id=4416, stack(0x00000000166a0000,0x00000000167a0000)]
  0x0000000014f44000 JavaThread "JDWP Event Helper Thread" daemon [_thread_blocked, id=972, stack(0x00000000165a0000,0x00000000166a0000)]
=>0x0000000014f3d800 JavaThread "JDWP Transport Listener: dt_socket" daemon [_thread_in_vm, id=3016, stack(0x00000000164a0000,0x00000000165a0000)]
  0x0000000014f2d000 JavaThread "Attach Listener" daemon [_thread_blocked, id=3516, stack(0x00000000163a0000,0x00000000164a0000)]
  0x0000000014f2c000 JavaThread "Signal Dispatcher" daemon [_thread_blocked, id=4572, stack(0x00000000162a0000,0x00000000163a0000)]
  0x0000000002928000 JavaThread "Finalizer" daemon [_thread_blocked, id=3984, stack(0x00000000161a0000,0x00000000162a0000)]
  0x000000000291d000 JavaThread "Reference Handler" daemon [_thread_blocked, id=2812, stack(0x00000000160a0000,0x00000000161a0000)]
  0x0000000002832800 JavaThread "main" [_thread_blocked, id=2944, stack(0x0000000002730000,0x0000000002830000)]

Other Threads:
  0x0000000014ef8000 VMThread [stack: 0x0000000015fa0000,0x00000000160a0000] [id=4836]
  0x0000000016ae0000 WatcherThread [stack: 0x0000000016fa0000,0x00000000170a0000] [id=3948]

VM state:not at safepoint (normal execution)

VM Mutex/Monitor currently owned by a thread: None

Heap:
 PSYoungGen      total 87552K, used 62229K [0x00000000eb200000, 0x00000000f1e00000, 0x0000000100000000)
  eden space 64512K, 85% used [0x00000000eb200000,0x00000000ee8287a0,0x00000000ef100000)
  from space 23040K, 29% used [0x00000000ef100000,0x00000000ef79cf88,0x00000000f0780000)
  to   space 22016K, 0% used [0x00000000f0880000,0x00000000f0880000,0x00000000f1e00000)
 ParOldGen       total 77312K, used 55114K [0x00000000c1600000, 0x00000000c6180000, 0x00000000eb200000)
  object space 77312K, 71% used [0x00000000c1600000,0x00000000c4bd28a0,0x00000000c6180000)
 Metaspace       used 106993K, capacity 107654K, committed 108160K, reserved 1138688K
  class space    used 18813K, capacity 18998K, committed 19072K, reserved 1048576K

Card table byte_map: [0x0000000011cf0000,0x0000000011ef0000] byte_map_base: 0x00000000116e5000

Marking Bits: (ParMarkBitMap*) 0x000000005efc13b0
 Begin Bits: [0x0000000012440000, 0x00000000133e8000)
 End Bits:   [0x00000000133e8000, 0x0000000014390000)

Polling page: 0x0000000000cb0000

CodeCache: size=245760Kb used=31105Kb max_used=31106Kb free=214654Kb
 bounds [0x0000000002930000, 0x00000000047c0000, 0x0000000011930000]
 total_blobs=11178 nmethods=10618 adapters=477
 compilation: enabled

Compilation events (10 events):
Event: 2691.588 Thread 0x0000000014f59800 12310       4       com.mysql.jdbc.MysqlIO::versionMeetsMinimum (54 bytes)
Event: 2691.591 Thread 0x0000000014f59800 nmethod 12310 0x0000000004768050 code [0x0000000004768180, 0x0000000004768218]
Event: 2749.848 Thread 0x0000000014f6f800 12311       3       com.mysql.jdbc.Field::isNativeDateTimeType (51 bytes)
Event: 2749.850 Thread 0x0000000014f6f800 nmethod 12311 0x00000000047b6d10 code [0x00000000047b6e80, 0x00000000047b7110]
Event: 2749.850 Thread 0x0000000014f6f800 12312   !   3       com.mysql.jdbc.ConnectionImpl::getCharsetNameForIndex (121 bytes)
Event: 2749.853 Thread 0x0000000014f6f800 nmethod 12312 0x00000000047b5750 code [0x00000000047b59a0, 0x00000000047b6738]
Event: 2751.902 Thread 0x0000000014f6f800 12313  s    1       com.mysql.jdbc.ConnectionImpl::useAnsiQuotedIdentifiers (5 bytes)
Event: 2751.903 Thread 0x0000000014f6f800 nmethod 12313 0x00000000047b5310 code [0x00000000047b5460, 0x00000000047b56d0]
Event: 2754.449 Thread 0x0000000014f6f800 12314       3       sun.nio.cs.SingleByte$Decoder::decodeLoop (28 bytes)
Event: 2754.450 Thread 0x0000000014f6f800 nmethod 12314 0x00000000047b4ad0 code [0x00000000047b4c60, 0x00000000047b51b8]

GC Heap History (10 events):
Event: 1022.305 GC heap before
{Heap before GC invocations=77 (full 3):
 PSYoungGen      total 80896K, used 80881K [0x00000000eb200000, 0x00000000f2200000, 0x0000000100000000)
  eden space 58880K, 100% used [0x00000000eb200000,0x00000000eeb80000,0x00000000eeb80000)
  from space 22016K, 99% used [0x00000000eeb80000,0x00000000f00fc708,0x00000000f0100000)
  to   space 26112K, 0% used [0x00000000f0880000,0x00000000f0880000,0x00000000f2200000)
 ParOldGen       total 86016K, used 71095K [0x00000000c1600000, 0x00000000c6a00000, 0x00000000eb200000)
  object space 86016K, 82% used [0x00000000c1600000,0x00000000c5b6dcc8,0x00000000c6a00000)
 Metaspace       used 90940K, capacity 91742K, committed 92160K, reserved 1124352K
  class space    used 16559K, capacity 16813K, committed 16896K, reserved 1048576K
Event: 1022.345 GC heap after
Heap after GC invocations=77 (full 3):
 PSYoungGen      total 85504K, used 6606K [0x00000000eb200000, 0x00000000f1f80000, 0x0000000100000000)
  eden space 61952K, 0% used [0x00000000eb200000,0x00000000eb200000,0x00000000eee80000)
  from space 23552K, 28% used [0x00000000f0880000,0x00000000f0ef3a28,0x00000000f1f80000)
  to   space 25088K, 0% used [0x00000000eee80000,0x00000000eee80000,0x00000000f0700000)
 ParOldGen       total 89600K, used 89009K [0x00000000c1600000, 0x00000000c6d80000, 0x00000000eb200000)
  object space 89600K, 99% used [0x00000000c1600000,0x00000000c6cec718,0x00000000c6d80000)
 Metaspace       used 90940K, capacity 91742K, committed 92160K, reserved 1124352K
  class space    used 16559K, capacity 16813K, committed 16896K, reserved 1048576K
}
Event: 1022.345 GC heap before
{Heap before GC invocations=78 (full 4):
 PSYoungGen      total 85504K, used 6606K [0x00000000eb200000, 0x00000000f1f80000, 0x0000000100000000)
  eden space 61952K, 0% used [0x00000000eb200000,0x00000000eb200000,0x00000000eee80000)
  from space 23552K, 28% used [0x00000000f0880000,0x00000000f0ef3a28,0x00000000f1f80000)
  to   space 25088K, 0% used [0x00000000eee80000,0x00000000eee80000,0x00000000f0700000)
 ParOldGen       total 89600K, used 89009K [0x00000000c1600000, 0x00000000c6d80000, 0x00000000eb200000)
  object space 89600K, 99% used [0x00000000c1600000,0x00000000c6cec718,0x00000000c6d80000)
 Metaspace       used 90940K, capacity 91742K, committed 92160K, reserved 1124352K
  class space    used 16559K, capacity 16813K, committed 16896K, reserved 1048576K
Event: 1022.571 GC heap after
Heap after GC invocations=78 (full 4):
 PSYoungGen      total 85504K, used 0K [0x00000000eb200000, 0x00000000f1f80000, 0x0000000100000000)
  eden space 61952K, 0% used [0x00000000eb200000,0x00000000eb200000,0x00000000eee80000)
  from space 23552K, 0% used [0x00000000f0880000,0x00000000f0880000,0x00000000f1f80000)
  to   space 25088K, 0% used [0x00000000eee80000,0x00000000eee80000,0x00000000f0700000)
 ParOldGen       total 77312K, used 55090K [0x00000000c1600000, 0x00000000c6180000, 0x00000000eb200000)
  object space 77312K, 71% used [0x00000000c1600000,0x00000000c4bcc8a0,0x00000000c6180000)
 Metaspace       used 90232K, capacity 90958K, committed 92160K, reserved 1124352K
  class space    used 16352K, capacity 16577K, committed 16896K, reserved 1048576K
}
Event: 1049.592 GC heap before
{Heap before GC invocations=79 (full 4):
 PSYoungGen      total 85504K, used 61952K [0x00000000eb200000, 0x00000000f1f80000, 0x0000000100000000)
  eden space 61952K, 100% used [0x00000000eb200000,0x00000000eee80000,0x00000000eee80000)
  from space 23552K, 0% used [0x00000000f0880000,0x00000000f0880000,0x00000000f1f80000)
  to   space 25088K, 0% used [0x00000000eee80000,0x00000000eee80000,0x00000000f0700000)
 ParOldGen       total 77312K, used 55090K [0x00000000c1600000, 0x00000000c6180000, 0x00000000eb200000)
  object space 77312K, 71% used [0x00000000c1600000,0x00000000c4bcc8a0,0x00000000c6180000)
 Metaspace       used 97902K, capacity 98572K, committed 99072K, reserved 1130496K
  class space    used 17374K, capacity 17577K, committed 17664K, reserved 1048576K
Event: 1049.601 GC heap after
Heap after GC invocations=79 (full 4):
 PSYoungGen      total 87040K, used 8360K [0x00000000eb200000, 0x00000000f1f80000, 0x0000000100000000)
  eden space 61952K, 0% used [0x00000000eb200000,0x00000000eb200000,0x00000000eee80000)
  from space 25088K, 33% used [0x00000000eee80000,0x00000000ef6aa130,0x00000000f0700000)
  to   space 23552K, 0% used [0x00000000f0880000,0x00000000f0880000,0x00000000f1f80000)
 ParOldGen       total 77312K, used 55098K [0x00000000c1600000, 0x00000000c6180000, 0x00000000eb200000)
  object space 77312K, 71% used [0x00000000c1600000,0x00000000c4bce8a0,0x00000000c6180000)
 Metaspace       used 97902K, capacity 98572K, committed 99072K, reserved 1130496K
  class space    used 17374K, capacity 17577K, committed 17664K, reserved 1048576K
}
Event: 1159.425 GC heap before
{Heap before GC invocations=80 (full 4):
 PSYoungGen      total 87040K, used 70312K [0x00000000eb200000, 0x00000000f1f80000, 0x0000000100000000)
  eden space 61952K, 100% used [0x00000000eb200000,0x00000000eee80000,0x00000000eee80000)
  from space 25088K, 33% used [0x00000000eee80000,0x00000000ef6aa130,0x00000000f0700000)
  to   space 23552K, 0% used [0x00000000f0880000,0x00000000f0880000,0x00000000f1f80000)
 ParOldGen       total 77312K, used 55098K [0x00000000c1600000, 0x00000000c6180000, 0x00000000eb200000)
  object space 77312K, 71% used [0x00000000c1600000,0x00000000c4bce8a0,0x00000000c6180000)
 Metaspace       used 105290K, capacity 106070K, committed 106368K, reserved 1136640K
  class space    used 18534K, capacity 18734K, committed 18816K, reserved 1048576K
Event: 1159.450 GC heap after
Heap after GC invocations=80 (full 4):
 PSYoungGen      total 86528K, used 11428K [0x00000000eb200000, 0x00000000f1e00000, 0x0000000100000000)
  eden space 64512K, 0% used [0x00000000eb200000,0x00000000eb200000,0x00000000ef100000)
  from space 22016K, 51% used [0x00000000f0880000,0x00000000f13a92b8,0x00000000f1e00000)
  to   space 23040K, 0% used [0x00000000ef100000,0x00000000ef100000,0x00000000f0780000)
 ParOldGen       total 77312K, used 55106K [0x00000000c1600000, 0x00000000c6180000, 0x00000000eb200000)
  object space 77312K, 71% used [0x00000000c1600000,0x00000000c4bd08a0,0x00000000c6180000)
 Metaspace       used 105290K, capacity 106070K, committed 106368K, reserved 1136640K
  class space    used 18534K, capacity 18734K, committed 18816K, reserved 1048576K
}
Event: 1204.542 GC heap before
{Heap before GC invocations=81 (full 4):
 PSYoungGen      total 86528K, used 75940K [0x00000000eb200000, 0x00000000f1e00000, 0x0000000100000000)
  eden space 64512K, 100% used [0x00000000eb200000,0x00000000ef100000,0x00000000ef100000)
  from space 22016K, 51% used [0x00000000f0880000,0x00000000f13a92b8,0x00000000f1e00000)
  to   space 23040K, 0% used [0x00000000ef100000,0x00000000ef100000,0x00000000f0780000)
 ParOldGen       total 77312K, used 55106K [0x00000000c1600000, 0x00000000c6180000, 0x00000000eb200000)
  object space 77312K, 71% used [0x00000000c1600000,0x00000000c4bd08a0,0x00000000c6180000)
 Metaspace       used 106210K, capacity 106812K, committed 107264K, reserved 1138688K
  class space    used 18715K, capacity 18895K, committed 18944K, reserved 1048576K
Event: 1204.553 GC heap after
Heap after GC invocations=81 (full 4):
 PSYoungGen      total 87552K, used 6771K [0x00000000eb200000, 0x00000000f1e00000, 0x0000000100000000)
  eden space 64512K, 0% used [0x00000000eb200000,0x00000000eb200000,0x00000000ef100000)
  from space 23040K, 29% used [0x00000000ef100000,0x00000000ef79cf88,0x00000000f0780000)
  to   space 22016K, 0% used [0x00000000f0880000,0x00000000f0880000,0x00000000f1e00000)
 ParOldGen       total 77312K, used 55114K [0x00000000c1600000, 0x00000000c6180000, 0x00000000eb200000)
  object space 77312K, 71% used [0x00000000c1600000,0x00000000c4bd28a0,0x00000000c6180000)
 Metaspace       used 106210K, capacity 106812K, committed 107264K, reserved 1138688K
  class space    used 18715K, capacity 18895K, committed 18944K, reserved 1048576K
}

Deoptimization events (10 events):
Event: 1217.882 Thread 0x000000001bc43000 Uncommon trap: reason=unhandled action=none pc=0x00000000037ca5b0 method=java.lang.ClassLoader.findClass(Ljava/lang/String;)Ljava/lang/Class; @ 8
Event: 1217.882 Thread 0x000000001bc43000 Uncommon trap: reason=unhandled action=none pc=0x00000000037ca5b0 method=java.lang.ClassLoader.findClass(Ljava/lang/String;)Ljava/lang/Class; @ 8
Event: 1217.883 Thread 0x000000001bc43000 Uncommon trap: reason=unhandled action=none pc=0x00000000037ca5b0 method=java.lang.ClassLoader.findClass(Ljava/lang/String;)Ljava/lang/Class; @ 8
Event: 1217.883 Thread 0x000000001bc43000 Uncommon trap: reason=unhandled action=none pc=0x00000000037ca5b0 method=java.lang.ClassLoader.findClass(Ljava/lang/String;)Ljava/lang/Class; @ 8
Event: 1217.884 Thread 0x000000001bc43000 Uncommon trap: reason=unhandled action=none pc=0x00000000037ca5b0 method=java.lang.ClassLoader.findClass(Ljava/lang/String;)Ljava/lang/Class; @ 8
Event: 1217.884 Thread 0x000000001bc43000 Uncommon trap: reason=unhandled action=none pc=0x00000000037ca5b0 method=java.lang.ClassLoader.findClass(Ljava/lang/String;)Ljava/lang/Class; @ 8
Event: 1217.886 Thread 0x000000001bc43000 Uncommon trap: reason=unhandled action=none pc=0x00000000037ca5b0 method=java.lang.ClassLoader.findClass(Ljava/lang/String;)Ljava/lang/Class; @ 8
Event: 1217.900 Thread 0x000000001bc43000 Uncommon trap: reason=unhandled action=none pc=0x00000000037ca5b0 method=java.lang.ClassLoader.findClass(Ljava/lang/String;)Ljava/lang/Class; @ 8
Event: 1217.901 Thread 0x000000001bc43000 Uncommon trap: reason=unhandled action=none pc=0x00000000037ca5b0 method=java.lang.ClassLoader.findClass(Ljava/lang/String;)Ljava/lang/Class; @ 8
Event: 1217.902 Thread 0x000000001bc43000 Uncommon trap: reason=unhandled action=none pc=0x00000000037ca5b0 method=java.lang.ClassLoader.findClass(Ljava/lang/String;)Ljava/lang/Class; @ 8

Internal exceptions (10 events):
Event: 1217.882 Thread 0x000000001bc43000 Exception <a 'java/security/PrivilegedActionException'> (0x00000000ed563c90) thrown at [D:\re\workspace\8-2-build-windows-amd64-cygwin\jdk8u5\2488\hotspot\src\share\vm\prims\jvm.cpp, line 1248]
Event: 1217.882 Thread 0x000000001bc43000 Exception <a 'java/security/PrivilegedActionException'> (0x00000000ed566d20) thrown at [D:\re\workspace\8-2-build-windows-amd64-cygwin\jdk8u5\2488\hotspot\src\share\vm\prims\jvm.cpp, line 1248]
Event: 1217.883 Thread 0x000000001bc43000 Exception <a 'java/security/PrivilegedActionException'> (0x00000000ed577b30) thrown at [D:\re\workspace\8-2-build-windows-amd64-cygwin\jdk8u5\2488\hotspot\src\share\vm\prims\jvm.cpp, line 1248]
Event: 1217.883 Thread 0x000000001bc43000 Exception <a 'java/security/PrivilegedActionException'> (0x00000000ed57aa88) thrown at [D:\re\workspace\8-2-build-windows-amd64-cygwin\jdk8u5\2488\hotspot\src\share\vm\prims\jvm.cpp, line 1248]
Event: 1217.884 Thread 0x000000001bc43000 Exception <a 'java/security/PrivilegedActionException'> (0x00000000ed57d3d8) thrown at [D:\re\workspace\8-2-build-windows-amd64-cygwin\jdk8u5\2488\hotspot\src\share\vm\prims\jvm.cpp, line 1248]
Event: 1217.884 Thread 0x000000001bc43000 Exception <a 'java/security/PrivilegedActionException'> (0x00000000ed583378) thrown at [D:\re\workspace\8-2-build-windows-amd64-cygwin\jdk8u5\2488\hotspot\src\share\vm\prims\jvm.cpp, line 1248]
Event: 1217.886 Thread 0x000000001bc43000 Exception <a 'java/security/PrivilegedActionException'> (0x00000000ed588430) thrown at [D:\re\workspace\8-2-build-windows-amd64-cygwin\jdk8u5\2488\hotspot\src\share\vm\prims\jvm.cpp, line 1248]
Event: 1217.900 Thread 0x000000001bc43000 Exception <a 'java/security/PrivilegedActionException'> (0x00000000ed59e220) thrown at [D:\re\workspace\8-2-build-windows-amd64-cygwin\jdk8u5\2488\hotspot\src\share\vm\prims\jvm.cpp, line 1248]
Event: 1217.901 Thread 0x000000001bc43000 Exception <a 'java/security/PrivilegedActionException'> (0x00000000ed5a20f8) thrown at [D:\re\workspace\8-2-build-windows-amd64-cygwin\jdk8u5\2488\hotspot\src\share\vm\prims\jvm.cpp, line 1248]
Event: 1217.902 Thread 0x000000001bc43000 Exception <a 'java/security/PrivilegedActionException'> (0x00000000ed5a5e28) thrown at [D:\re\workspace\8-2-build-windows-amd64-cygwin\jdk8u5\2488\hotspot\src\share\vm\prims\jvm.cpp, line 1248]

Events (10 events):
Event: 2453.909 Executing VM operation: RevokeBias
Event: 2453.910 Executing VM operation: RevokeBias done
Event: 2453.910 Executing VM operation: RevokeBias
Event: 2453.910 Executing VM operation: RevokeBias done
Event: 2453.910 Executing VM operation: RevokeBias
Event: 2453.911 Executing VM operation: RevokeBias done
Event: 2635.889 Executing VM operation: BulkRevokeBias
Event: 2635.891 Executing VM operation: BulkRevokeBias done
Event: 2783.221 Executing VM operation: RedefineClasses
Event: 2783.334 Executing VM operation: RedefineClasses done


Dynamic libraries:
0x00007ff703f20000 - 0x00007ff703f54000 	C:\Program Files\Java\jdk1.8.0_05\bin\java.exe
0x00007ffc53860000 - 0x00007ffc53a0a000 	C:\WINDOWS\SYSTEM32\ntdll.dll
0x00007ffc53170000 - 0x00007ffc532aa000 	C:\WINDOWS\system32\KERNEL32.DLL
0x00007ffc50fd0000 - 0x00007ffc510df000 	C:\WINDOWS\system32\KERNELBASE.dll
0x00007ffc4f800000 - 0x00007ffc4f888000 	C:\WINDOWS\system32\apphelp.dll
0x00007ffc46ae0000 - 0x00007ffc46b2f000 	C:\WINDOWS\AppPatch\AppPatch64\AcGenral.DLL
0x00007ffc536e0000 - 0x00007ffc53787000 	C:\WINDOWS\system32\msvcrt.dll
0x00007ffc509b0000 - 0x00007ffc509db000 	C:\WINDOWS\SYSTEM32\SspiCli.dll
0x00007ffc51a20000 - 0x00007ffc51a71000 	C:\WINDOWS\system32\SHLWAPI.dll
0x00007ffc51220000 - 0x00007ffc51391000 	C:\WINDOWS\system32\USER32.dll
0x00007ffc51580000 - 0x00007ffc516f8000 	C:\WINDOWS\system32\ole32.dll
0x00007ffc51c00000 - 0x00007ffc53020000 	C:\WINDOWS\system32\SHELL32.dll
0x00007ffc501e0000 - 0x00007ffc501fe000 	C:\WINDOWS\SYSTEM32\USERENV.dll
0x00007ffc53790000 - 0x00007ffc53835000 	C:\WINDOWS\system32\ADVAPI32.dll
0x00007ffc4af30000 - 0x00007ffc4af4b000 	C:\WINDOWS\SYSTEM32\MPR.dll
0x00007ffc517c0000 - 0x00007ffc518f6000 	C:\WINDOWS\system32\RPCRT4.dll
0x00007ffc53450000 - 0x00007ffc534a7000 	C:\WINDOWS\SYSTEM32\sechost.dll
0x00007ffc53500000 - 0x00007ffc536d6000 	C:\WINDOWS\SYSTEM32\combase.dll
0x00007ffc53020000 - 0x00007ffc53164000 	C:\WINDOWS\system32\GDI32.dll
0x00007ffc50bd0000 - 0x00007ffc50be4000 	C:\WINDOWS\SYSTEM32\profapi.dll
0x00007ffc4f090000 - 0x00007ffc4f12f000 	C:\WINDOWS\SYSTEM32\SHCORE.dll
0x00007ffc534b0000 - 0x00007ffc534e4000 	C:\WINDOWS\system32\IMM32.DLL
0x00007ffc510e0000 - 0x00007ffc51219000 	C:\WINDOWS\system32\MSCTF.dll
0x00007ffc4e2e0000 - 0x00007ffc4e53a000 	C:\WINDOWS\WinSxS\amd64_microsoft.windows.common-controls_6595b64144ccf1df_6.0.9600.17031_none_6242a4b3ecbb55a1\COMCTL32.dll
0x000000005f040000 - 0x000000005f112000 	C:\Program Files\Java\jdk1.8.0_05\jre\bin\msvcr100.dll
0x000000005e810000 - 0x000000005f03a000 	C:\Program Files\Java\jdk1.8.0_05\jre\bin\server\jvm.dll
0x00007ffc454b0000 - 0x00007ffc454b9000 	C:\WINDOWS\SYSTEM32\WSOCK32.dll
0x00007ffc4bfe0000 - 0x00007ffc4bfff000 	C:\WINDOWS\SYSTEM32\WINMM.dll
0x00007ffc51b90000 - 0x00007ffc51b97000 	C:\WINDOWS\system32\PSAPI.DLL
0x00007ffc51ba0000 - 0x00007ffc51bf8000 	C:\WINDOWS\system32\WS2_32.dll
0x00007ffc4be00000 - 0x00007ffc4be2a000 	C:\WINDOWS\SYSTEM32\WINMMBASE.dll
0x00007ffc51700000 - 0x00007ffc51709000 	C:\WINDOWS\system32\NSI.dll
0x00007ffc50ed0000 - 0x00007ffc50f1a000 	C:\WINDOWS\SYSTEM32\cfgmgr32.dll
0x00007ffc4f930000 - 0x00007ffc4f956000 	C:\WINDOWS\SYSTEM32\DEVOBJ.dll
0x000000005e800000 - 0x000000005e80f000 	C:\Program Files\Java\jdk1.8.0_05\jre\bin\verify.dll
0x000000005e7d0000 - 0x000000005e7f8000 	C:\Program Files\Java\jdk1.8.0_05\jre\bin\java.dll
0x000000005e790000 - 0x000000005e7c5000 	C:\Program Files\Java\jdk1.8.0_05\jre\bin\jdwp.dll
0x000000005e780000 - 0x000000005e788000 	C:\Program Files\Java\jdk1.8.0_05\jre\bin\npt.dll
0x000000005e760000 - 0x000000005e776000 	C:\Program Files\Java\jdk1.8.0_05\jre\bin\zip.dll
0x000000005e750000 - 0x000000005e759000 	C:\Program Files\Java\jdk1.8.0_05\jre\bin\dt_socket.dll
0x00007ffc50430000 - 0x00007ffc50488000 	C:\WINDOWS\system32\mswsock.dll
0x000000005e730000 - 0x000000005e74a000 	C:\Program Files\Java\jdk1.8.0_05\jre\bin\net.dll
0x000000005e710000 - 0x000000005e721000 	C:\Program Files\Java\jdk1.8.0_05\jre\bin\nio.dll
0x00007ffc50490000 - 0x00007ffc504ae000 	C:\WINDOWS\SYSTEM32\CRYPTSP.dll
0x00007ffc500d0000 - 0x00007ffc50105000 	C:\WINDOWS\system32\rsaenh.dll
0x00007ffc506c0000 - 0x00007ffc506e6000 	C:\WINDOWS\SYSTEM32\bcrypt.dll
0x00007ffc509e0000 - 0x00007ffc50a40000 	C:\WINDOWS\system32\bcryptprimitives.dll
0x00007ffc50a40000 - 0x00007ffc50a4a000 	C:\WINDOWS\SYSTEM32\CRYPTBASE.dll
0x00007ffc4c7c0000 - 0x00007ffc4c7e9000 	C:\WINDOWS\SYSTEM32\IPHLPAPI.DLL
0x00007ffc4c890000 - 0x00007ffc4c89a000 	C:\WINDOWS\SYSTEM32\WINNSI.DLL
0x00007ffc4c480000 - 0x00007ffc4c494000 	C:\WINDOWS\SYSTEM32\dhcpcsvc6.DLL
0x00007ffc4c410000 - 0x00007ffc4c429000 	C:\WINDOWS\SYSTEM32\dhcpcsvc.DLL
0x00007ffc46780000 - 0x00007ffc4678a000 	C:\Users\yonatan\AppData\Local\Temp\jansi-64-1-2195180316039756567.11
0x00007ffc48a60000 - 0x00007ffc48a74000 	C:\WINDOWS\system32\napinsp.dll
0x00007ffc48a80000 - 0x00007ffc48a99000 	C:\WINDOWS\system32\pnrpnsp.dll
0x00007ffc4e790000 - 0x00007ffc4e7a9000 	C:\WINDOWS\system32\NLAapi.dll
0x00007ffc50240000 - 0x00007ffc502e3000 	C:\WINDOWS\SYSTEM32\DNSAPI.dll
0x00007ffc48aa0000 - 0x00007ffc48aac000 	C:\WINDOWS\System32\winrnr.dll
0x00007ffc48ab0000 - 0x00007ffc48ac3000 	C:\WINDOWS\system32\wshbth.dll
0x00007ffc49b80000 - 0x00007ffc49b89000 	C:\Windows\System32\rasadhlp.dll
0x00007ffc4c690000 - 0x00007ffc4c6f8000 	C:\WINDOWS\System32\fwpuclnt.dll
0x00007ffc438d0000 - 0x00007ffc43a58000 	C:\WINDOWS\SYSTEM32\dbghelp.dll

VM Arguments:
jvm_args: -Xdebug -Xrunjdwp:transport=dt_socket,server=y,suspend=y,address=9999 -XX:MetaspaceSize=64M -XX:MaxMetaspaceSize=256M -Dactivator.home=//C:/Users/yonatan/Dropbox/projectsGitH/gymwer 
java_command: C:\Users\yonatan\Dropbox\projectsGitH\gymwer\activator-launch-1.2.3.jar run
java_class_path (initial): C:\Users\yonatan\Dropbox\projectsGitH\gymwer\activator-launch-1.2.3.jar
Launcher Type: SUN_STANDARD

Environment Variables:
JAVA_HOME=C:\Program Files\Java\jdk1.8.0_05
PATH=C:\WINDOWS\system32;C:\WINDOWS;C:\WINDOWS\System32\Wbem;C:\WINDOWS\System32\WindowsPowerShell\v1.0\;C:\Program Files (x86)\Heroku\bin;C:\Program Files (x86)\git\cmd;C:\Program Files\Java\jdk1.8.0_05\bin;C:\Program Files\Microsoft SQL Server\110\Tools\Binn\;C:\Program Files\Microsoft\Web Platform Installer\;C:\Program Files (x86)\Microsoft SDKs\TypeScript\1.0\;C:\Program Files (x86)\nodejs\;C:\Program Files (x86)\Windows Kits\8.1\Windows Performance Toolkit\;C:\Ruby200-x64\bin;C:\Users\yonatan\AppData\Roaming\npm
USERNAME=yonatan
OS=Windows_NT
PROCESSOR_IDENTIFIER=Intel64 Family 6 Model 42 Stepping 7, GenuineIntel



---------------  S Y S T E M  ---------------

OS: Windows 8.1 , 64 bit Build 9600 

CPU:total 4 (2 cores per cpu, 2 threads per core) family 6 model 42 stepping 7, cmov, cx8, fxsr, mmx, sse, sse2, sse3, ssse3, sse4.1, sse4.2, popcnt, avx, clmul, ht, tsc, tscinvbit

Memory: 4k page, physical 4097180k(1013456k free), swap 8291484k(4885460k free)

vm_info: Java HotSpot(TM) 64-Bit Server VM (25.5-b02) for windows-amd64 JRE (1.8.0_05-b13), built on Mar 18 2014 01:08:39 by "java_re" with MS VC++ 10.0 (VS2010)

time: Mon Aug 04 05:11:41 2014
elapsed time: 2783 seconds

