#
# A fatal error has been detected by the Java Runtime Environment:
#
#  EXCEPTION_ACCESS_VIOLATION (0xc0000005) at pc=0x000000006f368dde, pid=5132, tid=2044
#
# JRE version: Java(TM) SE Runtime Environment (8.0_05-b13) (build 1.8.0_05-b13)
# Java VM: Java HotSpot(TM) 64-Bit Server VM (25.5-b02 mixed mode windows-amd64 compressed oops)
# Problematic frame:
# V  [jvm.dll+0xe8dde]
#
# Failed to write core dump. Minidumps are not enabled by default on client versions of Windows
#
# If you would like to submit a bug report, please visit:
#   http://bugreport.sun.com/bugreport/crash.jsp
#

---------------  T H R E A D  ---------------

Current thread (0x0000000015347800):  VMThread [stack: 0x00000000163d0000,0x00000000164d0000] [id=2044]

siginfo: ExceptionCode=0xc0000005, reading address 0x0000000000000013

Registers:
RAX=0x000000000000000b, RBX=0x0000000020afac98, RCX=0x0000000028b4e848, RDX=0x0000000101332870
RSP=0x00000000164cf450, RBP=0x0000000000000003, RSI=0x0000000000000002, RDI=0x0000000101332870
R8 =0x000000001a6f38c0, R9 =0x0000000000000002, R10=0x00000000291890c0, R11=0x00000000164cf4d8
R12=0x000000001a6f3890, R13=0x0000000020afac98, R14=0x0000000020afac28, R15=0x000000001a6f38c0
RIP=0x000000006f368dde, EFLAGS=0x0000000000010206

Top of Stack: (sp=0x00000000164cf450)
0x00000000164cf450:   000000001a6f38c0 0000000029183120
0x00000000164cf460:   0000000029183230 ffffffffffffffd0
0x00000000164cf470:   0000000028b77050 000000006f3696c7
0x00000000164cf480:   00000001012c0828 0000000000000008
0x00000000164cf490:   0000000000000002 000000006f37dc0b
0x00000000164cf4a0:   0000000101332870 00000000164cf650
0x00000000164cf4b0:   00000000169cf2e0 0000000028b77050
0x00000000164cf4c0:   0000000015347800 00000000164cf650
0x00000000164cf4d0:   0000000015347800 000000006f4302ed
0x00000000164cf4e0:   00000001012c0828 000000001a6f3890
0x00000000164cf4f0:   0000000015347800 0000000015344590
0x00000000164cf500:   00000000164cf5b8 000000001cea8b40
0x00000000164cf510:   0000000015347800 0000000000000000
0x00000000164cf520:   0000000100000000 0000000000000000
0x00000000164cf530:   0000000020af8c28 0000000015347800
0x00000000164cf540:   0000000015347800 0000000015347080 

Instructions: (pc=0x000000006f368dde)
0x000000006f368dbe:   48 8b 41 18 48 c1 e8 14 a8 01 74 06 48 8b 59 10
0x000000006f368dce:   eb 19 48 83 79 08 00 74 44 48 8b 49 08 48 8b 01
0x000000006f368dde:   ff 50 08 84 c0 74 36 48 8b 5b 08 48 85 db 74 2d
0x000000006f368dee:   48 8b 03 48 8b cb ff 50 08 84 c0 74 20 48 85 ff 


Register to memory mapping:

RAX=0x000000000000000b is an unknown value
RBX=0x0000000020afac98 is an unknown value
RCX=0x0000000028b4e848 is an unknown value
RDX=0x0000000101332870 is an unknown value
RSP=0x00000000164cf450 is an unknown value
RBP=0x0000000000000003 is an unknown value
RSI=0x0000000000000002 is an unknown value
RDI=0x0000000101332870 is an unknown value
R8 =0x000000001a6f38c0 is an unknown value
R9 =0x0000000000000002 is an unknown value
R10=0x00000000291890c0 is an unknown value
R11=0x00000000164cf4d8 is an unknown value
R12=0x000000001a6f3890 is an unknown value
R13=0x0000000020afac98 is an unknown value
R14=0x0000000020afac28 is an unknown value
R15=0x000000001a6f38c0 is an unknown value


Stack: [0x00000000163d0000,0x00000000164d0000],  sp=0x00000000164cf450,  free space=1021k
Native frames: (J=compiled Java code, j=interpreted, Vv=VM code, C=native code)
V  [jvm.dll+0xe8dde]
V  [jvm.dll+0xe96c7]
V  [jvm.dll+0x1b02ed]
V  [jvm.dll+0x56f0b]
V  [jvm.dll+0x1b387d]
V  [jvm.dll+0x1b3b0b]
V  [jvm.dll+0x229aa7]
V  [jvm.dll+0x228ce6]
V  [jvm.dll+0x229181]
V  [jvm.dll+0x22939e]
V  [jvm.dll+0x27baca]
C  [msvcr100.dll+0x21d9f]
C  [msvcr100.dll+0x21e3b]
C  [KERNEL32.DLL+0x16ad]
C  [ntdll.dll+0x734a5]

VM_Operation (0x00000000169cf2e0): RedefineClasses, mode: safepoint, requested by thread 0x0000000015383800


---------------  P R O C E S S  ---------------

Java Threads: ( => current thread )
  0x0000000023151800 JavaThread "ForkJoinPool.commonPool-worker-0" daemon [_thread_blocked, id=1700, stack(0x000000001d7a0000,0x000000001d8a0000)]
  0x0000000023153000 JavaThread "play-internal-execution-context-9" daemon [_thread_blocked, id=4760, stack(0x0000000023bc0000,0x0000000023cc0000)]
  0x0000000023154800 JavaThread "play-akka.actor.default-dispatcher-21" [_thread_blocked, id=5252, stack(0x0000000023ac0000,0x0000000023bc0000)]
  0x0000000023155000 JavaThread "play-akka.actor.default-dispatcher-19" [_thread_blocked, id=2812, stack(0x0000000022560000,0x0000000022660000)]
  0x0000000023153800 JavaThread "play-akka.actor.default-dispatcher-18" [_thread_blocked, id=5788, stack(0x0000000022210000,0x0000000022310000)]
  0x000000002314e800 JavaThread "net.sf.ehcache.CacheManager@327a800b" daemon [_thread_blocked, id=6040, stack(0x000000001e7a0000,0x000000001e8a0000)]
  0x0000000023150000 JavaThread "BoneCP-pool-watch-thread" daemon [_thread_blocked, id=3648, stack(0x000000001e2a0000,0x000000001e3a0000)]
  0x000000002314f000 JavaThread "BoneCP-max-alive-scheduler" daemon [_thread_blocked, id=2436, stack(0x000000001dea0000,0x000000001dfa0000)]
  0x0000000023150800 JavaThread "BoneCP-keep-alive-scheduler" daemon [_thread_blocked, id=3200, stack(0x000000001c070000,0x000000001c170000)]
  0x0000000019fb4800 JavaThread "Timer-0" [_thread_blocked, id=2060, stack(0x00000000228f0000,0x00000000229f0000)]
  0x000000001923a800 JavaThread "play-scheduler-1" [_thread_blocked, id=4196, stack(0x000000001eaa0000,0x000000001eba0000)]
  0x0000000019238000 JavaThread "New I/O server boss #9" [_thread_in_native, id=5228, stack(0x000000001fba0000,0x000000001fca0000)]
  0x0000000019233800 JavaThread "New I/O worker #8" [_thread_blocked, id=4524, stack(0x000000001faa0000,0x000000001fba0000)]
  0x0000000019235000 JavaThread "New I/O worker #7" [_thread_blocked, id=4884, stack(0x000000001f9a0000,0x000000001faa0000)]
  0x0000000019236800 JavaThread "New I/O worker #6" [_thread_blocked, id=3404, stack(0x000000001f8a0000,0x000000001f9a0000)]
  0x0000000019236000 JavaThread "New I/O worker #5" [_thread_blocked, id=2140, stack(0x000000001f7a0000,0x000000001f8a0000)]
  0x0000000019234800 JavaThread "New I/O worker #4" [_thread_blocked, id=2184, stack(0x000000001f6a0000,0x000000001f7a0000)]
  0x0000000019230000 JavaThread "New I/O worker #3" [_thread_blocked, id=1744, stack(0x000000001f5a0000,0x000000001f6a0000)]
  0x0000000019233000 JavaThread "New I/O worker #2" [_thread_blocked, id=5340, stack(0x000000001f4a0000,0x000000001f5a0000)]
  0x000000001922f000 JavaThread "New I/O worker #1" [_thread_blocked, id=5380, stack(0x000000001f3a0000,0x000000001f4a0000)]
  0x0000000019232000 JavaThread "sbt-play-watch-service" daemon [_thread_blocked, id=4856, stack(0x000000001eea0000,0x000000001efa0000)]
  0x000000001922e800 JavaThread "Thread-1" daemon [_thread_in_native, id=2908, stack(0x000000001eda0000,0x000000001eea0000)]
  0x0000000019231800 JavaThread "pool-4-thread-5" [_thread_in_native, id=1924, stack(0x000000001e8a0000,0x000000001e9a0000)]
  0x0000000019fb2800 JavaThread "sbt-web-akka.actor.default-dispatcher-4" [_thread_blocked, id=460, stack(0x000000001e1a0000,0x000000001e2a0000)]
  0x0000000019faf800 JavaThread "sbt-web-scheduler-1" [_thread_blocked, id=4996, stack(0x000000001ad50000,0x000000001ae50000)]
  0x0000000016f10000 JavaThread "Service Thread" daemon [_thread_blocked, id=4804, stack(0x00000000172d0000,0x00000000173d0000)]
  0x00000000153af800 JavaThread "C1 CompilerThread2" daemon [_thread_blocked, id=3096, stack(0x0000000016dd0000,0x0000000016ed0000)]
  0x00000000153aa000 JavaThread "C2 CompilerThread1" daemon [_thread_blocked, id=3192, stack(0x0000000016cd0000,0x0000000016dd0000)]
  0x00000000153a9800 JavaThread "C2 CompilerThread0" daemon [_thread_blocked, id=5348, stack(0x0000000016bd0000,0x0000000016cd0000)]
  0x000000001539a000 JavaThread "JDWP Command Reader" daemon [_thread_in_native, id=4172, stack(0x0000000016ad0000,0x0000000016bd0000)]
  0x0000000015393800 JavaThread "JDWP Event Helper Thread" daemon [_thread_blocked, id=1404, stack(0x00000000169d0000,0x0000000016ad0000)]
  0x0000000015383800 JavaThread "JDWP Transport Listener: dt_socket" daemon [_thread_blocked, id=4224, stack(0x00000000168d0000,0x00000000169d0000)]
  0x000000001537c000 JavaThread "Attach Listener" daemon [_thread_blocked, id=1684, stack(0x00000000167d0000,0x00000000168d0000)]
  0x000000001537b000 JavaThread "Signal Dispatcher" daemon [_thread_blocked, id=1136, stack(0x00000000166d0000,0x00000000167d0000)]
  0x0000000002d76800 JavaThread "Finalizer" daemon [_thread_blocked, id=5932, stack(0x00000000165d0000,0x00000000166d0000)]
  0x0000000002d6b800 JavaThread "Reference Handler" daemon [_thread_blocked, id=4404, stack(0x00000000164d0000,0x00000000165d0000)]
  0x0000000002c82800 JavaThread "main" [_thread_blocked, id=5432, stack(0x0000000002b80000,0x0000000002c80000)]

Other Threads:
=>0x0000000015347800 VMThread [stack: 0x00000000163d0000,0x00000000164d0000] [id=2044]
  0x0000000016f11000 WatcherThread [stack: 0x00000000173d0000,0x00000000174d0000] [id=5552]

VM state:at safepoint (normal execution)

VM Mutex/Monitor currently owned by a thread:  ([mutex/lock_event])
[0x0000000002b7e000] Threads_lock - owner thread: 0x0000000015347800

Heap:
 PSYoungGen      total 155648K, used 72855K [0x00000000eb200000, 0x00000000f7780000, 0x0000000100000000)
  eden space 110080K, 46% used [0x00000000eb200000,0x00000000ee3c57d8,0x00000000f1d80000)
  from space 45568K, 48% used [0x00000000f1d80000,0x00000000f32e0578,0x00000000f4a00000)
  to   space 44032K, 0% used [0x00000000f4c80000,0x00000000f4c80000,0x00000000f7780000)
 ParOldGen       total 95232K, used 72600K [0x00000000c1600000, 0x00000000c7300000, 0x00000000eb200000)
  object space 95232K, 76% used [0x00000000c1600000,0x00000000c5ce6240,0x00000000c7300000)
 Metaspace       used 112622K, capacity 113862K, committed 114176K, reserved 1144832K
  class space    used 19203K, capacity 19661K, committed 19712K, reserved 1048576K

Card table byte_map: [0x0000000012140000,0x0000000012340000] byte_map_base: 0x0000000011b35000

Marking Bits: (ParMarkBitMap*) 0x000000006fa313b0
 Begin Bits: [0x0000000012890000, 0x0000000013838000)
 End Bits:   [0x0000000013838000, 0x00000000147e0000)

Polling page: 0x0000000001190000

CodeCache: size=245760Kb used=56265Kb max_used=58330Kb free=189494Kb
 bounds [0x0000000002d80000, 0x00000000066b0000, 0x0000000011d80000]
 total_blobs=16721 nmethods=16136 adapters=499
 compilation: enabled

Compilation events (10 events):
Event: 2897.068 Thread 0x00000000153af800 nmethod 19618 0x00000000052454d0 code [0x0000000005245640, 0x0000000005245888]
Event: 2897.069 Thread 0x00000000153aa000 19619       4       scala.runtime.BoxesRunTime::boxToBoolean (5 bytes)
Event: 2897.069 Thread 0x00000000153aa000 nmethod 19619 0x000000000401a510 code [0x000000000401a640, 0x000000000401a698]
Event: 2897.087 Thread 0x00000000153a9800 nmethod 19615 0x0000000004e1ee10 code [0x0000000004e1f020, 0x0000000004e20410]
Event: 2926.836 Thread 0x00000000153af800 19620       3       java.util.concurrent.TimeUnit::x (27 bytes)
Event: 2926.837 Thread 0x00000000153af800 nmethod 19620 0x0000000005245110 code [0x0000000005245260, 0x0000000005245450]
Event: 2932.565 Thread 0x00000000153aa000 19621       4       java.lang.Math::min (12 bytes)
Event: 2932.566 Thread 0x00000000153aa000 nmethod 19621 0x0000000004020990 code [0x0000000004020ac0, 0x0000000004020b18]
Event: 2932.835 Thread 0x00000000153af800 19622       3       java.util.concurrent.TimeUnit$1::convert (6 bytes)
Event: 2932.836 Thread 0x00000000153af800 nmethod 19622 0x0000000005244c90 code [0x0000000005244e00, 0x0000000005245028]

GC Heap History (10 events):
Event: 2162.943 GC heap before
{Heap before GC invocations=39 (full 3):
 PSYoungGen      total 136192K, used 125515K [0x00000000eb200000, 0x00000000f5d00000, 0x0000000100000000)
  eden space 102912K, 100% used [0x00000000eb200000,0x00000000f1680000,0x00000000f1680000)
  from space 33280K, 67% used [0x00000000f1680000,0x00000000f2c92d90,0x00000000f3700000)
  to   space 34816K, 0% used [0x00000000f3b00000,0x00000000f3b00000,0x00000000f5d00000)
 ParOldGen       total 83456K, used 69623K [0x00000000c1600000, 0x00000000c6780000, 0x00000000eb200000)
  object space 83456K, 83% used [0x00000000c1600000,0x00000000c59fde68,0x00000000c6780000)
 Metaspace       used 110571K, capacity 111802K, committed 112128K, reserved 1142784K
  class space    used 18924K, capacity 19338K, committed 19456K, reserved 1048576K
Event: 2162.978 GC heap after
Heap after GC invocations=39 (full 3):
 PSYoungGen      total 139776K, used 19725K [0x00000000eb200000, 0x00000000f5d80000, 0x0000000100000000)
  eden space 104960K, 0% used [0x00000000eb200000,0x00000000eb200000,0x00000000f1880000)
  from space 34816K, 56% used [0x00000000f3b00000,0x00000000f4e43788,0x00000000f5d00000)
  to   space 35328K, 0% used [0x00000000f1880000,0x00000000f1880000,0x00000000f3b00000)
 ParOldGen       total 83456K, used 69631K [0x00000000c1600000, 0x00000000c6780000, 0x00000000eb200000)
  object space 83456K, 83% used [0x00000000c1600000,0x00000000c59ffe68,0x00000000c6780000)
 Metaspace       used 110571K, capacity 111802K, committed 112128K, reserved 1142784K
  class space    used 18924K, capacity 19338K, committed 19456K, reserved 1048576K
}
Event: 2165.897 GC heap before
{Heap before GC invocations=40 (full 3):
 PSYoungGen      total 139776K, used 124685K [0x00000000eb200000, 0x00000000f5d80000, 0x0000000100000000)
  eden space 104960K, 100% used [0x00000000eb200000,0x00000000f1880000,0x00000000f1880000)
  from space 34816K, 56% used [0x00000000f3b00000,0x00000000f4e43788,0x00000000f5d00000)
  to   space 35328K, 0% used [0x00000000f1880000,0x00000000f1880000,0x00000000f3b00000)
 ParOldGen       total 83456K, used 69631K [0x00000000c1600000, 0x00000000c6780000, 0x00000000eb200000)
  object space 83456K, 83% used [0x00000000c1600000,0x00000000c59ffe68,0x00000000c6780000)
 Metaspace       used 111005K, capacity 112274K, committed 112512K, reserved 1142784K
  class space    used 19037K, capacity 19470K, committed 19584K, reserved 1048576K
Event: 2166.004 GC heap after
Heap after GC invocations=40 (full 3):
 PSYoungGen      total 140288K, used 35304K [0x00000000eb200000, 0x00000000f7a80000, 0x0000000100000000)
  eden space 104960K, 0% used [0x00000000eb200000,0x00000000eb200000,0x00000000f1880000)
  from space 35328K, 99% used [0x00000000f1880000,0x00000000f3afa180,0x00000000f3b00000)
  to   space 48128K, 0% used [0x00000000f4b80000,0x00000000f4b80000,0x00000000f7a80000)
 ParOldGen       total 90112K, used 89779K [0x00000000c1600000, 0x00000000c6e00000, 0x00000000eb200000)
  object space 90112K, 99% used [0x00000000c1600000,0x00000000c6dacc50,0x00000000c6e00000)
 Metaspace       used 111005K, capacity 112274K, committed 112512K, reserved 1142784K
  class space    used 19037K, capacity 19470K, committed 19584K, reserved 1048576K
}
Event: 2166.005 GC heap before
{Heap before GC invocations=41 (full 4):
 PSYoungGen      total 140288K, used 35304K [0x00000000eb200000, 0x00000000f7a80000, 0x0000000100000000)
  eden space 104960K, 0% used [0x00000000eb200000,0x00000000eb200000,0x00000000f1880000)
  from space 35328K, 99% used [0x00000000f1880000,0x00000000f3afa180,0x00000000f3b00000)
  to   space 48128K, 0% used [0x00000000f4b80000,0x00000000f4b80000,0x00000000f7a80000)
 ParOldGen       total 90112K, used 89779K [0x00000000c1600000, 0x00000000c6e00000, 0x00000000eb200000)
  object space 90112K, 99% used [0x00000000c1600000,0x00000000c6dacc50,0x00000000c6e00000)
 Metaspace       used 111005K, capacity 112274K, committed 112512K, reserved 1142784K
  class space    used 19037K, capacity 19470K, committed 19584K, reserved 1048576K
Event: 2166.615 GC heap after
Heap after GC invocations=41 (full 4):
 PSYoungGen      total 140288K, used 0K [0x00000000eb200000, 0x00000000f7a80000, 0x0000000100000000)
  eden space 104960K, 0% used [0x00000000eb200000,0x00000000eb200000,0x00000000f1880000)
  from space 35328K, 0% used [0x00000000f1880000,0x00000000f1880000,0x00000000f3b00000)
  to   space 48128K, 0% used [0x00000000f4b80000,0x00000000f4b80000,0x00000000f7a80000)
 ParOldGen       total 95232K, used 72584K [0x00000000c1600000, 0x00000000c7300000, 0x00000000eb200000)
  object space 95232K, 76% used [0x00000000c1600000,0x00000000c5ce2240,0x00000000c7300000)
 Metaspace       used 110817K, capacity 111920K, committed 112512K, reserved 1142784K
  class space    used 19004K, capacity 19410K, committed 19584K, reserved 1048576K
}
Event: 2172.115 GC heap before
{Heap before GC invocations=42 (full 4):
 PSYoungGen      total 140288K, used 104960K [0x00000000eb200000, 0x00000000f7a80000, 0x0000000100000000)
  eden space 104960K, 100% used [0x00000000eb200000,0x00000000f1880000,0x00000000f1880000)
  from space 35328K, 0% used [0x00000000f1880000,0x00000000f1880000,0x00000000f3b00000)
  to   space 48128K, 0% used [0x00000000f4b80000,0x00000000f4b80000,0x00000000f7a80000)
 ParOldGen       total 95232K, used 72584K [0x00000000c1600000, 0x00000000c7300000, 0x00000000eb200000)
  object space 95232K, 76% used [0x00000000c1600000,0x00000000c5ce2240,0x00000000c7300000)
 Metaspace       used 111458K, capacity 112534K, committed 113280K, reserved 1142784K
  class space    used 19049K, capacity 19443K, committed 19584K, reserved 1048576K
Event: 2172.171 GC heap after
Heap after GC invocations=42 (full 4):
 PSYoungGen      total 154112K, used 16559K [0x00000000eb200000, 0x00000000f7680000, 0x0000000100000000)
  eden space 110080K, 0% used [0x00000000eb200000,0x00000000eb200000,0x00000000f1d80000)
  from space 44032K, 37% used [0x00000000f4b80000,0x00000000f5babf78,0x00000000f7680000)
  to   space 45568K, 0% used [0x00000000f1d80000,0x00000000f1d80000,0x00000000f4a00000)
 ParOldGen       total 95232K, used 72592K [0x00000000c1600000, 0x00000000c7300000, 0x00000000eb200000)
  object space 95232K, 76% used [0x00000000c1600000,0x00000000c5ce4240,0x00000000c7300000)
 Metaspace       used 111458K, capacity 112534K, committed 113280K, reserved 1142784K
  class space    used 19049K, capacity 19443K, committed 19584K, reserved 1048576K
}
Event: 2188.514 GC heap before
{Heap before GC invocations=43 (full 4):
 PSYoungGen      total 154112K, used 126639K [0x00000000eb200000, 0x00000000f7680000, 0x0000000100000000)
  eden space 110080K, 100% used [0x00000000eb200000,0x00000000f1d80000,0x00000000f1d80000)
  from space 44032K, 37% used [0x00000000f4b80000,0x00000000f5babf78,0x00000000f7680000)
  to   space 45568K, 0% used [0x00000000f1d80000,0x00000000f1d80000,0x00000000f4a00000)
 ParOldGen       total 95232K, used 72592K [0x00000000c1600000, 0x00000000c7300000, 0x00000000eb200000)
  object space 95232K, 76% used [0x00000000c1600000,0x00000000c5ce4240,0x00000000c7300000)
 Metaspace       used 112239K, capacity 113430K, committed 113920K, reserved 1142784K
  class space    used 19151K, capacity 19607K, committed 19712K, reserved 1048576K
Event: 2188.554 GC heap after
Heap after GC invocations=43 (full 4):
 PSYoungGen      total 155648K, used 21889K [0x00000000eb200000, 0x00000000f7780000, 0x0000000100000000)
  eden space 110080K, 0% used [0x00000000eb200000,0x00000000eb200000,0x00000000f1d80000)
  from space 45568K, 48% used [0x00000000f1d80000,0x00000000f32e0578,0x00000000f4a00000)
  to   space 44032K, 0% used [0x00000000f4c80000,0x00000000f4c80000,0x00000000f7780000)
 ParOldGen       total 95232K, used 72600K [0x00000000c1600000, 0x00000000c7300000, 0x00000000eb200000)
  object space 95232K, 76% used [0x00000000c1600000,0x00000000c5ce6240,0x00000000c7300000)
 Metaspace       used 112239K, capacity 113430K, committed 113920K, reserved 1142784K
  class space    used 19151K, capacity 19607K, committed 19712K, reserved 1048576K
}

Deoptimization events (10 events):
Event: 2897.022 Thread 0x0000000023156000 Uncommon trap: reason=range_check action=none pc=0x0000000003abc25c method=sun.reflect.generics.parser.SignatureParser.current()C @ 34
Event: 2897.025 Thread 0x0000000023156000 Uncommon trap: reason=range_check action=none pc=0x0000000003abc25c method=sun.reflect.generics.parser.SignatureParser.current()C @ 34
Event: 2897.033 Thread 0x0000000023156000 Uncommon trap: reason=range_check action=none pc=0x0000000003abc25c method=sun.reflect.generics.parser.SignatureParser.current()C @ 34
Event: 2897.039 Thread 0x0000000023156000 Uncommon trap: reason=range_check action=none pc=0x0000000003abc25c method=sun.reflect.generics.parser.SignatureParser.current()C @ 34
Event: 2897.045 Thread 0x0000000023156000 Uncommon trap: reason=range_check action=none pc=0x0000000003abc25c method=sun.reflect.generics.parser.SignatureParser.current()C @ 34
Event: 2897.046 Thread 0x0000000023156000 Uncommon trap: reason=unhandled action=none pc=0x0000000003bd36b0 method=java.lang.ClassLoader.findClass(Ljava/lang/String;)Ljava/lang/Class; @ 8
Event: 2897.047 Thread 0x0000000023156000 Uncommon trap: reason=unhandled action=none pc=0x0000000003bd36b0 method=java.lang.ClassLoader.findClass(Ljava/lang/String;)Ljava/lang/Class; @ 8
Event: 2897.049 Thread 0x0000000023156000 Uncommon trap: reason=range_check action=none pc=0x0000000003abc25c method=sun.reflect.generics.parser.SignatureParser.current()C @ 34
Event: 2897.050 Thread 0x0000000023156000 Uncommon trap: reason=unhandled action=none pc=0x0000000003bd36b0 method=java.lang.ClassLoader.findClass(Ljava/lang/String;)Ljava/lang/Class; @ 8
Event: 2897.050 Thread 0x0000000023156000 Uncommon trap: reason=unhandled action=none pc=0x0000000003bd36b0 method=java.lang.ClassLoader.findClass(Ljava/lang/String;)Ljava/lang/Class; @ 8

Internal exceptions (10 events):
Event: 2897.022 Thread 0x0000000023156000 Exception <a 'java/lang/ArrayIndexOutOfBoundsException': 75> (0x00000000ee070510) thrown at [D:\re\workspace\8-2-build-windows-amd64-cygwin\jdk8u5\2488\hotspot\src\share\vm\interpreter\interpreterRuntime.cpp, line 337]
Event: 2897.025 Thread 0x0000000023156000 Exception <a 'java/lang/ArrayIndexOutOfBoundsException': 31> (0x00000000ee08dd60) thrown at [D:\re\workspace\8-2-build-windows-amd64-cygwin\jdk8u5\2488\hotspot\src\share\vm\interpreter\interpreterRuntime.cpp, line 337]
Event: 2897.033 Thread 0x0000000023156000 Exception <a 'java/lang/ArrayIndexOutOfBoundsException': 67> (0x00000000ee0a9fa0) thrown at [D:\re\workspace\8-2-build-windows-amd64-cygwin\jdk8u5\2488\hotspot\src\share\vm\interpreter\interpreterRuntime.cpp, line 337]
Event: 2897.039 Thread 0x0000000023156000 Exception <a 'java/lang/ArrayIndexOutOfBoundsException': 31> (0x00000000ee0c89a0) thrown at [D:\re\workspace\8-2-build-windows-amd64-cygwin\jdk8u5\2488\hotspot\src\share\vm\interpreter\interpreterRuntime.cpp, line 337]
Event: 2897.046 Thread 0x0000000023156000 Exception <a 'java/lang/ArrayIndexOutOfBoundsException': 67> (0x00000000ee0d65e0) thrown at [D:\re\workspace\8-2-build-windows-amd64-cygwin\jdk8u5\2488\hotspot\src\share\vm\interpreter\interpreterRuntime.cpp, line 337]
Event: 2897.046 Thread 0x0000000023156000 Exception <a 'java/security/PrivilegedActionException'> (0x00000000ee0d7880) thrown at [D:\re\workspace\8-2-build-windows-amd64-cygwin\jdk8u5\2488\hotspot\src\share\vm\prims\jvm.cpp, line 1248]
Event: 2897.047 Thread 0x0000000023156000 Exception <a 'java/security/PrivilegedActionException'> (0x00000000ee0deb68) thrown at [D:\re\workspace\8-2-build-windows-amd64-cygwin\jdk8u5\2488\hotspot\src\share\vm\prims\jvm.cpp, line 1248]
Event: 2897.049 Thread 0x0000000023156000 Exception <a 'java/lang/ArrayIndexOutOfBoundsException': 63> (0x00000000ee0e4330) thrown at [D:\re\workspace\8-2-build-windows-amd64-cygwin\jdk8u5\2488\hotspot\src\share\vm\interpreter\interpreterRuntime.cpp, line 337]
Event: 2897.050 Thread 0x0000000023156000 Exception <a 'java/security/PrivilegedActionException'> (0x00000000ee0e5558) thrown at [D:\re\workspace\8-2-build-windows-amd64-cygwin\jdk8u5\2488\hotspot\src\share\vm\prims\jvm.cpp, line 1248]
Event: 2897.050 Thread 0x0000000023156000 Exception <a 'java/security/PrivilegedActionException'> (0x00000000ee0ebfa0) thrown at [D:\re\workspace\8-2-build-windows-amd64-cygwin\jdk8u5\2488\hotspot\src\share\vm\prims\jvm.cpp, line 1248]

Events (10 events):
Event: 2927.073 Thread 0x0000000023158000 Thread exited: 0x0000000023158000
Event: 2931.924 Thread 0x0000000023152000 Thread added: 0x0000000023152000
Event: 2931.924 Executing VM operation: RevokeBias
Event: 2931.924 Executing VM operation: RevokeBias done
Event: 2931.924 Thread 0x0000000023151800 Thread exited: 0x0000000023151800
Event: 2937.925 Thread 0x0000000023151800 Thread added: 0x0000000023151800
Event: 2937.926 Executing VM operation: BulkRevokeBias
Event: 2937.929 Executing VM operation: BulkRevokeBias done
Event: 2937.929 Thread 0x0000000023152000 Thread exited: 0x0000000023152000
Event: 2939.057 Executing VM operation: RedefineClasses


Dynamic libraries:
0x00007ff74b3f0000 - 0x00007ff74b424000 	C:\Program Files\Java\jdk1.8.0_05\bin\java.exe
0x00007ffc5fd60000 - 0x00007ffc5ff0a000 	C:\WINDOWS\SYSTEM32\ntdll.dll
0x00007ffc5f280000 - 0x00007ffc5f3ba000 	C:\WINDOWS\system32\KERNEL32.DLL
0x00007ffc5d1f0000 - 0x00007ffc5d2ff000 	C:\WINDOWS\system32\KERNELBASE.dll
0x00007ffc5bd00000 - 0x00007ffc5bd88000 	C:\WINDOWS\system32\apphelp.dll
0x00007ffc548c0000 - 0x00007ffc5490f000 	C:\WINDOWS\AppPatch\AppPatch64\AcGenral.DLL
0x00007ffc5f3e0000 - 0x00007ffc5f487000 	C:\WINDOWS\system32\msvcrt.dll
0x00007ffc5ceb0000 - 0x00007ffc5cedb000 	C:\WINDOWS\SYSTEM32\SspiCli.dll
0x00007ffc5fba0000 - 0x00007ffc5fbf1000 	C:\WINDOWS\system32\SHLWAPI.dll
0x00007ffc5f5e0000 - 0x00007ffc5f751000 	C:\WINDOWS\system32\USER32.dll
0x00007ffc5ef60000 - 0x00007ffc5f0d8000 	C:\WINDOWS\system32\ole32.dll
0x00007ffc5d5e0000 - 0x00007ffc5ea00000 	C:\WINDOWS\system32\SHELL32.dll
0x00007ffc5ca90000 - 0x00007ffc5caae000 	C:\WINDOWS\SYSTEM32\USERENV.dll
0x00007ffc5fae0000 - 0x00007ffc5fb85000 	C:\WINDOWS\system32\ADVAPI32.dll
0x00007ffc59080000 - 0x00007ffc5909b000 	C:\WINDOWS\SYSTEM32\MPR.dll
0x00007ffc5f760000 - 0x00007ffc5f897000 	C:\WINDOWS\system32\RPCRT4.dll
0x00007ffc5f220000 - 0x00007ffc5f277000 	C:\WINDOWS\SYSTEM32\sechost.dll
0x00007ffc5f900000 - 0x00007ffc5fad6000 	C:\WINDOWS\SYSTEM32\combase.dll
0x00007ffc5f490000 - 0x00007ffc5f5d4000 	C:\WINDOWS\system32\GDI32.dll
0x00007ffc5d0d0000 - 0x00007ffc5d0e4000 	C:\WINDOWS\SYSTEM32\profapi.dll
0x00007ffc5b7f0000 - 0x00007ffc5b88f000 	C:\WINDOWS\SYSTEM32\SHCORE.dll
0x00007ffc5f8a0000 - 0x00007ffc5f8d4000 	C:\WINDOWS\system32\IMM32.DLL
0x00007ffc5f0e0000 - 0x00007ffc5f219000 	C:\WINDOWS\system32\MSCTF.dll
0x00007ffc5a9c0000 - 0x00007ffc5ac1a000 	C:\WINDOWS\WinSxS\amd64_microsoft.windows.common-controls_6595b64144ccf1df_6.0.9600.17031_none_6242a4b3ecbb55a1\COMCTL32.dll
0x000000006fab0000 - 0x000000006fb82000 	C:\Program Files\Java\jdk1.8.0_05\jre\bin\msvcr100.dll
0x000000006f280000 - 0x000000006faaa000 	C:\Program Files\Java\jdk1.8.0_05\jre\bin\server\jvm.dll
0x00007ffc57660000 - 0x00007ffc57669000 	C:\WINDOWS\SYSTEM32\WSOCK32.dll
0x00007ffc5a540000 - 0x00007ffc5a55f000 	C:\WINDOWS\SYSTEM32\WINMM.dll
0x00007ffc5f8f0000 - 0x00007ffc5f8f7000 	C:\WINDOWS\system32\PSAPI.DLL
0x00007ffc5ea60000 - 0x00007ffc5eab8000 	C:\WINDOWS\system32\WS2_32.dll
0x00007ffc5a4e0000 - 0x00007ffc5a50a000 	C:\WINDOWS\SYSTEM32\WINMMBASE.dll
0x00007ffc5f8e0000 - 0x00007ffc5f8e9000 	C:\WINDOWS\system32\NSI.dll
0x00007ffc5d3b0000 - 0x00007ffc5d3fa000 	C:\WINDOWS\SYSTEM32\cfgmgr32.dll
0x00007ffc5bf60000 - 0x00007ffc5bf86000 	C:\WINDOWS\SYSTEM32\DEVOBJ.dll
0x000000006f270000 - 0x000000006f27f000 	C:\Program Files\Java\jdk1.8.0_05\jre\bin\verify.dll
0x000000006f240000 - 0x000000006f268000 	C:\Program Files\Java\jdk1.8.0_05\jre\bin\java.dll
0x000000006f200000 - 0x000000006f235000 	C:\Program Files\Java\jdk1.8.0_05\jre\bin\jdwp.dll
0x000000006f1f0000 - 0x000000006f1f8000 	C:\Program Files\Java\jdk1.8.0_05\jre\bin\npt.dll
0x000000006f1d0000 - 0x000000006f1e6000 	C:\Program Files\Java\jdk1.8.0_05\jre\bin\zip.dll
0x000000006f1c0000 - 0x000000006f1c9000 	C:\Program Files\Java\jdk1.8.0_05\jre\bin\dt_socket.dll
0x00007ffc5c910000 - 0x00007ffc5c968000 	C:\WINDOWS\system32\mswsock.dll
0x000000006f1a0000 - 0x000000006f1ba000 	C:\Program Files\Java\jdk1.8.0_05\jre\bin\net.dll
0x000000006f180000 - 0x000000006f191000 	C:\Program Files\Java\jdk1.8.0_05\jre\bin\nio.dll
0x00007ffc5cab0000 - 0x00007ffc5cace000 	C:\WINDOWS\SYSTEM32\CRYPTSP.dll
0x00007ffc5c550000 - 0x00007ffc5c585000 	C:\WINDOWS\system32\rsaenh.dll
0x00007ffc5cbc0000 - 0x00007ffc5cbe6000 	C:\WINDOWS\SYSTEM32\bcrypt.dll
0x00007ffc5cee0000 - 0x00007ffc5cf40000 	C:\WINDOWS\system32\bcryptprimitives.dll
0x00007ffc5cf40000 - 0x00007ffc5cf4a000 	C:\WINDOWS\SYSTEM32\CRYPTBASE.dll
0x00007ffc58c30000 - 0x00007ffc58c59000 	C:\WINDOWS\SYSTEM32\IPHLPAPI.DLL
0x00007ffc58b50000 - 0x00007ffc58b5a000 	C:\WINDOWS\SYSTEM32\WINNSI.DLL
0x00007ffc58490000 - 0x00007ffc584a4000 	C:\WINDOWS\SYSTEM32\dhcpcsvc6.DLL
0x00007ffc58c00000 - 0x00007ffc58c19000 	C:\WINDOWS\SYSTEM32\dhcpcsvc.DLL
0x00007ffc59400000 - 0x00007ffc5940a000 	C:\Users\yonatan\AppData\Local\Temp\jansi-64-1-4433609289598622245.11
0x00007ffc54e60000 - 0x00007ffc54e74000 	C:\WINDOWS\system32\napinsp.dll
0x00007ffc54e80000 - 0x00007ffc54e99000 	C:\WINDOWS\system32\pnrpnsp.dll
0x00007ffc5b070000 - 0x00007ffc5b089000 	C:\WINDOWS\system32\NLAapi.dll
0x00007ffc5c760000 - 0x00007ffc5c803000 	C:\WINDOWS\SYSTEM32\DNSAPI.dll
0x00007ffc54f40000 - 0x00007ffc54f4c000 	C:\WINDOWS\System32\winrnr.dll
0x00007ffc54ea0000 - 0x00007ffc54eb3000 	C:\WINDOWS\system32\wshbth.dll
0x00007ffc55c80000 - 0x00007ffc55c89000 	C:\Windows\System32\rasadhlp.dll
0x00007ffc58780000 - 0x00007ffc587e8000 	C:\WINDOWS\System32\fwpuclnt.dll
0x000000006f150000 - 0x000000006f174000 	C:\Program Files\Java\jdk1.8.0_05\jre\bin\sunec.dll
0x000000006f140000 - 0x000000006f14d000 	C:\Program Files\Java\jdk1.8.0_05\jre\bin\management.dll
0x00007ffc5a630000 - 0x00007ffc5a7b8000 	C:\WINDOWS\SYSTEM32\dbghelp.dll

VM Arguments:
jvm_args: -Xdebug -Xrunjdwp:transport=dt_socket,server=y,suspend=y,address=9999 -XX:MetaspaceSize=64M -XX:MaxMetaspaceSize=256M -Dactivator.home=//C:/Users/yonatan/Dropbox/projectsGitH/gymwer 
java_command: C:\Users\yonatan\Dropbox\projectsGitH\gymwer\activator-launch-1.2.3.jar run
java_class_path (initial): C:\Users\yonatan\Dropbox\projectsGitH\gymwer\activator-launch-1.2.3.jar
Launcher Type: SUN_STANDARD

Environment Variables:
JAVA_HOME=C:\Program Files\Java\jdk1.8.0_05
PATH=C:\WINDOWS\system32;C:\WINDOWS;C:\WINDOWS\System32\Wbem;C:\WINDOWS\System32\WindowsPowerShell\v1.0\;C:\Program Files (x86)\Heroku\bin;C:\Program Files (x86)\git\cmd;C:\Program Files\Java\jdk1.8.0_05\bin;C:\Program Files\Microsoft SQL Server\110\Tools\Binn\;C:\Program Files\Microsoft\Web Platform Installer\;C:\Program Files (x86)\Microsoft SDKs\TypeScript\1.0\;C:\Program Files (x86)\nodejs\;C:\Program Files (x86)\Windows Kits\8.1\Windows Performance Toolkit\;C:\Ruby200-x64\bin;C:\Users\yonatan\AppData\Roaming\npm
USERNAME=yonatan
OS=Windows_NT
PROCESSOR_IDENTIFIER=Intel64 Family 6 Model 42 Stepping 7, GenuineIntel



---------------  S Y S T E M  ---------------

OS: Windows 8.1 , 64 bit Build 9600 

CPU:total 4 (2 cores per cpu, 2 threads per core) family 6 model 42 stepping 7, cmov, cx8, fxsr, mmx, sse, sse2, sse3, ssse3, sse4.1, sse4.2, popcnt, avx, clmul, ht, tsc, tscinvbit

Memory: 4k page, physical 4097164k(1030764k free), swap 8291468k(3906640k free)

vm_info: Java HotSpot(TM) 64-Bit Server VM (25.5-b02) for windows-amd64 JRE (1.8.0_05-b13), built on Mar 18 2014 01:08:39 by "java_re" with MS VC++ 10.0 (VS2010)

time: Fri Aug 15 02:38:57 2014
elapsed time: 2940 seconds

