#
# A fatal error has been detected by the Java Runtime Environment:
#
#  EXCEPTION_ACCESS_VIOLATION (0xc0000005) at pc=0x000000006f3972f5, pid=4412, tid=4104
#
# JRE version: Java(TM) SE Runtime Environment (8.0_05-b13) (build 1.8.0_05-b13)
# Java VM: Java HotSpot(TM) 64-Bit Server VM (25.5-b02 mixed mode windows-amd64 compressed oops)
# Problematic frame:
# V  [jvm.dll+0x1172f5]
#
# Failed to write core dump. Minidumps are not enabled by default on client versions of Windows
#
# If you would like to submit a bug report, please visit:
#   http://bugreport.sun.com/bugreport/crash.jsp
#

---------------  T H R E A D  ---------------

Current thread (0x000000001520f000):  JavaThread "JDWP Transport Listener: dt_socket" daemon [_thread_in_vm, id=4104, stack(0x0000000016760000,0x0000000016860000)]

siginfo: ExceptionCode=0xc0000005, reading address 0xffffffffffffffff

Registers:
RAX=0x000000001685f701, RBX=0x000000001520f000, RCX=0x72616c6365446369, RDX=0x0000000000000000
RSP=0x000000001685f740, RBP=0x72616c6365446369, RSI=0x000000001685f858, RDI=0x00000000029f8250
R8 =0x000000001520f000, R9 =0x0000000000008000, R10=0x0000000000000000, R11=0x000000001685fa65
R12=0x0000000000000000, R13=0x000000001520fb28, R14=0x0000000000000000, R15=0x0000000000000000
RIP=0x000000006f3972f5, EFLAGS=0x0000000000010206

Top of Stack: (sp=0x000000001685f740)
0x000000001685f740:   000000001520f000 000000001520f000
0x000000001685f750:   000000001685f808 000000006f58a04b
0x000000001685f760:   000000001520f000 000000006f5a68ad
0x000000001685f770:   0000000000000000 000000006f219149
0x000000001685f780:   000000001e600ae8 000000006f222912
0x000000001685f790:   000000001520f000 0000000000000000
0x000000001685f7a0:   0000000000000000 0000000000000000
0x000000001685f7b0:   72616c6365446369 000000006f221a09
0x000000001685f7c0:   000000001685f858 000000001685f830
0x000000001685f7d0:   0000000000000001 000000001e600ae8
0x000000001685f7e0:   72616c6365446369 000000006f2053b3
0x000000001685f7f0:   000000001685f920 0000000000000001
0x000000001685f800:   0000000000000001 000000001e600ae8
0x000000001685f810:   00000000f000100a 0000000000000000
0x000000001685f820:   0000000000000000 0000000000000000
0x000000001685f830:   0000000000000001 000000006f205571 

Instructions: (pc=0x000000006f3972f5)
0x000000006f3972d5:   cc cc cc cc cc cc cc cc cc cc cc 48 83 ec 28 48
0x000000006f3972e5:   85 c9 75 07 33 c0 48 83 c4 28 c3 48 89 5c 24 20
0x000000006f3972f5:   48 8b 19 48 85 db 74 20 48 83 fb 37 74 1a 48 8b
0x000000006f397305:   13 48 8b cb ff 52 08 84 c0 74 0d 48 8b c3 48 8b 


Register to memory mapping:

RAX=0x000000001685f701 is pointing into the stack for thread: 0x000000001520f000
RBX=0x000000001520f000 is a thread
RCX=0x72616c6365446369 is an unknown value
RDX=0x0000000000000000 is an unknown value
RSP=0x000000001685f740 is pointing into the stack for thread: 0x000000001520f000
RBP=0x72616c6365446369 is an unknown value
RSI=0x000000001685f858 is pointing into the stack for thread: 0x000000001520f000
RDI=0x00000000029f8250 is an unknown value
R8 =0x000000001520f000 is a thread
R9 =0x0000000000008000 is an unknown value
R10=0x0000000000000000 is an unknown value
R11=0x000000001685fa65 is pointing into the stack for thread: 0x000000001520f000
R12=0x0000000000000000 is an unknown value
R13=0x000000001520fb28 is an unknown value
R14=0x0000000000000000 is an unknown value
R15=0x0000000000000000 is an unknown value


Stack: [0x0000000016760000,0x0000000016860000],  sp=0x000000001685f740,  free space=1021k
Native frames: (J=compiled Java code, j=interpreted, Vv=VM code, C=native code)
V  [jvm.dll+0x1172f5]
V  [jvm.dll+0x3268ad]
C  [jdwp.dll+0x21a09]
C  [jdwp.dll+0x53b3]
C  [jdwp.dll+0x5571]
C  [jdwp.dll+0xf09c]
C  [jdwp.dll+0x1f2c9]
C  [jdwp.dll+0x1f412]
V  [jvm.dll+0x1a7128]
V  [jvm.dll+0x2232c4]
V  [jvm.dll+0x27baca]
C  [msvcr100.dll+0x21d9f]
C  [msvcr100.dll+0x21e3b]
C  [KERNEL32.DLL+0x16ad]
C  [ntdll.dll+0x734a5]


---------------  P R O C E S S  ---------------

Java Threads: ( => current thread )
  0x000000001937a000 JavaThread "play-internal-execution-context-2" daemon [_thread_blocked, id=4100, stack(0x0000000025c30000,0x0000000025d30000)]
  0x000000001b339800 JavaThread "Timer-0" [_thread_blocked, id=2920, stack(0x0000000025d50000,0x0000000025e50000)]
  0x000000001b337800 JavaThread "play-akka.actor.default-dispatcher-2" [_thread_blocked, id=2908, stack(0x0000000023600000,0x0000000023700000)]
  0x0000000018aec000 JavaThread "play-scheduler-1" [_thread_blocked, id=2724, stack(0x0000000023080000,0x0000000023180000)]
  0x0000000018aec800 JavaThread "net.sf.ehcache.CacheManager@453fc61c" daemon [_thread_blocked, id=4504, stack(0x00000000219f0000,0x0000000021af0000)]
  0x0000000018aea800 JavaThread "BoneCP-pool-watch-thread" daemon [_thread_blocked, id=3956, stack(0x00000000209f0000,0x0000000020af0000)]
  0x0000000018aeb000 JavaThread "BoneCP-max-alive-scheduler" daemon [_thread_blocked, id=5396, stack(0x000000001ece0000,0x000000001ede0000)]
  0x0000000018ae9000 JavaThread "BoneCP-keep-alive-scheduler" daemon [_thread_blocked, id=4688, stack(0x000000001abf0000,0x000000001acf0000)]
  0x0000000018ae4800 JavaThread "New I/O server boss #9" [_thread_in_native, id=204, stack(0x00000000208f0000,0x00000000209f0000)]
  0x0000000018ae7800 JavaThread "New I/O worker #8" [_thread_in_native, id=2820, stack(0x00000000205f0000,0x00000000206f0000)]
  0x0000000018ae6800 JavaThread "New I/O worker #7" [_thread_in_native, id=4816, stack(0x00000000204f0000,0x00000000205f0000)]
  0x0000000018ae3000 JavaThread "New I/O worker #6" [_thread_in_native, id=3632, stack(0x00000000203f0000,0x00000000204f0000)]
  0x0000000018ae3800 JavaThread "New I/O worker #5" [_thread_in_native, id=3756, stack(0x00000000202f0000,0x00000000203f0000)]
  0x0000000018ae6000 JavaThread "New I/O worker #4" [_thread_in_native, id=5588, stack(0x00000000201f0000,0x00000000202f0000)]
  0x0000000018adf000 JavaThread "New I/O worker #3" [_thread_in_native, id=2496, stack(0x00000000200f0000,0x00000000201f0000)]
  0x0000000018ae2000 JavaThread "New I/O worker #2" [_thread_in_native, id=4896, stack(0x000000001fff0000,0x00000000200f0000)]
  0x0000000018ae1800 JavaThread "New I/O worker #1" [_thread_in_native, id=5916, stack(0x000000001fef0000,0x000000001fff0000)]
  0x0000000018ae0000 JavaThread "sbt-play-watch-service" daemon [_thread_blocked, id=3548, stack(0x000000001fbf0000,0x000000001fcf0000)]
  0x0000000018ae0800 JavaThread "Thread-1" daemon [_thread_in_native, id=2808, stack(0x000000001faf0000,0x000000001fbf0000)]
  0x000000001b338000 JavaThread "pool-4-thread-3" [_thread_in_native, id=672, stack(0x000000001f4f0000,0x000000001f5f0000)]
  0x000000001b333000 JavaThread "sbt-web-akka.actor.default-dispatcher-5" [_thread_blocked, id=3116, stack(0x000000001eff0000,0x000000001f0f0000)]
  0x000000001b333800 JavaThread "sbt-web-scheduler-1" [_thread_blocked, id=4464, stack(0x000000001edf0000,0x000000001eef0000)]
  0x0000000016da1800 JavaThread "Service Thread" daemon [_thread_blocked, id=4380, stack(0x0000000017160000,0x0000000017260000)]
  0x0000000015231800 JavaThread "C1 CompilerThread2" daemon [_thread_blocked, id=3052, stack(0x0000000016c60000,0x0000000016d60000)]
  0x000000001522c800 JavaThread "C2 CompilerThread1" daemon [_thread_blocked, id=3304, stack(0x0000000016b60000,0x0000000016c60000)]
  0x0000000015227800 JavaThread "C2 CompilerThread0" daemon [_thread_blocked, id=1728, stack(0x0000000016a60000,0x0000000016b60000)]
  0x000000001521b800 JavaThread "JDWP Command Reader" daemon [_thread_in_native, id=1480, stack(0x0000000016960000,0x0000000016a60000)]
  0x0000000015215800 JavaThread "JDWP Event Helper Thread" daemon [_thread_blocked, id=4352, stack(0x0000000016860000,0x0000000016960000)]
=>0x000000001520f000 JavaThread "JDWP Transport Listener: dt_socket" daemon [_thread_in_vm, id=4104, stack(0x0000000016760000,0x0000000016860000)]
  0x00000000151fe000 JavaThread "Attach Listener" daemon [_thread_blocked, id=3096, stack(0x0000000016660000,0x0000000016760000)]
  0x00000000151fd000 JavaThread "Signal Dispatcher" daemon [_thread_blocked, id=2208, stack(0x0000000016560000,0x0000000016660000)]
  0x0000000002bf8000 JavaThread "Finalizer" daemon [_thread_blocked, id=3708, stack(0x0000000016460000,0x0000000016560000)]
  0x00000000151c8000 JavaThread "Reference Handler" daemon [_thread_blocked, id=4856, stack(0x0000000016360000,0x0000000016460000)]
  0x0000000002b02800 JavaThread "main" [_thread_blocked, id=32, stack(0x0000000002a00000,0x0000000002b00000)]

Other Threads:
  0x00000000151c7000 VMThread [stack: 0x0000000016260000,0x0000000016360000] [id=4524]
  0x0000000016da4000 WatcherThread [stack: 0x0000000017260000,0x0000000017360000] [id=5908]

VM state:not at safepoint (normal execution)

VM Mutex/Monitor currently owned by a thread: None

Heap:
 PSYoungGen      total 92672K, used 66284K [0x00000000eb200000, 0x00000000f3700000, 0x0000000100000000)
  eden space 58880K, 61% used [0x00000000eb200000,0x00000000ed56cdd0,0x00000000eeb80000)
  from space 33792K, 88% used [0x00000000eeb80000,0x00000000f08ce5b0,0x00000000f0c80000)
  to   space 37888K, 0% used [0x00000000f1200000,0x00000000f1200000,0x00000000f3700000)
 ParOldGen       total 76288K, used 62271K [0x00000000c1600000, 0x00000000c6080000, 0x00000000eb200000)
  object space 76288K, 81% used [0x00000000c1600000,0x00000000c52cfec0,0x00000000c6080000)
 Metaspace       used 107857K, capacity 108894K, committed 109312K, reserved 1140736K
  class space    used 18629K, capacity 18928K, committed 18944K, reserved 1048576K

Card table byte_map: [0x0000000011fc0000,0x00000000121c0000] byte_map_base: 0x00000000119b5000

Marking Bits: (ParMarkBitMap*) 0x000000006fa313b0
 Begin Bits: [0x0000000012710000, 0x00000000136b8000)
 End Bits:   [0x00000000136b8000, 0x0000000014660000)

Polling page: 0x0000000000fa0000

CodeCache: size=245760Kb used=44296Kb max_used=46665Kb free=201463Kb
 bounds [0x0000000002c00000, 0x00000000059c0000, 0x0000000011c00000]
 total_blobs=13533 nmethods=12961 adapters=487
 compilation: enabled

Compilation events (10 events):
Event: 593.834 Thread 0x0000000015231800 15721       3       com.mysql.jdbc.util.ReadAheadInputStream::fill (284 bytes)
Event: 593.842 Thread 0x0000000015231800 nmethod 15721 0x0000000003a7cfd0 code [0x0000000003a7d460, 0x0000000003a80d38]
Event: 594.302 Thread 0x0000000015231800 15722       1       com.mysql.jdbc.ConnectionPropertiesImpl::getCacheResultSetMetadata (5 bytes)
Event: 594.302 Thread 0x0000000015231800 nmethod 15722 0x0000000002e04250 code [0x0000000002e043a0, 0x0000000002e044b0]
Event: 602.804 Thread 0x0000000015231800 15723       1       com.mysql.jdbc.ConnectionPropertiesImpl::getHighAvailability (5 bytes)
Event: 602.804 Thread 0x0000000015231800 nmethod 15723 0x0000000002e03f50 code [0x0000000002e040a0, 0x0000000002e041b0]
Event: 603.160 Thread 0x0000000015231800 15724       1       com.jolbox.bonecp.ConnectionHandle::getOriginatingPartition (5 bytes)
Event: 603.160 Thread 0x0000000015231800 nmethod 15724 0x0000000002f55710 code [0x0000000002f55860, 0x0000000002f55970]
Event: 603.179 Thread 0x0000000015231800 15725       1       com.jolbox.bonecp.ConnectionHandle::isPossiblyBroken (5 bytes)
Event: 603.179 Thread 0x0000000015231800 nmethod 15725 0x0000000002fe8ad0 code [0x0000000002fe8c20, 0x0000000002fe8d30]

GC Heap History (10 events):
Event: 73.009 GC heap before
{Heap before GC invocations=38 (full 3):
 PSYoungGen      total 83968K, used 73539K [0x00000000eb200000, 0x00000000f1c00000, 0x0000000100000000)
  eden space 60928K, 100% used [0x00000000eb200000,0x00000000eed80000,0x00000000eed80000)
  from space 23040K, 54% used [0x00000000f0480000,0x00000000f10d0e80,0x00000000f1b00000)
  to   space 23552K, 0% used [0x00000000eed80000,0x00000000eed80000,0x00000000f0480000)
 ParOldGen       total 76288K, used 62231K [0x00000000c1600000, 0x00000000c6080000, 0x00000000eb200000)
  object space 76288K, 81% used [0x00000000c1600000,0x00000000c52c5ec0,0x00000000c6080000)
 Metaspace       used 83450K, capacity 84128K, committed 84480K, reserved 1118208K
  class space    used 15088K, capacity 15296K, committed 15360K, reserved 1048576K
Event: 73.036 GC heap after
Heap after GC invocations=38 (full 3):
 PSYoungGen      total 84480K, used 17101K [0x00000000eb200000, 0x00000000f2080000, 0x0000000100000000)
  eden space 60928K, 0% used [0x00000000eb200000,0x00000000eb200000,0x00000000eed80000)
  from space 23552K, 72% used [0x00000000eed80000,0x00000000efe33768,0x00000000f0480000)
  to   space 25088K, 0% used [0x00000000f0800000,0x00000000f0800000,0x00000000f2080000)
 ParOldGen       total 76288K, used 62239K [0x00000000c1600000, 0x00000000c6080000, 0x00000000eb200000)
  object space 76288K, 81% used [0x00000000c1600000,0x00000000c52c7ec0,0x00000000c6080000)
 Metaspace       used 83450K, capacity 84128K, committed 84480K, reserved 1118208K
  class space    used 15088K, capacity 15296K, committed 15360K, reserved 1048576K
}
Event: 80.165 GC heap before
{Heap before GC invocations=39 (full 3):
 PSYoungGen      total 84480K, used 78029K [0x00000000eb200000, 0x00000000f2080000, 0x0000000100000000)
  eden space 60928K, 100% used [0x00000000eb200000,0x00000000eed80000,0x00000000eed80000)
  from space 23552K, 72% used [0x00000000eed80000,0x00000000efe33768,0x00000000f0480000)
  to   space 25088K, 0% used [0x00000000f0800000,0x00000000f0800000,0x00000000f2080000)
 ParOldGen       total 76288K, used 62239K [0x00000000c1600000, 0x00000000c6080000, 0x00000000eb200000)
  object space 76288K, 81% used [0x00000000c1600000,0x00000000c52c7ec0,0x00000000c6080000)
 Metaspace       used 86882K, capacity 87648K, committed 88064K, reserved 1122304K
  class space    used 15508K, capacity 15744K, committed 15872K, reserved 1048576K
Event: 80.217 GC heap after
Heap after GC invocations=39 (full 3):
 PSYoungGen      total 85504K, used 21020K [0x00000000eb200000, 0x00000000f2580000, 0x0000000100000000)
  eden space 60416K, 0% used [0x00000000eb200000,0x00000000eb200000,0x00000000eed00000)
  from space 25088K, 83% used [0x00000000f0800000,0x00000000f1c872e8,0x00000000f2080000)
  to   space 27648K, 0% used [0x00000000eed00000,0x00000000eed00000,0x00000000f0800000)
 ParOldGen       total 76288K, used 62247K [0x00000000c1600000, 0x00000000c6080000, 0x00000000eb200000)
  object space 76288K, 81% used [0x00000000c1600000,0x00000000c52c9ec0,0x00000000c6080000)
 Metaspace       used 86882K, capacity 87648K, committed 88064K, reserved 1122304K
  class space    used 15508K, capacity 15744K, committed 15872K, reserved 1048576K
}
Event: 90.492 GC heap before
{Heap before GC invocations=40 (full 3):
 PSYoungGen      total 85504K, used 81436K [0x00000000eb200000, 0x00000000f2580000, 0x0000000100000000)
  eden space 60416K, 100% used [0x00000000eb200000,0x00000000eed00000,0x00000000eed00000)
  from space 25088K, 83% used [0x00000000f0800000,0x00000000f1c872e8,0x00000000f2080000)
  to   space 27648K, 0% used [0x00000000eed00000,0x00000000eed00000,0x00000000f0800000)
 ParOldGen       total 76288K, used 62247K [0x00000000c1600000, 0x00000000c6080000, 0x00000000eb200000)
  object space 76288K, 81% used [0x00000000c1600000,0x00000000c52c9ec0,0x00000000c6080000)
 Metaspace       used 89766K, capacity 90672K, committed 91136K, reserved 1124352K
  class space    used 16038K, capacity 16368K, committed 16384K, reserved 1048576K
Event: 90.529 GC heap after
Heap after GC invocations=40 (full 3):
 PSYoungGen      total 88064K, used 23817K [0x00000000eb200000, 0x00000000f2a80000, 0x0000000100000000)
  eden space 60416K, 0% used [0x00000000eb200000,0x00000000eb200000,0x00000000eed00000)
  from space 27648K, 86% used [0x00000000eed00000,0x00000000f04425c8,0x00000000f0800000)
  to   space 30720K, 0% used [0x00000000f0c80000,0x00000000f0c80000,0x00000000f2a80000)
 ParOldGen       total 76288K, used 62255K [0x00000000c1600000, 0x00000000c6080000, 0x00000000eb200000)
  object space 76288K, 81% used [0x00000000c1600000,0x00000000c52cbec0,0x00000000c6080000)
 Metaspace       used 89766K, capacity 90672K, committed 91136K, reserved 1124352K
  class space    used 16038K, capacity 16368K, committed 16384K, reserved 1048576K
}
Event: 94.944 GC heap before
{Heap before GC invocations=41 (full 3):
 PSYoungGen      total 88064K, used 84233K [0x00000000eb200000, 0x00000000f2a80000, 0x0000000100000000)
  eden space 60416K, 100% used [0x00000000eb200000,0x00000000eed00000,0x00000000eed00000)
  from space 27648K, 86% used [0x00000000eed00000,0x00000000f04425c8,0x00000000f0800000)
  to   space 30720K, 0% used [0x00000000f0c80000,0x00000000f0c80000,0x00000000f2a80000)
 ParOldGen       total 76288K, used 62255K [0x00000000c1600000, 0x00000000c6080000, 0x00000000eb200000)
  object space 76288K, 81% used [0x00000000c1600000,0x00000000c52cbec0,0x00000000c6080000)
 Metaspace       used 92316K, capacity 93182K, committed 93568K, reserved 1126400K
  class space    used 16494K, capacity 16757K, committed 16768K, reserved 1048576K
Event: 94.980 GC heap after
Heap after GC invocations=41 (full 3):
 PSYoungGen      total 89600K, used 24352K [0x00000000eb200000, 0x00000000f3100000, 0x0000000100000000)
  eden space 58880K, 0% used [0x00000000eb200000,0x00000000eb200000,0x00000000eeb80000)
  from space 30720K, 79% used [0x00000000f0c80000,0x00000000f2448180,0x00000000f2a80000)
  to   space 33792K, 0% used [0x00000000eeb80000,0x00000000eeb80000,0x00000000f0c80000)
 ParOldGen       total 76288K, used 62263K [0x00000000c1600000, 0x00000000c6080000, 0x00000000eb200000)
  object space 76288K, 81% used [0x00000000c1600000,0x00000000c52cdec0,0x00000000c6080000)
 Metaspace       used 92316K, capacity 93182K, committed 93568K, reserved 1126400K
  class space    used 16494K, capacity 16757K, committed 16768K, reserved 1048576K
}
Event: 111.230 GC heap before
{Heap before GC invocations=42 (full 3):
 PSYoungGen      total 89600K, used 83232K [0x00000000eb200000, 0x00000000f3100000, 0x0000000100000000)
  eden space 58880K, 100% used [0x00000000eb200000,0x00000000eeb80000,0x00000000eeb80000)
  from space 30720K, 79% used [0x00000000f0c80000,0x00000000f2448180,0x00000000f2a80000)
  to   space 33792K, 0% used [0x00000000eeb80000,0x00000000eeb80000,0x00000000f0c80000)
 ParOldGen       total 76288K, used 62263K [0x00000000c1600000, 0x00000000c6080000, 0x00000000eb200000)
  object space 76288K, 81% used [0x00000000c1600000,0x00000000c52cdec0,0x00000000c6080000)
 Metaspace       used 103052K, capacity 103976K, committed 104320K, reserved 1134592K
  class space    used 17899K, capacity 18177K, committed 18304K, reserved 1048576K
Event: 111.280 GC heap after
Heap after GC invocations=42 (full 3):
 PSYoungGen      total 92672K, used 30009K [0x00000000eb200000, 0x00000000f3700000, 0x0000000100000000)
  eden space 58880K, 0% used [0x00000000eb200000,0x00000000eb200000,0x00000000eeb80000)
  from space 33792K, 88% used [0x00000000eeb80000,0x00000000f08ce5b0,0x00000000f0c80000)
  to   space 37888K, 0% used [0x00000000f1200000,0x00000000f1200000,0x00000000f3700000)
 ParOldGen       total 76288K, used 62271K [0x00000000c1600000, 0x00000000c6080000, 0x00000000eb200000)
  object space 76288K, 81% used [0x00000000c1600000,0x00000000c52cfec0,0x00000000c6080000)
 Metaspace       used 103052K, capacity 103976K, committed 104320K, reserved 1134592K
  class space    used 17899K, capacity 18177K, committed 18304K, reserved 1048576K
}

Deoptimization events (10 events):
Event: 364.701 Thread 0x000000001937c800 Uncommon trap: reason=range_check action=none pc=0x0000000003954a5c method=sun.reflect.generics.parser.SignatureParser.current()C @ 34
Event: 364.709 Thread 0x000000001937c800 Uncommon trap: reason=range_check action=none pc=0x0000000003954a5c method=sun.reflect.generics.parser.SignatureParser.current()C @ 34
Event: 364.710 Thread 0x000000001937c800 Uncommon trap: reason=unhandled action=none pc=0x0000000003a7afb0 method=java.lang.ClassLoader.findClass(Ljava/lang/String;)Ljava/lang/Class; @ 8
Event: 364.711 Thread 0x000000001937c800 Uncommon trap: reason=unhandled action=none pc=0x0000000003a7afb0 method=java.lang.ClassLoader.findClass(Ljava/lang/String;)Ljava/lang/Class; @ 8
Event: 364.712 Thread 0x000000001937c800 Uncommon trap: reason=range_check action=none pc=0x0000000003954a5c method=sun.reflect.generics.parser.SignatureParser.current()C @ 34
Event: 364.713 Thread 0x000000001937c800 Uncommon trap: reason=unhandled action=none pc=0x0000000003a7afb0 method=java.lang.ClassLoader.findClass(Ljava/lang/String;)Ljava/lang/Class; @ 8
Event: 364.714 Thread 0x000000001937c800 Uncommon trap: reason=unhandled action=none pc=0x0000000003a7afb0 method=java.lang.ClassLoader.findClass(Ljava/lang/String;)Ljava/lang/Class; @ 8
Event: 586.182 Thread 0x0000000018ae0000 Uncommon trap: reason=unhandled action=none pc=0x000000000365f524 method=xsbt.boot.BootFilteredLoader.loadClass(Ljava/lang/String;Z)Ljava/lang/Class; @ 44
Event: 586.187 Thread 0x0000000018ae0000 Uncommon trap: reason=unhandled action=none pc=0x000000000365f524 method=xsbt.boot.BootFilteredLoader.loadClass(Ljava/lang/String;Z)Ljava/lang/Class; @ 44
Event: 586.194 Thread 0x0000000018ae0000 Uncommon trap: reason=unhandled action=none pc=0x0000000003a7afb0 method=java.lang.ClassLoader.findClass(Ljava/lang/String;)Ljava/lang/Class; @ 8

Internal exceptions (10 events):
Event: 364.713 Thread 0x000000001937c800 Exception <a 'java/lang/ArrayIndexOutOfBoundsException': 63> (0x00000000ed154a78) thrown at [D:\re\workspace\8-2-build-windows-amd64-cygwin\jdk8u5\2488\hotspot\src\share\vm\interpreter\interpreterRuntime.cpp, line 337]
Event: 364.713 Thread 0x000000001937c800 Exception <a 'java/security/PrivilegedActionException'> (0x00000000ed155ca0) thrown at [D:\re\workspace\8-2-build-windows-amd64-cygwin\jdk8u5\2488\hotspot\src\share\vm\prims\jvm.cpp, line 1248]
Event: 364.714 Thread 0x000000001937c800 Exception <a 'java/security/PrivilegedActionException'> (0x00000000ed15c700) thrown at [D:\re\workspace\8-2-build-windows-amd64-cygwin\jdk8u5\2488\hotspot\src\share\vm\prims\jvm.cpp, line 1248]
Event: 586.183 Thread 0x0000000018ae0000 Exception <a 'java/security/PrivilegedActionException'> (0x00000000ed43df18) thrown at [D:\re\workspace\8-2-build-windows-amd64-cygwin\jdk8u5\2488\hotspot\src\share\vm\prims\jvm.cpp, line 1248]
Event: 586.188 Thread 0x0000000018ae0000 Exception <a 'java/security/PrivilegedActionException'> (0x00000000ed4454a0) thrown at [D:\re\workspace\8-2-build-windows-amd64-cygwin\jdk8u5\2488\hotspot\src\share\vm\prims\jvm.cpp, line 1248]
Event: 586.193 Thread 0x0000000018ae0000 Exception <a 'java/security/PrivilegedActionException'> (0x00000000ed44c360) thrown at [D:\re\workspace\8-2-build-windows-amd64-cygwin\jdk8u5\2488\hotspot\src\share\vm\prims\jvm.cpp, line 1248]
Event: 586.194 Thread 0x0000000018ae0000 Exception <a 'java/security/PrivilegedActionException'> (0x00000000ed44ca10) thrown at [D:\re\workspace\8-2-build-windows-amd64-cygwin\jdk8u5\2488\hotspot\src\share\vm\prims\jvm.cpp, line 1248]
Event: 586.195 Thread 0x0000000018ae0000 Exception <a 'java/security/PrivilegedActionException'> (0x00000000ed44d278) thrown at [D:\re\workspace\8-2-build-windows-amd64-cygwin\jdk8u5\2488\hotspot\src\share\vm\prims\jvm.cpp, line 1248]
Event: 586.196 Thread 0x0000000018ae0000 Exception <a 'java/security/PrivilegedActionException'> (0x00000000ed44e068) thrown at [D:\re\workspace\8-2-build-windows-amd64-cygwin\jdk8u5\2488\hotspot\src\share\vm\prims\jvm.cpp, line 1248]
Event: 586.202 Thread 0x0000000018ae0000 Exception <a 'java/security/PrivilegedActionException'> (0x00000000ed452bf8) thrown at [D:\re\workspace\8-2-build-windows-amd64-cygwin\jdk8u5\2488\hotspot\src\share\vm\prims\jvm.cpp, line 1248]

Events (10 events):
Event: 594.302 Thread 0x0000000015231800 flushing nmethod 0x0000000002ecec90
Event: 594.302 Thread 0x0000000015231800 flushing nmethod 0x0000000002edad10
Event: 594.303 Thread 0x0000000015231800 flushing nmethod 0x0000000002f555d0
Event: 594.305 Thread 0x0000000015231800 flushing nmethod 0x0000000002fe88d0
Event: 594.306 Thread 0x0000000015231800 flushing nmethod 0x00000000030631d0
Event: 603.159 Executing VM operation: BulkRevokeBias
Event: 603.160 Executing VM operation: BulkRevokeBias done
Event: 603.181 Thread 0x0000000015231800 flushing nmethod 0x00000000036203d0
Event: 623.825 Executing VM operation: RedefineClasses
Event: 624.334 Executing VM operation: RedefineClasses done


Dynamic libraries:
0x00007ff74b3f0000 - 0x00007ff74b424000 	C:\Program Files\Java\jdk1.8.0_05\bin\java.exe
0x00007ffc5fd60000 - 0x00007ffc5ff0a000 	C:\WINDOWS\SYSTEM32\ntdll.dll
0x00007ffc5f280000 - 0x00007ffc5f3ba000 	C:\WINDOWS\system32\KERNEL32.DLL
0x00007ffc5d1f0000 - 0x00007ffc5d2ff000 	C:\WINDOWS\system32\KERNELBASE.dll
0x00007ffc5bd00000 - 0x00007ffc5bd88000 	C:\WINDOWS\system32\apphelp.dll
0x00007ffc548c0000 - 0x00007ffc5490f000 	C:\WINDOWS\AppPatch\AppPatch64\AcGenral.DLL
0x00007ffc5f3e0000 - 0x00007ffc5f487000 	C:\WINDOWS\system32\msvcrt.dll
0x00007ffc5ceb0000 - 0x00007ffc5cedb000 	C:\WINDOWS\SYSTEM32\SspiCli.dll
0x00007ffc5fba0000 - 0x00007ffc5fbf1000 	C:\WINDOWS\system32\SHLWAPI.dll
0x00007ffc5f5e0000 - 0x00007ffc5f751000 	C:\WINDOWS\system32\USER32.dll
0x00007ffc5ef60000 - 0x00007ffc5f0d8000 	C:\WINDOWS\system32\ole32.dll
0x00007ffc5d5e0000 - 0x00007ffc5ea00000 	C:\WINDOWS\system32\SHELL32.dll
0x00007ffc5ca90000 - 0x00007ffc5caae000 	C:\WINDOWS\SYSTEM32\USERENV.dll
0x00007ffc5fae0000 - 0x00007ffc5fb85000 	C:\WINDOWS\system32\ADVAPI32.dll
0x00007ffc59080000 - 0x00007ffc5909b000 	C:\WINDOWS\SYSTEM32\MPR.dll
0x00007ffc5f760000 - 0x00007ffc5f897000 	C:\WINDOWS\system32\RPCRT4.dll
0x00007ffc5f220000 - 0x00007ffc5f277000 	C:\WINDOWS\SYSTEM32\sechost.dll
0x00007ffc5f900000 - 0x00007ffc5fad6000 	C:\WINDOWS\SYSTEM32\combase.dll
0x00007ffc5f490000 - 0x00007ffc5f5d4000 	C:\WINDOWS\system32\GDI32.dll
0x00007ffc5d0d0000 - 0x00007ffc5d0e4000 	C:\WINDOWS\SYSTEM32\profapi.dll
0x00007ffc5b7f0000 - 0x00007ffc5b88f000 	C:\WINDOWS\SYSTEM32\SHCORE.dll
0x00007ffc5f8a0000 - 0x00007ffc5f8d4000 	C:\WINDOWS\system32\IMM32.DLL
0x00007ffc5f0e0000 - 0x00007ffc5f219000 	C:\WINDOWS\system32\MSCTF.dll
0x00007ffc5a9c0000 - 0x00007ffc5ac1a000 	C:\WINDOWS\WinSxS\amd64_microsoft.windows.common-controls_6595b64144ccf1df_6.0.9600.17031_none_6242a4b3ecbb55a1\COMCTL32.dll
0x000000006fab0000 - 0x000000006fb82000 	C:\Program Files\Java\jdk1.8.0_05\jre\bin\msvcr100.dll
0x000000006f280000 - 0x000000006faaa000 	C:\Program Files\Java\jdk1.8.0_05\jre\bin\server\jvm.dll
0x00007ffc57660000 - 0x00007ffc57669000 	C:\WINDOWS\SYSTEM32\WSOCK32.dll
0x00007ffc5a540000 - 0x00007ffc5a55f000 	C:\WINDOWS\SYSTEM32\WINMM.dll
0x00007ffc5f8f0000 - 0x00007ffc5f8f7000 	C:\WINDOWS\system32\PSAPI.DLL
0x00007ffc5ea60000 - 0x00007ffc5eab8000 	C:\WINDOWS\system32\WS2_32.dll
0x00007ffc5a4e0000 - 0x00007ffc5a50a000 	C:\WINDOWS\SYSTEM32\WINMMBASE.dll
0x00007ffc5f8e0000 - 0x00007ffc5f8e9000 	C:\WINDOWS\system32\NSI.dll
0x00007ffc5d3b0000 - 0x00007ffc5d3fa000 	C:\WINDOWS\SYSTEM32\cfgmgr32.dll
0x00007ffc5bf60000 - 0x00007ffc5bf86000 	C:\WINDOWS\SYSTEM32\DEVOBJ.dll
0x000000006f270000 - 0x000000006f27f000 	C:\Program Files\Java\jdk1.8.0_05\jre\bin\verify.dll
0x000000006f240000 - 0x000000006f268000 	C:\Program Files\Java\jdk1.8.0_05\jre\bin\java.dll
0x000000006f200000 - 0x000000006f235000 	C:\Program Files\Java\jdk1.8.0_05\jre\bin\jdwp.dll
0x000000006f1f0000 - 0x000000006f1f8000 	C:\Program Files\Java\jdk1.8.0_05\jre\bin\npt.dll
0x000000006f1d0000 - 0x000000006f1e6000 	C:\Program Files\Java\jdk1.8.0_05\jre\bin\zip.dll
0x000000006f1c0000 - 0x000000006f1c9000 	C:\Program Files\Java\jdk1.8.0_05\jre\bin\dt_socket.dll
0x00007ffc5c910000 - 0x00007ffc5c968000 	C:\WINDOWS\system32\mswsock.dll
0x000000006f1a0000 - 0x000000006f1ba000 	C:\Program Files\Java\jdk1.8.0_05\jre\bin\net.dll
0x000000006f180000 - 0x000000006f191000 	C:\Program Files\Java\jdk1.8.0_05\jre\bin\nio.dll
0x00007ffc5cab0000 - 0x00007ffc5cace000 	C:\WINDOWS\SYSTEM32\CRYPTSP.dll
0x00007ffc5c550000 - 0x00007ffc5c585000 	C:\WINDOWS\system32\rsaenh.dll
0x00007ffc5cbc0000 - 0x00007ffc5cbe6000 	C:\WINDOWS\SYSTEM32\bcrypt.dll
0x00007ffc5cee0000 - 0x00007ffc5cf40000 	C:\WINDOWS\system32\bcryptprimitives.dll
0x00007ffc5cf40000 - 0x00007ffc5cf4a000 	C:\WINDOWS\SYSTEM32\CRYPTBASE.dll
0x00007ffc58c30000 - 0x00007ffc58c59000 	C:\WINDOWS\SYSTEM32\IPHLPAPI.DLL
0x00007ffc58b50000 - 0x00007ffc58b5a000 	C:\WINDOWS\SYSTEM32\WINNSI.DLL
0x00007ffc58490000 - 0x00007ffc584a4000 	C:\WINDOWS\SYSTEM32\dhcpcsvc6.DLL
0x00007ffc58c00000 - 0x00007ffc58c19000 	C:\WINDOWS\SYSTEM32\dhcpcsvc.DLL
0x00007ffc59400000 - 0x00007ffc5940a000 	C:\Users\yonatan\AppData\Local\Temp\jansi-64-1-2385486476727022891.11
0x00007ffc54e60000 - 0x00007ffc54e74000 	C:\WINDOWS\system32\napinsp.dll
0x00007ffc54e80000 - 0x00007ffc54e99000 	C:\WINDOWS\system32\pnrpnsp.dll
0x00007ffc5b070000 - 0x00007ffc5b089000 	C:\WINDOWS\system32\NLAapi.dll
0x00007ffc5c760000 - 0x00007ffc5c803000 	C:\WINDOWS\SYSTEM32\DNSAPI.dll
0x00007ffc54f40000 - 0x00007ffc54f4c000 	C:\WINDOWS\System32\winrnr.dll
0x00007ffc54ea0000 - 0x00007ffc54eb3000 	C:\WINDOWS\system32\wshbth.dll
0x00007ffc55c80000 - 0x00007ffc55c89000 	C:\Windows\System32\rasadhlp.dll
0x00007ffc58780000 - 0x00007ffc587e8000 	C:\WINDOWS\System32\fwpuclnt.dll
0x000000006f080000 - 0x000000006f0a4000 	C:\Program Files\Java\jdk1.8.0_05\jre\bin\sunec.dll
0x00007ffc5a630000 - 0x00007ffc5a7b8000 	C:\WINDOWS\SYSTEM32\dbghelp.dll

VM Arguments:
jvm_args: -Xdebug -Xrunjdwp:transport=dt_socket,server=y,suspend=y,address=9999 -XX:MetaspaceSize=64M -XX:MaxMetaspaceSize=256M -Dactivator.home=//C:/Users/yonatan/Dropbox/projectsGitH/gymwer 
java_command: C:\Users\yonatan\Dropbox\projectsGitH\gymwer\activator-launch-1.2.3.jar run
java_class_path (initial): C:\Users\yonatan\Dropbox\projectsGitH\gymwer\activator-launch-1.2.3.jar
Launcher Type: SUN_STANDARD

Environment Variables:
JAVA_HOME=C:\Program Files\Java\jdk1.8.0_05
PATH=C:\WINDOWS\system32;C:\WINDOWS;C:\WINDOWS\System32\Wbem;C:\WINDOWS\System32\WindowsPowerShell\v1.0\;C:\Program Files (x86)\Heroku\bin;C:\Program Files (x86)\git\cmd;C:\Program Files\Java\jdk1.8.0_05\bin;C:\Program Files\Microsoft SQL Server\110\Tools\Binn\;C:\Program Files\Microsoft\Web Platform Installer\;C:\Program Files (x86)\Microsoft SDKs\TypeScript\1.0\;C:\Program Files (x86)\nodejs\;C:\Program Files (x86)\Windows Kits\8.1\Windows Performance Toolkit\;C:\Ruby200-x64\bin;C:\Users\yonatan\AppData\Roaming\npm
USERNAME=yonatan
OS=Windows_NT
PROCESSOR_IDENTIFIER=Intel64 Family 6 Model 42 Stepping 7, GenuineIntel



---------------  S Y S T E M  ---------------

OS: Windows 8.1 , 64 bit Build 9600 

CPU:total 4 (2 cores per cpu, 2 threads per core) family 6 model 42 stepping 7, cmov, cx8, fxsr, mmx, sse, sse2, sse3, ssse3, sse4.1, sse4.2, popcnt, avx, clmul, ht, tsc, tscinvbit

Memory: 4k page, physical 4097164k(1045936k free), swap 8291468k(4220184k free)

vm_info: Java HotSpot(TM) 64-Bit Server VM (25.5-b02) for windows-amd64 JRE (1.8.0_05-b13), built on Mar 18 2014 01:08:39 by "java_re" with MS VC++ 10.0 (VS2010)

time: Fri Aug 15 01:06:36 2014
elapsed time: 624 seconds

