#
# A fatal error has been detected by the Java Runtime Environment:
#
#  EXCEPTION_ACCESS_VIOLATION (0xc0000005) at pc=0x000000006f3972f5, pid=2248, tid=5760
#
# JRE version: Java(TM) SE Runtime Environment (8.0_05-b13) (build 1.8.0_05-b13)
# Java VM: Java HotSpot(TM) 64-Bit Server VM (25.5-b02 mixed mode windows-amd64 compressed oops)
# Problematic frame:
# V  [jvm.dll+0x1172f5]
#
# Failed to write core dump. Minidumps are not enabled by default on client versions of Windows
#
# If you would like to submit a bug report, please visit:
#   http://bugreport.sun.com/bugreport/crash.jsp
#

---------------  T H R E A D  ---------------

Current thread (0x00000000149ee800):  JavaThread "JDWP Transport Listener: dt_socket" daemon [_thread_in_vm, id=5760, stack(0x0000000015f50000,0x0000000016050000)]

siginfo: ExceptionCode=0xc0000005, reading address 0xffffffffffffffff

Registers:
RAX=0x000000001604f801, RBX=0x00000000149ee800, RCX=0x003b776569566e6f, RDX=0x0000000000000000
RSP=0x000000001604f7d0, RBP=0x003b776569566e6f, RSI=0x000000001604f8e8, RDI=0x0000000000818250
R8 =0x00000000149ee800, R9 =0x0000000000008000, R10=0x0000000000000000, R11=0x000000001a1cca16
R12=0x0000000000000000, R13=0x00000000149e3f78, R14=0x0000000000000000, R15=0x0000000000000000
RIP=0x000000006f3972f5, EFLAGS=0x0000000000010206

Top of Stack: (sp=0x000000001604f7d0)
0x000000001604f7d0:   00000000149ee800 00000000149ee800
0x000000001604f7e0:   000000001604f898 000000006f58a04b
0x000000001604f7f0:   00000000149ee800 000000006f5a68ad
0x000000001604f800:   0000000000000000 000000006f219149
0x000000001604f810:   00000000182622c8 000000006f222912
0x000000001604f820:   00000000149ee800 0000000000000000
0x000000001604f830:   0000000000000000 0000000000000000
0x000000001604f840:   003b776569566e6f 000000006f221a09
0x000000001604f850:   000000001604f8e8 000000001604f8c0
0x000000001604f860:   0000000000000001 00000000182622c8
0x000000001604f870:   003b776569566e6f 000000006f2053b3
0x000000001604f880:   000000001604f9b0 0000000000000001
0x000000001604f890:   0000000000000001 00000000182622c8
0x000000001604f8a0:   00000000f000100a 0000000000000000
0x000000001604f8b0:   0000000000000000 0000000000000000
0x000000001604f8c0:   0000000000000001 000000006f205571 

Instructions: (pc=0x000000006f3972f5)
0x000000006f3972d5:   cc cc cc cc cc cc cc cc cc cc cc 48 83 ec 28 48
0x000000006f3972e5:   85 c9 75 07 33 c0 48 83 c4 28 c3 48 89 5c 24 20
0x000000006f3972f5:   48 8b 19 48 85 db 74 20 48 83 fb 37 74 1a 48 8b
0x000000006f397305:   13 48 8b cb ff 52 08 84 c0 74 0d 48 8b c3 48 8b 


Register to memory mapping:

RAX=0x000000001604f801 is pointing into the stack for thread: 0x00000000149ee800
RBX=0x00000000149ee800 is a thread
RCX=0x003b776569566e6f is an unknown value
RDX=0x0000000000000000 is an unknown value
RSP=0x000000001604f7d0 is pointing into the stack for thread: 0x00000000149ee800
RBP=0x003b776569566e6f is an unknown value
RSI=0x000000001604f8e8 is pointing into the stack for thread: 0x00000000149ee800
RDI=0x0000000000818250 is an unknown value
R8 =0x00000000149ee800 is a thread
R9 =0x0000000000008000 is an unknown value
R10=0x0000000000000000 is an unknown value
R11=0x000000001a1cca16 is an unknown value
R12=0x0000000000000000 is an unknown value
R13=0x00000000149e3f78 is an unknown value
R14=0x0000000000000000 is an unknown value
R15=0x0000000000000000 is an unknown value


Stack: [0x0000000015f50000,0x0000000016050000],  sp=0x000000001604f7d0,  free space=1021k
Native frames: (J=compiled Java code, j=interpreted, Vv=VM code, C=native code)
V  [jvm.dll+0x1172f5]
V  [jvm.dll+0x3268ad]
C  [jdwp.dll+0x21a09]
C  [jdwp.dll+0x53b3]
C  [jdwp.dll+0x5571]
C  [jdwp.dll+0xf09c]
C  [jdwp.dll+0x1f2c9]
C  [jdwp.dll+0x1f412]
V  [jvm.dll+0x1a7128]
V  [jvm.dll+0x2232c4]
V  [jvm.dll+0x27baca]
C  [msvcr100.dll+0x21d9f]
C  [msvcr100.dll+0x21e3b]
C  [KERNEL32.DLL+0x16ad]
C  [ntdll.dll+0x734a5]


---------------  P R O C E S S  ---------------

Java Threads: ( => current thread )
  0x0000000016867800 JavaThread "ForkJoinPool.commonPool-worker-1" daemon [_thread_blocked, id=4452, stack(0x000000001b4e0000,0x000000001b5e0000)]
  0x0000000016863800 JavaThread "play-akka.actor.default-dispatcher-6" [_thread_blocked, id=3880, stack(0x0000000024040000,0x0000000024140000)]
  0x00000000189d5000 JavaThread "Timer-0" [_thread_blocked, id=4364, stack(0x0000000023d40000,0x0000000023e40000)]
  0x00000000189d2000 JavaThread "play-scheduler-1" [_thread_blocked, id=1152, stack(0x0000000022750000,0x0000000022850000)]
  0x00000000189d0800 JavaThread "net.sf.ehcache.CacheManager@532702b8" daemon [_thread_blocked, id=816, stack(0x0000000021470000,0x0000000021570000)]
  0x00000000189cd000 JavaThread "BoneCP-pool-watch-thread" daemon [_thread_blocked, id=2132, stack(0x00000000200e0000,0x00000000201e0000)]
  0x00000000189d0000 JavaThread "BoneCP-max-alive-scheduler" daemon [_thread_blocked, id=2244, stack(0x000000001ffe0000,0x00000000200e0000)]
  0x00000000189cf000 JavaThread "BoneCP-keep-alive-scheduler" daemon [_thread_blocked, id=5660, stack(0x000000001a3d0000,0x000000001a4d0000)]
  0x00000000189ce800 JavaThread "play-internal-execution-context-1" daemon [_thread_blocked, id=5624, stack(0x000000001f1e0000,0x000000001f2e0000)]
  0x00000000189cd800 JavaThread "New I/O server boss #9" [_thread_in_native, id=1368, stack(0x000000001f0e0000,0x000000001f1e0000)]
  0x00000000189c8800 JavaThread "New I/O worker #8" [_thread_in_native, id=4036, stack(0x000000001efe0000,0x000000001f0e0000)]
  0x00000000189cb800 JavaThread "New I/O worker #7" [_thread_in_native, id=4960, stack(0x000000001eee0000,0x000000001efe0000)]
  0x00000000189ca800 JavaThread "New I/O worker #6" [_thread_in_native, id=6064, stack(0x000000001ede0000,0x000000001eee0000)]
  0x00000000189ca000 JavaThread "New I/O worker #5" [_thread_in_native, id=1824, stack(0x000000001ece0000,0x000000001ede0000)]
  0x00000000189c9000 JavaThread "New I/O worker #4" [_thread_in_native, id=5288, stack(0x000000001ebe0000,0x000000001ece0000)]
  0x000000001a793800 JavaThread "New I/O worker #3" [_thread_in_native, id=5004, stack(0x000000001eae0000,0x000000001ebe0000)]
  0x000000001a792800 JavaThread "New I/O worker #2" [_thread_in_native, id=2992, stack(0x000000001e9e0000,0x000000001eae0000)]
  0x000000001a794000 JavaThread "New I/O worker #1" [_thread_in_native, id=4648, stack(0x000000001e8e0000,0x000000001e9e0000)]
  0x000000001a792000 JavaThread "sbt-play-watch-service" daemon [_thread_blocked, id=5748, stack(0x000000001e3e0000,0x000000001e4e0000)]
  0x000000001a795000 JavaThread "Thread-1" daemon [_thread_in_native, id=5912, stack(0x000000001e1e0000,0x000000001e2e0000)]
  0x000000001ac95800 JavaThread "pool-4-thread-1" [_thread_in_native, id=212, stack(0x000000001dae0000,0x000000001dbe0000)]
  0x000000001b4d1800 JavaThread "sbt-web-akka.actor.default-dispatcher-4" [_thread_blocked, id=3256, stack(0x000000001d1e0000,0x000000001d2e0000)]
  0x000000001a042800 JavaThread "sbt-web-scheduler-1" [_thread_blocked, id=1772, stack(0x000000001ba50000,0x000000001bb50000)]
  0x0000000016590000 JavaThread "Service Thread" daemon [_thread_blocked, id=588, stack(0x0000000016950000,0x0000000016a50000)]
  0x0000000014a0c800 JavaThread "C1 CompilerThread2" daemon [_thread_blocked, id=3108, stack(0x0000000016450000,0x0000000016550000)]
  0x0000000014a0b000 JavaThread "C2 CompilerThread1" daemon [_thread_blocked, id=3656, stack(0x0000000016350000,0x0000000016450000)]
  0x0000000014a05000 JavaThread "C2 CompilerThread0" daemon [_thread_blocked, id=4888, stack(0x0000000016250000,0x0000000016350000)]
  0x00000000149fa000 JavaThread "JDWP Command Reader" daemon [_thread_in_native, id=2024, stack(0x0000000016150000,0x0000000016250000)]
  0x00000000149f3800 JavaThread "JDWP Event Helper Thread" daemon [_thread_blocked, id=5312, stack(0x0000000016050000,0x0000000016150000)]
=>0x00000000149ee800 JavaThread "JDWP Transport Listener: dt_socket" daemon [_thread_in_vm, id=5760, stack(0x0000000015f50000,0x0000000016050000)]
  0x00000000149dc800 JavaThread "Attach Listener" daemon [_thread_blocked, id=1036, stack(0x0000000015e50000,0x0000000015f50000)]
  0x00000000149db000 JavaThread "Signal Dispatcher" daemon [_thread_blocked, id=396, stack(0x0000000015d50000,0x0000000015e50000)]
  0x00000000023d7000 JavaThread "Finalizer" daemon [_thread_blocked, id=3136, stack(0x0000000015c50000,0x0000000015d50000)]
  0x00000000149a8000 JavaThread "Reference Handler" daemon [_thread_blocked, id=3020, stack(0x0000000015b50000,0x0000000015c50000)]
  0x00000000022e2800 JavaThread "main" [_thread_blocked, id=5964, stack(0x00000000021e0000,0x00000000022e0000)]

Other Threads:
  0x00000000149a7000 VMThread [stack: 0x0000000015a50000,0x0000000015b50000] [id=4116]
  0x0000000014a3e800 WatcherThread [stack: 0x0000000016a50000,0x0000000016b50000] [id=820]

VM state:not at safepoint (normal execution)

VM Mutex/Monitor currently owned by a thread: None

Heap:
 PSYoungGen      total 67072K, used 41960K [0x00000000eb200000, 0x00000000f0c80000, 0x0000000100000000)
  eden space 58880K, 71% used [0x00000000eb200000,0x00000000edafa320,0x00000000eeb80000)
  from space 8192K, 0% used [0x00000000ef600000,0x00000000ef600000,0x00000000efe00000)
  to   space 10752K, 0% used [0x00000000eeb80000,0x00000000eeb80000,0x00000000ef600000)
 ParOldGen       total 44032K, used 37673K [0x00000000c1600000, 0x00000000c4100000, 0x00000000eb200000)
  object space 44032K, 85% used [0x00000000c1600000,0x00000000c3aca6d0,0x00000000c4100000)
 Metaspace       used 75513K, capacity 76298K, committed 76544K, reserved 1112064K
  class space    used 13760K, capacity 14060K, committed 14080K, reserved 1048576K

Card table byte_map: [0x00000000117a0000,0x00000000119a0000] byte_map_base: 0x0000000011195000

Marking Bits: (ParMarkBitMap*) 0x000000006fa313b0
 Begin Bits: [0x0000000011ef0000, 0x0000000012e98000)
 End Bits:   [0x0000000012e98000, 0x0000000013e40000)

Polling page: 0x0000000000800000

CodeCache: size=245760Kb used=20024Kb max_used=20024Kb free=225736Kb
 bounds [0x00000000023e0000, 0x0000000003790000, 0x00000000113e0000]
 total_blobs=7613 nmethods=7064 adapters=468
 compilation: enabled

Compilation events (10 events):
Event: 1773.631 Thread 0x0000000014a0c800 7870       3       java.lang.ClassLoader::getSystemClassLoader (32 bytes)
Event: 1773.633 Thread 0x0000000014a0c800 nmethod 7870 0x000000000377f6d0 code [0x000000000377f8c0, 0x0000000003780158]
Event: 1773.633 Thread 0x0000000014a0c800 7871  s!   3       java.lang.ClassLoader::initSystemClassLoader (109 bytes)
Event: 1773.634 Thread 0x0000000014a0c800 nmethod 7871 0x0000000003780590 code [0x00000000037807c0, 0x0000000003781498]
Event: 1785.634 Thread 0x0000000014a0c800 7872       3       java.lang.Thread::setPriority (56 bytes)
Event: 1785.636 Thread 0x0000000014a0c800 nmethod 7872 0x0000000003781cd0 code [0x0000000003781e80, 0x00000000037825c8]
Event: 1787.459 Thread 0x0000000014a0c800 7875       3       com.mysql.jdbc.Field::getOriginalName (44 bytes)
Event: 1787.460 Thread 0x0000000014a0c800 nmethod 7875 0x00000000037827d0 code [0x0000000003782940, 0x0000000003782bc8]
Event: 1787.460 Thread 0x0000000014a0c800 7876       3       com.mysql.jdbc.Field::getTableName (28 bytes)
Event: 1787.461 Thread 0x0000000014a0c800 nmethod 7876 0x0000000003782c50 code [0x0000000003782dc0, 0x0000000003782fc8]

GC Heap History (10 events):
Event: 59.687 GC heap before
{Heap before GC invocations=36 (full 0):
 PSYoungGen      total 58880K, used 57055K [0x00000000eb200000, 0x00000000f0100000, 0x0000000100000000)
  eden space 50688K, 100% used [0x00000000eb200000,0x00000000ee380000,0x00000000ee380000)
  from space 8192K, 77% used [0x00000000ee380000,0x00000000ee9b7ca0,0x00000000eeb80000)
  to   space 8704K, 0% used [0x00000000ef880000,0x00000000ef880000,0x00000000f0100000)
 ParOldGen       total 64000K, used 31835K [0x00000000c1600000, 0x00000000c5480000, 0x00000000eb200000)
  object space 64000K, 49% used [0x00000000c1600000,0x00000000c3516c48,0x00000000c5480000)
 Metaspace       used 58442K, capacity 59168K, committed 59264K, reserved 1097728K
  class space    used 11387K, capacity 11610K, committed 11648K, reserved 1048576K
Event: 59.699 GC heap after
Heap after GC invocations=36 (full 0):
 PSYoungGen      total 71168K, used 2855K [0x00000000eb200000, 0x00000000f0000000, 0x0000000100000000)
  eden space 63488K, 0% used [0x00000000eb200000,0x00000000eb200000,0x00000000ef000000)
  from space 7680K, 37% used [0x00000000ef880000,0x00000000efb49ff8,0x00000000f0000000)
  to   space 8192K, 0% used [0x00000000ef000000,0x00000000ef000000,0x00000000ef800000)
 ParOldGen       total 64000K, used 36841K [0x00000000c1600000, 0x00000000c5480000, 0x00000000eb200000)
  object space 64000K, 57% used [0x00000000c1600000,0x00000000c39fa590,0x00000000c5480000)
 Metaspace       used 58442K, capacity 59168K, committed 59264K, reserved 1097728K
  class space    used 11387K, capacity 11610K, committed 11648K, reserved 1048576K
}
Event: 75.391 GC heap before
{Heap before GC invocations=37 (full 0):
 PSYoungGen      total 71168K, used 40833K [0x00000000eb200000, 0x00000000f0000000, 0x0000000100000000)
  eden space 63488K, 59% used [0x00000000eb200000,0x00000000ed716520,0x00000000ef000000)
  from space 7680K, 37% used [0x00000000ef880000,0x00000000efb49ff8,0x00000000f0000000)
  to   space 8192K, 0% used [0x00000000ef000000,0x00000000ef000000,0x00000000ef800000)
 ParOldGen       total 64000K, used 36841K [0x00000000c1600000, 0x00000000c5480000, 0x00000000eb200000)
  object space 64000K, 57% used [0x00000000c1600000,0x00000000c39fa590,0x00000000c5480000)
 Metaspace       used 64714K, capacity 65470K, committed 65536K, reserved 1101824K
  class space    used 12190K, capacity 12386K, committed 12416K, reserved 1048576K
Event: 75.401 GC heap after
Heap after GC invocations=37 (full 0):
 PSYoungGen      total 66560K, used 6004K [0x00000000eb200000, 0x00000000efe00000, 0x0000000100000000)
  eden space 60416K, 0% used [0x00000000eb200000,0x00000000eb200000,0x00000000eed00000)
  from space 6144K, 97% used [0x00000000ef000000,0x00000000ef5dd358,0x00000000ef600000)
  to   space 8192K, 0% used [0x00000000ef600000,0x00000000ef600000,0x00000000efe00000)
 ParOldGen       total 64000K, used 37333K [0x00000000c1600000, 0x00000000c5480000, 0x00000000eb200000)
  object space 64000K, 58% used [0x00000000c1600000,0x00000000c3a755a0,0x00000000c5480000)
 Metaspace       used 64714K, capacity 65470K, committed 65536K, reserved 1101824K
  class space    used 12190K, capacity 12386K, committed 12416K, reserved 1048576K
}
Event: 75.401 GC heap before
{Heap before GC invocations=38 (full 1):
 PSYoungGen      total 66560K, used 6004K [0x00000000eb200000, 0x00000000efe00000, 0x0000000100000000)
  eden space 60416K, 0% used [0x00000000eb200000,0x00000000eb200000,0x00000000eed00000)
  from space 6144K, 97% used [0x00000000ef000000,0x00000000ef5dd358,0x00000000ef600000)
  to   space 8192K, 0% used [0x00000000ef600000,0x00000000ef600000,0x00000000efe00000)
 ParOldGen       total 64000K, used 37333K [0x00000000c1600000, 0x00000000c5480000, 0x00000000eb200000)
  object space 64000K, 58% used [0x00000000c1600000,0x00000000c3a755a0,0x00000000c5480000)
 Metaspace       used 64714K, capacity 65470K, committed 65536K, reserved 1101824K
  class space    used 12190K, capacity 12386K, committed 12416K, reserved 1048576K
Event: 75.645 GC heap after
Heap after GC invocations=38 (full 1):
 PSYoungGen      total 66560K, used 0K [0x00000000eb200000, 0x00000000efe00000, 0x0000000100000000)
  eden space 60416K, 0% used [0x00000000eb200000,0x00000000eb200000,0x00000000eed00000)
  from space 6144K, 0% used [0x00000000ef000000,0x00000000ef000000,0x00000000ef600000)
  to   space 8192K, 0% used [0x00000000ef600000,0x00000000ef600000,0x00000000efe00000)
 ParOldGen       total 38912K, used 32519K [0x00000000c1600000, 0x00000000c3c00000, 0x00000000eb200000)
  object space 38912K, 83% used [0x00000000c1600000,0x00000000c35c1f30,0x00000000c3c00000)
 Metaspace       used 64677K, capacity 65394K, committed 65536K, reserved 1101824K
  class space    used 12181K, capacity 12362K, committed 12416K, reserved 1048576K
}
Event: 283.671 GC heap before
{Heap before GC invocations=39 (full 1):
 PSYoungGen      total 66560K, used 60416K [0x00000000eb200000, 0x00000000efe00000, 0x0000000100000000)
  eden space 60416K, 100% used [0x00000000eb200000,0x00000000eed00000,0x00000000eed00000)
  from space 6144K, 0% used [0x00000000ef000000,0x00000000ef000000,0x00000000ef600000)
  to   space 8192K, 0% used [0x00000000ef600000,0x00000000ef600000,0x00000000efe00000)
 ParOldGen       total 38912K, used 32519K [0x00000000c1600000, 0x00000000c3c00000, 0x00000000eb200000)
  object space 38912K, 83% used [0x00000000c1600000,0x00000000c35c1f30,0x00000000c3c00000)
 Metaspace       used 74415K, capacity 75196K, committed 75392K, reserved 1110016K
  class space    used 13614K, capacity 13881K, committed 13952K, reserved 1048576K
Event: 283.690 GC heap after
Heap after GC invocations=39 (full 1):
 PSYoungGen      total 67072K, used 8166K [0x00000000eb200000, 0x00000000f0c80000, 0x0000000100000000)
  eden space 58880K, 0% used [0x00000000eb200000,0x00000000eb200000,0x00000000eeb80000)
  from space 8192K, 99% used [0x00000000ef600000,0x00000000efdf9b60,0x00000000efe00000)
  to   space 10752K, 0% used [0x00000000eeb80000,0x00000000eeb80000,0x00000000ef600000)
 ParOldGen       total 38912K, used 34325K [0x00000000c1600000, 0x00000000c3c00000, 0x00000000eb200000)
  object space 38912K, 88% used [0x00000000c1600000,0x00000000c3785520,0x00000000c3c00000)
 Metaspace       used 74415K, capacity 75196K, committed 75392K, reserved 1110016K
  class space    used 13614K, capacity 13881K, committed 13952K, reserved 1048576K
}
Event: 283.690 GC heap before
{Heap before GC invocations=40 (full 2):
 PSYoungGen      total 67072K, used 8166K [0x00000000eb200000, 0x00000000f0c80000, 0x0000000100000000)
  eden space 58880K, 0% used [0x00000000eb200000,0x00000000eb200000,0x00000000eeb80000)
  from space 8192K, 99% used [0x00000000ef600000,0x00000000efdf9b60,0x00000000efe00000)
  to   space 10752K, 0% used [0x00000000eeb80000,0x00000000eeb80000,0x00000000ef600000)
 ParOldGen       total 38912K, used 34325K [0x00000000c1600000, 0x00000000c3c00000, 0x00000000eb200000)
  object space 38912K, 88% used [0x00000000c1600000,0x00000000c3785520,0x00000000c3c00000)
 Metaspace       used 74415K, capacity 75196K, committed 75392K, reserved 1110016K
  class space    used 13614K, capacity 13881K, committed 13952K, reserved 1048576K
Event: 283.825 GC heap after
Heap after GC invocations=40 (full 2):
 PSYoungGen      total 67072K, used 0K [0x00000000eb200000, 0x00000000f0c80000, 0x0000000100000000)
  eden space 58880K, 0% used [0x00000000eb200000,0x00000000eb200000,0x00000000eeb80000)
  from space 8192K, 0% used [0x00000000ef600000,0x00000000ef600000,0x00000000efe00000)
  to   space 10752K, 0% used [0x00000000eeb80000,0x00000000eeb80000,0x00000000ef600000)
 ParOldGen       total 44032K, used 37673K [0x00000000c1600000, 0x00000000c4100000, 0x00000000eb200000)
  object space 44032K, 85% used [0x00000000c1600000,0x00000000c3aca6d0,0x00000000c4100000)
 Metaspace       used 74415K, capacity 75196K, committed 75392K, reserved 1110016K
  class space    used 13614K, capacity 13881K, committed 13952K, reserved 1048576K
}

Deoptimization events (10 events):
Event: 1060.522 Thread 0x00000000189d7800 Uncommon trap: reason=range_check action=none pc=0x0000000003107a5c method=sun.reflect.generics.parser.SignatureParser.current()C @ 34
Event: 1060.527 Thread 0x00000000189d7800 Uncommon trap: reason=range_check action=none pc=0x0000000003107a5c method=sun.reflect.generics.parser.SignatureParser.current()C @ 34
Event: 1060.528 Thread 0x00000000189d7800 Uncommon trap: reason=unhandled action=none pc=0x0000000002519b30 method=java.lang.ClassLoader.findClass(Ljava/lang/String;)Ljava/lang/Class; @ 8
Event: 1060.529 Thread 0x00000000189d7800 Uncommon trap: reason=unhandled action=none pc=0x0000000002519b30 method=java.lang.ClassLoader.findClass(Ljava/lang/String;)Ljava/lang/Class; @ 8
Event: 1060.531 Thread 0x00000000189d7800 Uncommon trap: reason=range_check action=none pc=0x0000000003107a5c method=sun.reflect.generics.parser.SignatureParser.current()C @ 34
Event: 1060.532 Thread 0x00000000189d7800 Uncommon trap: reason=unhandled action=none pc=0x0000000002519b30 method=java.lang.ClassLoader.findClass(Ljava/lang/String;)Ljava/lang/Class; @ 8
Event: 1060.532 Thread 0x00000000189d7800 Uncommon trap: reason=unhandled action=none pc=0x0000000002519b30 method=java.lang.ClassLoader.findClass(Ljava/lang/String;)Ljava/lang/Class; @ 8
Event: 1222.476 Thread 0x000000001a792000 Uncommon trap: reason=unhandled action=none pc=0x0000000002e30364 method=xsbt.boot.BootFilteredLoader.loadClass(Ljava/lang/String;Z)Ljava/lang/Class; @ 44
Event: 1222.480 Thread 0x000000001a792000 Uncommon trap: reason=unhandled action=none pc=0x0000000002e30364 method=xsbt.boot.BootFilteredLoader.loadClass(Ljava/lang/String;Z)Ljava/lang/Class; @ 44
Event: 1222.487 Thread 0x000000001a792000 Uncommon trap: reason=unhandled action=none pc=0x0000000002519b30 method=java.lang.ClassLoader.findClass(Ljava/lang/String;)Ljava/lang/Class; @ 8

Internal exceptions (10 events):
Event: 1060.531 Thread 0x00000000189d7800 Exception <a 'java/lang/ArrayIndexOutOfBoundsException': 63> (0x00000000ec3ca838) thrown at [D:\re\workspace\8-2-build-windows-amd64-cygwin\jdk8u5\2488\hotspot\src\share\vm\interpreter\interpreterRuntime.cpp, line 337]
Event: 1060.531 Thread 0x00000000189d7800 Exception <a 'java/security/PrivilegedActionException'> (0x00000000ec3cba60) thrown at [D:\re\workspace\8-2-build-windows-amd64-cygwin\jdk8u5\2488\hotspot\src\share\vm\prims\jvm.cpp, line 1248]
Event: 1060.532 Thread 0x00000000189d7800 Exception <a 'java/security/PrivilegedActionException'> (0x00000000ec3d24b8) thrown at [D:\re\workspace\8-2-build-windows-amd64-cygwin\jdk8u5\2488\hotspot\src\share\vm\prims\jvm.cpp, line 1248]
Event: 1222.477 Thread 0x000000001a792000 Exception <a 'java/security/PrivilegedActionException'> (0x00000000ec9a1be0) thrown at [D:\re\workspace\8-2-build-windows-amd64-cygwin\jdk8u5\2488\hotspot\src\share\vm\prims\jvm.cpp, line 1248]
Event: 1222.480 Thread 0x000000001a792000 Exception <a 'java/security/PrivilegedActionException'> (0x00000000ec9a9168) thrown at [D:\re\workspace\8-2-build-windows-amd64-cygwin\jdk8u5\2488\hotspot\src\share\vm\prims\jvm.cpp, line 1248]
Event: 1222.485 Thread 0x000000001a792000 Exception <a 'java/security/PrivilegedActionException'> (0x00000000ec9b0028) thrown at [D:\re\workspace\8-2-build-windows-amd64-cygwin\jdk8u5\2488\hotspot\src\share\vm\prims\jvm.cpp, line 1248]
Event: 1222.486 Thread 0x000000001a792000 Exception <a 'java/security/PrivilegedActionException'> (0x00000000ec9b06d8) thrown at [D:\re\workspace\8-2-build-windows-amd64-cygwin\jdk8u5\2488\hotspot\src\share\vm\prims\jvm.cpp, line 1248]
Event: 1222.487 Thread 0x000000001a792000 Exception <a 'java/security/PrivilegedActionException'> (0x00000000ec9b0f40) thrown at [D:\re\workspace\8-2-build-windows-amd64-cygwin\jdk8u5\2488\hotspot\src\share\vm\prims\jvm.cpp, line 1248]
Event: 1222.488 Thread 0x000000001a792000 Exception <a 'java/security/PrivilegedActionException'> (0x00000000ec9b1d30) thrown at [D:\re\workspace\8-2-build-windows-amd64-cygwin\jdk8u5\2488\hotspot\src\share\vm\prims\jvm.cpp, line 1248]
Event: 1222.489 Thread 0x000000001a792000 Exception <a 'java/security/PrivilegedActionException'> (0x00000000ec9b68c0) thrown at [D:\re\workspace\8-2-build-windows-amd64-cygwin\jdk8u5\2488\hotspot\src\share\vm\prims\jvm.cpp, line 1248]

Events (10 events):
Event: 1785.635 Thread 0x0000000016866800 Thread added: 0x0000000016866800
Event: 1785.635 Executing VM operation: RevokeBias
Event: 1785.635 Executing VM operation: RevokeBias done
Event: 1785.635 Thread 0x0000000016867800 Thread exited: 0x0000000016867800
Event: 1791.636 Thread 0x0000000016867800 Thread added: 0x0000000016867800
Event: 1791.637 Executing VM operation: RevokeBias
Event: 1791.637 Executing VM operation: RevokeBias done
Event: 1791.637 Thread 0x0000000016866800 Thread exited: 0x0000000016866800
Event: 1795.559 Executing VM operation: RedefineClasses
Event: 1795.653 Executing VM operation: RedefineClasses done


Dynamic libraries:
0x00007ff74b3f0000 - 0x00007ff74b424000 	C:\Program Files\Java\jdk1.8.0_05\bin\java.exe
0x00007ffc5fd60000 - 0x00007ffc5ff0a000 	C:\WINDOWS\SYSTEM32\ntdll.dll
0x00007ffc5f280000 - 0x00007ffc5f3ba000 	C:\WINDOWS\system32\KERNEL32.DLL
0x00007ffc5d1f0000 - 0x00007ffc5d2ff000 	C:\WINDOWS\system32\KERNELBASE.dll
0x00007ffc5bd00000 - 0x00007ffc5bd88000 	C:\WINDOWS\system32\apphelp.dll
0x00007ffc548c0000 - 0x00007ffc5490f000 	C:\WINDOWS\AppPatch\AppPatch64\AcGenral.DLL
0x00007ffc5f3e0000 - 0x00007ffc5f487000 	C:\WINDOWS\system32\msvcrt.dll
0x00007ffc5ceb0000 - 0x00007ffc5cedb000 	C:\WINDOWS\SYSTEM32\SspiCli.dll
0x00007ffc5fba0000 - 0x00007ffc5fbf1000 	C:\WINDOWS\system32\SHLWAPI.dll
0x00007ffc5f5e0000 - 0x00007ffc5f751000 	C:\WINDOWS\system32\USER32.dll
0x00007ffc5ef60000 - 0x00007ffc5f0d8000 	C:\WINDOWS\system32\ole32.dll
0x00007ffc5d5e0000 - 0x00007ffc5ea00000 	C:\WINDOWS\system32\SHELL32.dll
0x00007ffc5ca90000 - 0x00007ffc5caae000 	C:\WINDOWS\SYSTEM32\USERENV.dll
0x00007ffc5fae0000 - 0x00007ffc5fb85000 	C:\WINDOWS\system32\ADVAPI32.dll
0x00007ffc59080000 - 0x00007ffc5909b000 	C:\WINDOWS\SYSTEM32\MPR.dll
0x00007ffc5f760000 - 0x00007ffc5f897000 	C:\WINDOWS\system32\RPCRT4.dll
0x00007ffc5f220000 - 0x00007ffc5f277000 	C:\WINDOWS\SYSTEM32\sechost.dll
0x00007ffc5f900000 - 0x00007ffc5fad6000 	C:\WINDOWS\SYSTEM32\combase.dll
0x00007ffc5f490000 - 0x00007ffc5f5d4000 	C:\WINDOWS\system32\GDI32.dll
0x00007ffc5d0d0000 - 0x00007ffc5d0e4000 	C:\WINDOWS\SYSTEM32\profapi.dll
0x00007ffc5b7f0000 - 0x00007ffc5b88f000 	C:\WINDOWS\SYSTEM32\SHCORE.dll
0x00007ffc5f8a0000 - 0x00007ffc5f8d4000 	C:\WINDOWS\system32\IMM32.DLL
0x00007ffc5f0e0000 - 0x00007ffc5f219000 	C:\WINDOWS\system32\MSCTF.dll
0x00007ffc5a9c0000 - 0x00007ffc5ac1a000 	C:\WINDOWS\WinSxS\amd64_microsoft.windows.common-controls_6595b64144ccf1df_6.0.9600.17031_none_6242a4b3ecbb55a1\COMCTL32.dll
0x000000006fab0000 - 0x000000006fb82000 	C:\Program Files\Java\jdk1.8.0_05\jre\bin\msvcr100.dll
0x000000006f280000 - 0x000000006faaa000 	C:\Program Files\Java\jdk1.8.0_05\jre\bin\server\jvm.dll
0x00007ffc57660000 - 0x00007ffc57669000 	C:\WINDOWS\SYSTEM32\WSOCK32.dll
0x00007ffc5a540000 - 0x00007ffc5a55f000 	C:\WINDOWS\SYSTEM32\WINMM.dll
0x00007ffc5f8f0000 - 0x00007ffc5f8f7000 	C:\WINDOWS\system32\PSAPI.DLL
0x00007ffc5ea60000 - 0x00007ffc5eab8000 	C:\WINDOWS\system32\WS2_32.dll
0x00007ffc5a4e0000 - 0x00007ffc5a50a000 	C:\WINDOWS\SYSTEM32\WINMMBASE.dll
0x00007ffc5f8e0000 - 0x00007ffc5f8e9000 	C:\WINDOWS\system32\NSI.dll
0x00007ffc5d3b0000 - 0x00007ffc5d3fa000 	C:\WINDOWS\SYSTEM32\cfgmgr32.dll
0x00007ffc5bf60000 - 0x00007ffc5bf86000 	C:\WINDOWS\SYSTEM32\DEVOBJ.dll
0x000000006f270000 - 0x000000006f27f000 	C:\Program Files\Java\jdk1.8.0_05\jre\bin\verify.dll
0x000000006f240000 - 0x000000006f268000 	C:\Program Files\Java\jdk1.8.0_05\jre\bin\java.dll
0x000000006f200000 - 0x000000006f235000 	C:\Program Files\Java\jdk1.8.0_05\jre\bin\jdwp.dll
0x000000006f1f0000 - 0x000000006f1f8000 	C:\Program Files\Java\jdk1.8.0_05\jre\bin\npt.dll
0x000000006f1d0000 - 0x000000006f1e6000 	C:\Program Files\Java\jdk1.8.0_05\jre\bin\zip.dll
0x000000006f1c0000 - 0x000000006f1c9000 	C:\Program Files\Java\jdk1.8.0_05\jre\bin\dt_socket.dll
0x00007ffc5c910000 - 0x00007ffc5c968000 	C:\WINDOWS\system32\mswsock.dll
0x000000006f1a0000 - 0x000000006f1ba000 	C:\Program Files\Java\jdk1.8.0_05\jre\bin\net.dll
0x000000006f180000 - 0x000000006f191000 	C:\Program Files\Java\jdk1.8.0_05\jre\bin\nio.dll
0x00007ffc5cab0000 - 0x00007ffc5cace000 	C:\WINDOWS\SYSTEM32\CRYPTSP.dll
0x00007ffc5c550000 - 0x00007ffc5c585000 	C:\WINDOWS\system32\rsaenh.dll
0x00007ffc5cbc0000 - 0x00007ffc5cbe6000 	C:\WINDOWS\SYSTEM32\bcrypt.dll
0x00007ffc5cee0000 - 0x00007ffc5cf40000 	C:\WINDOWS\system32\bcryptprimitives.dll
0x00007ffc5cf40000 - 0x00007ffc5cf4a000 	C:\WINDOWS\SYSTEM32\CRYPTBASE.dll
0x00007ffc58c30000 - 0x00007ffc58c59000 	C:\WINDOWS\SYSTEM32\IPHLPAPI.DLL
0x00007ffc58b50000 - 0x00007ffc58b5a000 	C:\WINDOWS\SYSTEM32\WINNSI.DLL
0x00007ffc58490000 - 0x00007ffc584a4000 	C:\WINDOWS\SYSTEM32\dhcpcsvc6.DLL
0x00007ffc58c00000 - 0x00007ffc58c19000 	C:\WINDOWS\SYSTEM32\dhcpcsvc.DLL
0x00007ffc59400000 - 0x00007ffc5940a000 	C:\Users\yonatan\AppData\Local\Temp\jansi-64-1-1781151782793140263.11
0x00007ffc54e60000 - 0x00007ffc54e74000 	C:\WINDOWS\system32\napinsp.dll
0x00007ffc54e80000 - 0x00007ffc54e99000 	C:\WINDOWS\system32\pnrpnsp.dll
0x00007ffc5b070000 - 0x00007ffc5b089000 	C:\WINDOWS\system32\NLAapi.dll
0x00007ffc5c760000 - 0x00007ffc5c803000 	C:\WINDOWS\SYSTEM32\DNSAPI.dll
0x00007ffc54f40000 - 0x00007ffc54f4c000 	C:\WINDOWS\System32\winrnr.dll
0x00007ffc54ea0000 - 0x00007ffc54eb3000 	C:\WINDOWS\system32\wshbth.dll
0x00007ffc55c80000 - 0x00007ffc55c89000 	C:\Windows\System32\rasadhlp.dll
0x00007ffc58780000 - 0x00007ffc587e8000 	C:\WINDOWS\System32\fwpuclnt.dll
0x000000006f150000 - 0x000000006f174000 	C:\Program Files\Java\jdk1.8.0_05\jre\bin\sunec.dll
0x00007ffc5a630000 - 0x00007ffc5a7b8000 	C:\WINDOWS\SYSTEM32\dbghelp.dll

VM Arguments:
jvm_args: -Xdebug -Xrunjdwp:transport=dt_socket,server=y,suspend=y,address=9999 -XX:MetaspaceSize=64M -XX:MaxMetaspaceSize=256M -Dactivator.home=//C:/Users/yonatan/Dropbox/projectsGitH/gymwer 
java_command: C:\Users\yonatan\Dropbox\projectsGitH\gymwer\activator-launch-1.2.3.jar run
java_class_path (initial): C:\Users\yonatan\Dropbox\projectsGitH\gymwer\activator-launch-1.2.3.jar
Launcher Type: SUN_STANDARD

Environment Variables:
JAVA_HOME=C:\Program Files\Java\jdk1.8.0_05
PATH=C:\WINDOWS\system32;C:\WINDOWS;C:\WINDOWS\System32\Wbem;C:\WINDOWS\System32\WindowsPowerShell\v1.0\;C:\Program Files (x86)\Heroku\bin;C:\Program Files (x86)\git\cmd;C:\Program Files\Java\jdk1.8.0_05\bin;C:\Program Files\Microsoft SQL Server\110\Tools\Binn\;C:\Program Files\Microsoft\Web Platform Installer\;C:\Program Files (x86)\Microsoft SDKs\TypeScript\1.0\;C:\Program Files (x86)\nodejs\;C:\Program Files (x86)\Windows Kits\8.1\Windows Performance Toolkit\;C:\Ruby200-x64\bin;C:\Users\yonatan\AppData\Roaming\npm
USERNAME=yonatan
OS=Windows_NT
PROCESSOR_IDENTIFIER=Intel64 Family 6 Model 42 Stepping 7, GenuineIntel



---------------  S Y S T E M  ---------------

OS: Windows 8.1 , 64 bit Build 9600 

CPU:total 4 (2 cores per cpu, 2 threads per core) family 6 model 42 stepping 7, cmov, cx8, fxsr, mmx, sse, sse2, sse3, ssse3, sse4.1, sse4.2, popcnt, avx, clmul, ht, tsc, tscinvbit

Memory: 4k page, physical 4097164k(1276968k free), swap 8291468k(4281476k free)

vm_info: Java HotSpot(TM) 64-Bit Server VM (25.5-b02) for windows-amd64 JRE (1.8.0_05-b13), built on Mar 18 2014 01:08:39 by "java_re" with MS VC++ 10.0 (VS2010)

time: Fri Aug 15 03:09:05 2014
elapsed time: 1795 seconds

