#
# A fatal error has been detected by the Java Runtime Environment:
#
#  EXCEPTION_ACCESS_VIOLATION (0xc0000005) at pc=0x000000006a848dde, pid=5904, tid=5840
#
# JRE version: Java(TM) SE Runtime Environment (8.0_05-b13) (build 1.8.0_05-b13)
# Java VM: Java HotSpot(TM) 64-Bit Server VM (25.5-b02 mixed mode windows-amd64 compressed oops)
# Problematic frame:
# V  [jvm.dll+0xe8dde]
#
# Failed to write core dump. Minidumps are not enabled by default on client versions of Windows
#
# If you would like to submit a bug report, please visit:
#   http://bugreport.sun.com/bugreport/crash.jsp
#

---------------  T H R E A D  ---------------

Current thread (0x0000000014667800):  VMThread [stack: 0x00000000156f0000,0x00000000157f0000] [id=5840]

siginfo: ExceptionCode=0xc0000005, reading address 0x0000000000000013

Registers:
RAX=0x000000000000000b, RBX=0x000000001eef5710, RCX=0x000000001fc34d28, RDX=0x0000000100e213a0
RSP=0x00000000157ef4f0, RBP=0x0000000000000001, RSI=0x0000000000000006, RDI=0x0000000100e213a0
R8 =0x000000001c3191a0, R9 =0x0000000000000006, R10=0x0000000023b65718, R11=0x00000000157ef578
R12=0x000000001c319170, R13=0x000000001eef5710, R14=0x000000001eef56e0, R15=0x000000001c3191a0
RIP=0x000000006a848dde, EFLAGS=0x0000000000010206

Top of Stack: (sp=0x00000000157ef4f0)
0x00000000157ef4f0:   000000001c3191a0 0000000023b61e50
0x00000000157ef500:   0000000023b61f20 ffffffffffffffd0
0x00000000157ef510:   000000001eef5448 000000006a8496c7
0x00000000157ef520:   0000000100df9c28 0000000000000006
0x00000000157ef530:   0000000000000006 000000006a85dc0b
0x00000000157ef540:   0000000100e213a0 00000000157ef6f0
0x00000000157ef550:   0000000015cef4f0 000000001eef5448
0x00000000157ef560:   0000000014667800 00000000157ef6f0
0x00000000157ef570:   0000000014667800 000000006a9102ed
0x00000000157ef580:   0000000100df9c28 000000001c319170
0x00000000157ef590:   0000000014667800 0000000014664160
0x00000000157ef5a0:   00000000157ef658 0000000018ed6c00
0x00000000157ef5b0:   0000000014667800 0000000000000000
0x00000000157ef5c0:   0000000100000000 0000000000000000
0x00000000157ef5d0:   000000001ef0e828 0000000014667800
0x00000000157ef5e0:   0000000014667800 0000000014666600 

Instructions: (pc=0x000000006a848dde)
0x000000006a848dbe:   48 8b 41 18 48 c1 e8 14 a8 01 74 06 48 8b 59 10
0x000000006a848dce:   eb 19 48 83 79 08 00 74 44 48 8b 49 08 48 8b 01
0x000000006a848dde:   ff 50 08 84 c0 74 36 48 8b 5b 08 48 85 db 74 2d
0x000000006a848dee:   48 8b 03 48 8b cb ff 50 08 84 c0 74 20 48 85 ff 


Register to memory mapping:

RAX=0x000000000000000b is an unknown value
RBX=0x000000001eef5710 is an unknown value
RCX=0x000000001fc34d28 is an unknown value
RDX=0x0000000100e213a0 is an unknown value
RSP=0x00000000157ef4f0 is an unknown value
RBP=0x0000000000000001 is an unknown value
RSI=0x0000000000000006 is an unknown value
RDI=0x0000000100e213a0 is an unknown value
R8 =0x000000001c3191a0 is an unknown value
R9 =0x0000000000000006 is an unknown value
R10=0x0000000023b65718 is an unknown value
R11=0x00000000157ef578 is an unknown value
R12=0x000000001c319170 is an unknown value
R13=0x000000001eef5710 is an unknown value
R14=0x000000001eef56e0 is an unknown value
R15=0x000000001c3191a0 is an unknown value


Stack: [0x00000000156f0000,0x00000000157f0000],  sp=0x00000000157ef4f0,  free space=1021k
Native frames: (J=compiled Java code, j=interpreted, Vv=VM code, C=native code)
V  [jvm.dll+0xe8dde]
V  [jvm.dll+0xe96c7]
V  [jvm.dll+0x1b02ed]
V  [jvm.dll+0x56f0b]
V  [jvm.dll+0x1b387d]
V  [jvm.dll+0x1b3b0b]
V  [jvm.dll+0x229aa7]
V  [jvm.dll+0x228ce6]
V  [jvm.dll+0x229181]
V  [jvm.dll+0x22939e]
V  [jvm.dll+0x27baca]
C  [msvcr100.dll+0x21d9f]
C  [msvcr100.dll+0x21e3b]
C  [KERNEL32.DLL+0x16ad]
C  [ntdll.dll+0x734a5]

VM_Operation (0x0000000015cef4f0): RedefineClasses, mode: safepoint, requested by thread 0x00000000146a3800


---------------  P R O C E S S  ---------------

Java Threads: ( => current thread )
  0x00000000209c4800 JavaThread "ForkJoinPool.commonPool-worker-3" daemon [_thread_blocked, id=6140, stack(0x000000001fe10000,0x000000001ff10000)]
  0x0000000018fe8000 JavaThread "play-internal-execution-context-6" daemon [_thread_blocked, id=3444, stack(0x0000000023f10000,0x0000000024010000)]
  0x0000000018820800 JavaThread "play-akka.actor.default-dispatcher-39" [_thread_blocked, id=6100, stack(0x0000000023d10000,0x0000000023e10000)]
  0x000000001881c800 JavaThread "play-akka.actor.default-dispatcher-35" [_thread_blocked, id=3668, stack(0x000000001fd10000,0x000000001fe10000)]
  0x0000000018812000 JavaThread "play-akka.actor.default-dispatcher-34" [_thread_blocked, id=4840, stack(0x000000001ce70000,0x000000001cf70000)]
  0x0000000018816800 JavaThread "net.sf.ehcache.CacheManager@7cf38768" daemon [_thread_blocked, id=5052, stack(0x000000001f910000,0x000000001fa10000)]
  0x0000000018816000 JavaThread "BoneCP-pool-watch-thread" daemon [_thread_blocked, id=5096, stack(0x000000001da10000,0x000000001db10000)]
  0x0000000018813000 JavaThread "BoneCP-max-alive-scheduler" daemon [_thread_blocked, id=4204, stack(0x000000001d410000,0x000000001d510000)]
  0x0000000018814800 JavaThread "BoneCP-keep-alive-scheduler" daemon [_thread_blocked, id=1732, stack(0x000000001d310000,0x000000001d410000)]
  0x000000001881e000 JavaThread "play-akka.actor.default-dispatcher-26" [_thread_blocked, id=5224, stack(0x0000000023e10000,0x0000000023f10000)]
  0x0000000018818000 JavaThread "Timer-0" [_thread_blocked, id=5588, stack(0x000000001ff10000,0x0000000020010000)]
  0x0000000018813800 JavaThread "play-scheduler-1" [_thread_blocked, id=4760, stack(0x0000000019d80000,0x0000000019e80000)]
  0x0000000018815000 JavaThread "New I/O server boss #9" [_thread_in_native, id=764, stack(0x000000001ec10000,0x000000001ed10000)]
  0x0000000018811800 JavaThread "New I/O worker #8" [_thread_blocked, id=2492, stack(0x000000001eb10000,0x000000001ec10000)]
  0x0000000018fec800 JavaThread "New I/O worker #7" [_thread_blocked, id=5352, stack(0x000000001ea10000,0x000000001eb10000)]
  0x0000000018feb000 JavaThread "New I/O worker #6" [_thread_blocked, id=4532, stack(0x000000001e910000,0x000000001ea10000)]
  0x0000000018fea000 JavaThread "New I/O worker #5" [_thread_blocked, id=1552, stack(0x000000001e810000,0x000000001e910000)]
  0x0000000018feb800 JavaThread "New I/O worker #4" [_thread_blocked, id=4708, stack(0x000000001e710000,0x000000001e810000)]
  0x0000000018fed000 JavaThread "New I/O worker #3" [_thread_blocked, id=4512, stack(0x000000001e610000,0x000000001e710000)]
  0x0000000018fe8800 JavaThread "New I/O worker #2" [_thread_blocked, id=4604, stack(0x000000001e510000,0x000000001e610000)]
  0x0000000018fe9800 JavaThread "New I/O worker #1" [_thread_blocked, id=4616, stack(0x000000001e410000,0x000000001e510000)]
  0x0000000018fe6800 JavaThread "sbt-play-watch-service" daemon [_thread_blocked, id=1248, stack(0x000000001df10000,0x000000001e010000)]
  0x0000000018fe7000 JavaThread "Thread-1" daemon [_thread_in_native, id=5260, stack(0x000000001de10000,0x000000001df10000)]
  0x0000000017b6f800 JavaThread "pool-4-thread-4" [_thread_in_native, id=5788, stack(0x000000001d910000,0x000000001da10000)]
  0x000000001628c800 JavaThread "sbt-web-akka.actor.default-dispatcher-3" [_thread_blocked, id=6124, stack(0x000000001d210000,0x000000001d310000)]
  0x000000001a233000 JavaThread "sbt-web-scheduler-1" [_thread_blocked, id=4288, stack(0x000000001c970000,0x000000001ca70000)]
  0x000000001602c800 JavaThread "Service Thread" daemon [_thread_blocked, id=1968, stack(0x00000000165f0000,0x00000000166f0000)]
  0x0000000016013000 JavaThread "C1 CompilerThread2" daemon [_thread_blocked, id=4060, stack(0x00000000164f0000,0x00000000165f0000)]
  0x0000000016009000 JavaThread "C2 CompilerThread1" daemon [_thread_blocked, id=2608, stack(0x00000000163f0000,0x00000000164f0000)]
  0x00000000146c9800 JavaThread "C2 CompilerThread0" daemon [_thread_blocked, id=3200, stack(0x0000000015ef0000,0x0000000015ff0000)]
  0x00000000146b9000 JavaThread "JDWP Command Reader" daemon [_thread_in_native, id=4948, stack(0x0000000015df0000,0x0000000015ef0000)]
  0x00000000146b4000 JavaThread "JDWP Event Helper Thread" daemon [_thread_blocked, id=3672, stack(0x0000000015cf0000,0x0000000015df0000)]
  0x00000000146a3800 JavaThread "JDWP Transport Listener: dt_socket" daemon [_thread_blocked, id=2404, stack(0x0000000015bf0000,0x0000000015cf0000)]
  0x000000001469c000 JavaThread "Attach Listener" daemon [_thread_blocked, id=956, stack(0x0000000015af0000,0x0000000015bf0000)]
  0x000000001469b000 JavaThread "Signal Dispatcher" daemon [_thread_blocked, id=4656, stack(0x00000000159f0000,0x0000000015af0000)]
  0x0000000002096800 JavaThread "Finalizer" daemon [_thread_blocked, id=6024, stack(0x00000000158f0000,0x00000000159f0000)]
  0x000000000208b800 JavaThread "Reference Handler" daemon [_thread_blocked, id=792, stack(0x00000000157f0000,0x00000000158f0000)]
  0x0000000001fa2800 JavaThread "main" [_thread_blocked, id=4568, stack(0x0000000001ea0000,0x0000000001fa0000)]

Other Threads:
=>0x0000000014667800 VMThread [stack: 0x00000000156f0000,0x00000000157f0000] [id=5840]
  0x000000001602f800 WatcherThread [stack: 0x00000000166f0000,0x00000000167f0000] [id=3640]

VM state:at safepoint (normal execution)

VM Mutex/Monitor currently owned by a thread:  ([mutex/lock_event])
[0x0000000001e9e170] Threads_lock - owner thread: 0x0000000014667800

Heap:
 PSYoungGen      total 101888K, used 81597K [0x00000000eb200000, 0x00000000f3300000, 0x0000000100000000)
  eden space 98304K, 83% used [0x00000000eb200000,0x00000000f01af700,0x00000000f1200000)
  from space 3584K, 0% used [0x00000000f2f80000,0x00000000f2f80000,0x00000000f3300000)
  to   space 13824K, 0% used [0x00000000f1800000,0x00000000f1800000,0x00000000f2580000)
 ParOldGen       total 40448K, used 33816K [0x00000000c1600000, 0x00000000c3d80000, 0x00000000eb200000)
  object space 40448K, 83% used [0x00000000c1600000,0x00000000c3706070,0x00000000c3d80000)
 Metaspace       used 78693K, capacity 79544K, committed 79872K, reserved 1114112K
  class space    used 14202K, capacity 14527K, committed 14592K, reserved 1048576K

Card table byte_map: [0x0000000011460000,0x0000000011660000] byte_map_base: 0x0000000010e55000

Marking Bits: (ParMarkBitMap*) 0x000000006af113b0
 Begin Bits: [0x0000000011bb0000, 0x0000000012b58000)
 End Bits:   [0x0000000012b58000, 0x0000000013b00000)

Polling page: 0x0000000000400000

CodeCache: size=245760Kb used=23488Kb max_used=24484Kb free=222271Kb
 bounds [0x00000000020a0000, 0x00000000038b0000, 0x00000000110a0000]
 total_blobs=9153 nmethods=8589 adapters=483
 compilation: enabled

Compilation events (10 events):
Event: 1448.674 Thread 0x0000000016013000 10165       3       com.mysql.jdbc.Field::getFullName (72 bytes)
Event: 1448.676 Thread 0x0000000016013000 nmethod 10165 0x0000000002a46a90 code [0x0000000002a46ce0, 0x0000000002a47fb8]
Event: 1454.758 Thread 0x0000000016013000 10166   !   3       java.util.concurrent.ForkJoinPool::tryTerminate (519 bytes)
Event: 1454.777 Thread 0x0000000016013000 nmethod 10166 0x0000000002dd8e90 code [0x0000000002dd91e0, 0x0000000002ddb448]
Event: 1454.777 Thread 0x0000000016013000 10167       3       sbt.TrapExit::checkAccess (45 bytes)
Event: 1454.778 Thread 0x0000000016013000 nmethod 10167 0x0000000002a45c50 code [0x0000000002a45e60, 0x0000000002a46698]
Event: 1454.778 Thread 0x0000000016013000 10168   !   3       java.lang.ThreadGroup::add (110 bytes)
Event: 1454.779 Thread 0x0000000016013000 nmethod 10168 0x0000000002283850 code [0x0000000002283a20, 0x00000000022842f8]
Event: 1460.774 Thread 0x0000000016013000 10169  s!   3       java.lang.Thread::start (71 bytes)
Event: 1460.777 Thread 0x0000000016013000 nmethod 10169 0x000000000296c110 code [0x000000000296c2e0, 0x000000000296ca38]

GC Heap History (10 events):
Event: 52.076 GC heap before
{Heap before GC invocations=32 (full 0):
 PSYoungGen      total 104960K, used 70291K [0x00000000eb200000, 0x00000000f3f00000, 0x0000000100000000)
  eden space 93696K, 68% used [0x00000000eb200000,0x00000000ef0c5248,0x00000000f0d80000)
  from space 11264K, 53% used [0x00000000f0d80000,0x00000000f135fbe0,0x00000000f1880000)
  to   space 11264K, 0% used [0x00000000f3400000,0x00000000f3400000,0x00000000f3f00000)
 ParOldGen       total 64000K, used 34732K [0x00000000c1600000, 0x00000000c5480000, 0x00000000eb200000)
  object space 64000K, 54% used [0x00000000c1600000,0x00000000c37eb3e8,0x00000000c5480000)
 Metaspace       used 64638K, capacity 65424K, committed 65536K, reserved 1101824K
  class space    used 12165K, capacity 12457K, committed 12544K, reserved 1048576K
Event: 52.087 GC heap after
Heap after GC invocations=32 (full 0):
 PSYoungGen      total 96256K, used 6704K [0x00000000eb200000, 0x00000000f3b00000, 0x0000000100000000)
  eden space 89088K, 0% used [0x00000000eb200000,0x00000000eb200000,0x00000000f0900000)
  from space 7168K, 93% used [0x00000000f3400000,0x00000000f3a8c2f0,0x00000000f3b00000)
  to   space 11776K, 0% used [0x00000000f2400000,0x00000000f2400000,0x00000000f2f80000)
 ParOldGen       total 64000K, used 36553K [0x00000000c1600000, 0x00000000c5480000, 0x00000000eb200000)
  object space 64000K, 57% used [0x00000000c1600000,0x00000000c39b2608,0x00000000c5480000)
 Metaspace       used 64638K, capacity 65424K, committed 65536K, reserved 1101824K
  class space    used 12165K, capacity 12457K, committed 12544K, reserved 1048576K
}
Event: 52.087 GC heap before
{Heap before GC invocations=33 (full 1):
 PSYoungGen      total 96256K, used 6704K [0x00000000eb200000, 0x00000000f3b00000, 0x0000000100000000)
  eden space 89088K, 0% used [0x00000000eb200000,0x00000000eb200000,0x00000000f0900000)
  from space 7168K, 93% used [0x00000000f3400000,0x00000000f3a8c2f0,0x00000000f3b00000)
  to   space 11776K, 0% used [0x00000000f2400000,0x00000000f2400000,0x00000000f2f80000)
 ParOldGen       total 64000K, used 36553K [0x00000000c1600000, 0x00000000c5480000, 0x00000000eb200000)
  object space 64000K, 57% used [0x00000000c1600000,0x00000000c39b2608,0x00000000c5480000)
 Metaspace       used 64638K, capacity 65424K, committed 65536K, reserved 1101824K
  class space    used 12165K, capacity 12457K, committed 12544K, reserved 1048576K
Event: 52.343 GC heap after
Heap after GC invocations=33 (full 1):
 PSYoungGen      total 96256K, used 0K [0x00000000eb200000, 0x00000000f3b00000, 0x0000000100000000)
  eden space 89088K, 0% used [0x00000000eb200000,0x00000000eb200000,0x00000000f0900000)
  from space 7168K, 0% used [0x00000000f3400000,0x00000000f3400000,0x00000000f3b00000)
  to   space 11776K, 0% used [0x00000000f2400000,0x00000000f2400000,0x00000000f2f80000)
 ParOldGen       total 40448K, used 33310K [0x00000000c1600000, 0x00000000c3d80000, 0x00000000eb200000)
  object space 40448K, 82% used [0x00000000c1600000,0x00000000c3687b58,0x00000000c3d80000)
 Metaspace       used 64064K, capacity 64660K, committed 65536K, reserved 1101824K
  class space    used 12070K, capacity 12289K, committed 12544K, reserved 1048576K
}
Event: 691.906 GC heap before
{Heap before GC invocations=34 (full 1):
 PSYoungGen      total 96256K, used 89010K [0x00000000eb200000, 0x00000000f3b00000, 0x0000000100000000)
  eden space 89088K, 99% used [0x00000000eb200000,0x00000000f08ec9c0,0x00000000f0900000)
  from space 7168K, 0% used [0x00000000f3400000,0x00000000f3400000,0x00000000f3b00000)
  to   space 11776K, 0% used [0x00000000f2400000,0x00000000f2400000,0x00000000f2f80000)
 ParOldGen       total 40448K, used 33310K [0x00000000c1600000, 0x00000000c3d80000, 0x00000000eb200000)
  object space 40448K, 82% used [0x00000000c1600000,0x00000000c3687b58,0x00000000c3d80000)
 Metaspace       used 76693K, capacity 77486K, committed 77824K, reserved 1112064K
  class space    used 13952K, capacity 14274K, committed 14336K, reserved 1048576K
Event: 691.926 GC heap after
Heap after GC invocations=34 (full 1):
 PSYoungGen      total 114688K, used 11760K [0x00000000eb200000, 0x00000000f3480000, 0x0000000100000000)
  eden space 102912K, 0% used [0x00000000eb200000,0x00000000eb200000,0x00000000f1680000)
  from space 11776K, 99% used [0x00000000f2400000,0x00000000f2f7c058,0x00000000f2f80000)
  to   space 5120K, 0% used [0x00000000f2f80000,0x00000000f2f80000,0x00000000f3480000)
 ParOldGen       total 40448K, used 34955K [0x00000000c1600000, 0x00000000c3d80000, 0x00000000eb200000)
  object space 40448K, 86% used [0x00000000c1600000,0x00000000c3822e88,0x00000000c3d80000)
 Metaspace       used 76693K, capacity 77486K, committed 77824K, reserved 1112064K
  class space    used 13952K, capacity 14274K, committed 14336K, reserved 1048576K
}
Event: 1351.478 GC heap before
{Heap before GC invocations=35 (full 1):
 PSYoungGen      total 114688K, used 114672K [0x00000000eb200000, 0x00000000f3480000, 0x0000000100000000)
  eden space 102912K, 100% used [0x00000000eb200000,0x00000000f1680000,0x00000000f1680000)
  from space 11776K, 99% used [0x00000000f2400000,0x00000000f2f7c058,0x00000000f2f80000)
  to   space 5120K, 0% used [0x00000000f2f80000,0x00000000f2f80000,0x00000000f3480000)
 ParOldGen       total 40448K, used 34955K [0x00000000c1600000, 0x00000000c3d80000, 0x00000000eb200000)
  object space 40448K, 86% used [0x00000000c1600000,0x00000000c3822e88,0x00000000c3d80000)
 Metaspace       used 77467K, capacity 78436K, committed 78720K, reserved 1114112K
  class space    used 14043K, capacity 14367K, committed 14464K, reserved 1048576K
Event: 1351.491 GC heap after
Heap after GC invocations=35 (full 1):
 PSYoungGen      total 101888K, used 3527K [0x00000000eb200000, 0x00000000f3300000, 0x0000000100000000)
  eden space 98304K, 0% used [0x00000000eb200000,0x00000000eb200000,0x00000000f1200000)
  from space 3584K, 98% used [0x00000000f2f80000,0x00000000f32f1fa8,0x00000000f3300000)
  to   space 13824K, 0% used [0x00000000f1800000,0x00000000f1800000,0x00000000f2580000)
 ParOldGen       total 40448K, used 38463K [0x00000000c1600000, 0x00000000c3d80000, 0x00000000eb200000)
  object space 40448K, 95% used [0x00000000c1600000,0x00000000c3b8fce0,0x00000000c3d80000)
 Metaspace       used 77467K, capacity 78436K, committed 78720K, reserved 1114112K
  class space    used 14043K, capacity 14367K, committed 14464K, reserved 1048576K
}
Event: 1351.491 GC heap before
{Heap before GC invocations=36 (full 2):
 PSYoungGen      total 101888K, used 3527K [0x00000000eb200000, 0x00000000f3300000, 0x0000000100000000)
  eden space 98304K, 0% used [0x00000000eb200000,0x00000000eb200000,0x00000000f1200000)
  from space 3584K, 98% used [0x00000000f2f80000,0x00000000f32f1fa8,0x00000000f3300000)
  to   space 13824K, 0% used [0x00000000f1800000,0x00000000f1800000,0x00000000f2580000)
 ParOldGen       total 40448K, used 38463K [0x00000000c1600000, 0x00000000c3d80000, 0x00000000eb200000)
  object space 40448K, 95% used [0x00000000c1600000,0x00000000c3b8fce0,0x00000000c3d80000)
 Metaspace       used 77467K, capacity 78436K, committed 78720K, reserved 1114112K
  class space    used 14043K, capacity 14367K, committed 14464K, reserved 1048576K
Event: 1351.723 GC heap after
Heap after GC invocations=36 (full 2):
 PSYoungGen      total 101888K, used 0K [0x00000000eb200000, 0x00000000f3300000, 0x0000000100000000)
  eden space 98304K, 0% used [0x00000000eb200000,0x00000000eb200000,0x00000000f1200000)
  from space 3584K, 0% used [0x00000000f2f80000,0x00000000f2f80000,0x00000000f3300000)
  to   space 13824K, 0% used [0x00000000f1800000,0x00000000f1800000,0x00000000f2580000)
 ParOldGen       total 40448K, used 33816K [0x00000000c1600000, 0x00000000c3d80000, 0x00000000eb200000)
  object space 40448K, 83% used [0x00000000c1600000,0x00000000c3706070,0x00000000c3d80000)
 Metaspace       used 77087K, capacity 77918K, committed 78720K, reserved 1114112K
  class space    used 13983K, capacity 14266K, committed 14464K, reserved 1048576K
}

Deoptimization events (10 events):
Event: 1431.594 Thread 0x000000001881c800 Uncommon trap: reason=array_check action=maybe_recompile pc=0x0000000002c4c98c method=scala.collection.mutable.ArrayBuilder$ofRef.$plus$eq(Ljava/lang/Object;)Lscala/collection/mutable/ArrayBuilder$ofRef; @ 19
Event: 1431.594 Thread 0x000000001881c800 Uncommon trap: reason=array_check action=maybe_recompile pc=0x0000000002c4c98c method=scala.collection.mutable.ArrayBuilder$ofRef.$plus$eq(Ljava/lang/Object;)Lscala/collection/mutable/ArrayBuilder$ofRef; @ 19
Event: 1431.683 Thread 0x000000001881c800 Uncommon trap: reason=array_check action=maybe_recompile pc=0x0000000002c4c98c method=scala.collection.mutable.ArrayBuilder$ofRef.$plus$eq(Ljava/lang/Object;)Lscala/collection/mutable/ArrayBuilder$ofRef; @ 19
Event: 1445.524 Thread 0x0000000018fed000 Uncommon trap: reason=bimorphic action=maybe_recompile pc=0x00000000035717e8 method=org.jboss.netty.channel.socket.nio.AbstractNioSelector.processTaskQueue()V @ 21
Event: 1445.528 Thread 0x000000001881d800 Uncommon trap: reason=unhandled action=none pc=0x0000000002e156f0 method=java.lang.ClassLoader.findClass(Ljava/lang/String;)Ljava/lang/Class; @ 8
Event: 1445.529 Thread 0x000000001881d800 Uncommon trap: reason=unhandled action=none pc=0x0000000002e156f0 method=java.lang.ClassLoader.findClass(Ljava/lang/String;)Ljava/lang/Class; @ 8
Event: 1445.529 Thread 0x000000001881d800 Uncommon trap: reason=unhandled action=none pc=0x0000000002e156f0 method=java.lang.ClassLoader.findClass(Ljava/lang/String;)Ljava/lang/Class; @ 8
Event: 1445.601 Thread 0x000000001881d800 Uncommon trap: reason=unhandled action=none pc=0x0000000002e156f0 method=java.lang.ClassLoader.findClass(Ljava/lang/String;)Ljava/lang/Class; @ 8
Event: 1445.602 Thread 0x000000001881d800 Uncommon trap: reason=unhandled action=none pc=0x0000000002e156f0 method=java.lang.ClassLoader.findClass(Ljava/lang/String;)Ljava/lang/Class; @ 8
Event: 1445.602 Thread 0x000000001881d800 Uncommon trap: reason=unhandled action=none pc=0x0000000002e156f0 method=java.lang.ClassLoader.findClass(Ljava/lang/String;)Ljava/lang/Class; @ 8

Internal exceptions (10 events):
Event: 1445.529 Thread 0x000000001881d800 Exception <a 'java/security/PrivilegedActionException'> (0x00000000eff124d0) thrown at [D:\re\workspace\8-2-build-windows-amd64-cygwin\jdk8u5\2488\hotspot\src\share\vm\prims\jvm.cpp, line 1248]
Event: 1445.529 Thread 0x000000001881d800 Exception <a 'java/security/PrivilegedActionException'> (0x00000000eff19758) thrown at [D:\re\workspace\8-2-build-windows-amd64-cygwin\jdk8u5\2488\hotspot\src\share\vm\prims\jvm.cpp, line 1248]
Event: 1445.529 Thread 0x000000001881d800 Exception <a 'java/security/PrivilegedActionException'> (0x00000000eff1a3a0) thrown at [D:\re\workspace\8-2-build-windows-amd64-cygwin\jdk8u5\2488\hotspot\src\share\vm\prims\jvm.cpp, line 1248]
Event: 1445.529 Thread 0x000000001881d800 Exception <a 'java/security/PrivilegedActionException'> (0x00000000eff22ec8) thrown at [D:\re\workspace\8-2-build-windows-amd64-cygwin\jdk8u5\2488\hotspot\src\share\vm\prims\jvm.cpp, line 1248]
Event: 1445.601 Thread 0x000000001881d800 Exception <a 'java/security/PrivilegedActionException'> (0x00000000eff5dbc0) thrown at [D:\re\workspace\8-2-build-windows-amd64-cygwin\jdk8u5\2488\hotspot\src\share\vm\prims\jvm.cpp, line 1248]
Event: 1445.601 Thread 0x000000001881d800 Exception <a 'java/security/PrivilegedActionException'> (0x00000000eff64140) thrown at [D:\re\workspace\8-2-build-windows-amd64-cygwin\jdk8u5\2488\hotspot\src\share\vm\prims\jvm.cpp, line 1248]
Event: 1445.602 Thread 0x000000001881d800 Exception <a 'java/security/PrivilegedActionException'> (0x00000000eff64f20) thrown at [D:\re\workspace\8-2-build-windows-amd64-cygwin\jdk8u5\2488\hotspot\src\share\vm\prims\jvm.cpp, line 1248]
Event: 1445.602 Thread 0x000000001881d800 Exception <a 'java/security/PrivilegedActionException'> (0x00000000eff6c1a8) thrown at [D:\re\workspace\8-2-build-windows-amd64-cygwin\jdk8u5\2488\hotspot\src\share\vm\prims\jvm.cpp, line 1248]
Event: 1445.602 Thread 0x000000001881d800 Exception <a 'java/security/PrivilegedActionException'> (0x00000000eff6cdf0) thrown at [D:\re\workspace\8-2-build-windows-amd64-cygwin\jdk8u5\2488\hotspot\src\share\vm\prims\jvm.cpp, line 1248]
Event: 1445.602 Thread 0x000000001881d800 Exception <a 'java/security/PrivilegedActionException'> (0x00000000eff758b8) thrown at [D:\re\workspace\8-2-build-windows-amd64-cygwin\jdk8u5\2488\hotspot\src\share\vm\prims\jvm.cpp, line 1248]

Events (10 events):
Event: 1466.795 Executing VM operation: RevokeBias
Event: 1466.796 Executing VM operation: RevokeBias done
Event: 1466.796 Thread 0x00000000209c5800 Thread exited: 0x00000000209c5800
Event: 1472.797 Thread 0x00000000209c4800 Thread added: 0x00000000209c4800
Event: 1472.797 Executing VM operation: RevokeBias
Event: 1472.797 Executing VM operation: RevokeBias done
Event: 1472.797 Thread 0x00000000209c4000 Thread exited: 0x00000000209c4000
Event: 1473.506 Executing VM operation: RevokeBias
Event: 1473.506 Executing VM operation: RevokeBias done
Event: 1473.760 Executing VM operation: RedefineClasses


Dynamic libraries:
0x00007ff7cc450000 - 0x00007ff7cc484000 	C:\Program Files\Java\jdk1.8.0_05\bin\java.exe
0x00007ffca7850000 - 0x00007ffca79fa000 	C:\WINDOWS\SYSTEM32\ntdll.dll
0x00007ffca6d80000 - 0x00007ffca6eba000 	C:\WINDOWS\system32\KERNEL32.DLL
0x00007ffca4d90000 - 0x00007ffca4e9f000 	C:\WINDOWS\system32\KERNELBASE.dll
0x00007ffca37f0000 - 0x00007ffca3878000 	C:\WINDOWS\system32\apphelp.dll
0x00007ffc98d60000 - 0x00007ffc98daf000 	C:\WINDOWS\AppPatch\AppPatch64\AcGenral.DLL
0x00007ffca6b90000 - 0x00007ffca6c37000 	C:\WINDOWS\system32\msvcrt.dll
0x00007ffca49a0000 - 0x00007ffca49cb000 	C:\WINDOWS\SYSTEM32\SspiCli.dll
0x00007ffca7470000 - 0x00007ffca74c1000 	C:\WINDOWS\system32\SHLWAPI.dll
0x00007ffca6ec0000 - 0x00007ffca7031000 	C:\WINDOWS\system32\USER32.dll
0x00007ffca76d0000 - 0x00007ffca7848000 	C:\WINDOWS\system32\ole32.dll
0x00007ffca56b0000 - 0x00007ffca6acf000 	C:\WINDOWS\system32\SHELL32.dll
0x00007ffca41d0000 - 0x00007ffca41ee000 	C:\WINDOWS\SYSTEM32\USERENV.dll
0x00007ffca6ad0000 - 0x00007ffca6b75000 	C:\WINDOWS\system32\ADVAPI32.dll
0x00007ffc9d5c0000 - 0x00007ffc9d5db000 	C:\WINDOWS\SYSTEM32\MPR.dll
0x00007ffca74d0000 - 0x00007ffca7607000 	C:\WINDOWS\system32\RPCRT4.dll
0x00007ffca7610000 - 0x00007ffca7667000 	C:\WINDOWS\SYSTEM32\sechost.dll
0x00007ffca7040000 - 0x00007ffca7216000 	C:\WINDOWS\SYSTEM32\combase.dll
0x00007ffca53e0000 - 0x00007ffca5524000 	C:\WINDOWS\system32\GDI32.dll
0x00007ffca4bc0000 - 0x00007ffca4bd4000 	C:\WINDOWS\SYSTEM32\profapi.dll
0x00007ffca3080000 - 0x00007ffca311f000 	C:\WINDOWS\SYSTEM32\SHCORE.dll
0x00007ffca5550000 - 0x00007ffca5584000 	C:\WINDOWS\system32\IMM32.DLL
0x00007ffca6c40000 - 0x00007ffca6d79000 	C:\WINDOWS\system32\MSCTF.dll
0x00007ffc9c320000 - 0x00007ffc9c57a000 	C:\WINDOWS\WinSxS\amd64_microsoft.windows.common-controls_6595b64144ccf1df_6.0.9600.17031_none_6242a4b3ecbb55a1\COMCTL32.dll
0x000000006af90000 - 0x000000006b062000 	C:\Program Files\Java\jdk1.8.0_05\jre\bin\msvcr100.dll
0x000000006a760000 - 0x000000006af8a000 	C:\Program Files\Java\jdk1.8.0_05\jre\bin\server\jvm.dll
0x00007ffca2ee0000 - 0x00007ffca2ee9000 	C:\WINDOWS\SYSTEM32\WSOCK32.dll
0x00007ffc9d590000 - 0x00007ffc9d5af000 	C:\WINDOWS\SYSTEM32\WINMM.dll
0x00007ffca7460000 - 0x00007ffca7467000 	C:\WINDOWS\system32\PSAPI.DLL
0x00007ffca5640000 - 0x00007ffca5698000 	C:\WINDOWS\system32\WS2_32.dll
0x00007ffc9d560000 - 0x00007ffc9d58a000 	C:\WINDOWS\SYSTEM32\WINMMBASE.dll
0x00007ffca5630000 - 0x00007ffca5639000 	C:\WINDOWS\system32\NSI.dll
0x00007ffca4ea0000 - 0x00007ffca4eea000 	C:\WINDOWS\SYSTEM32\cfgmgr32.dll
0x00007ffca3a50000 - 0x00007ffca3a76000 	C:\WINDOWS\SYSTEM32\DEVOBJ.dll
0x000000006a750000 - 0x000000006a75f000 	C:\Program Files\Java\jdk1.8.0_05\jre\bin\verify.dll
0x000000006a720000 - 0x000000006a748000 	C:\Program Files\Java\jdk1.8.0_05\jre\bin\java.dll
0x000000006a6e0000 - 0x000000006a715000 	C:\Program Files\Java\jdk1.8.0_05\jre\bin\jdwp.dll
0x000000006a6d0000 - 0x000000006a6d8000 	C:\Program Files\Java\jdk1.8.0_05\jre\bin\npt.dll
0x000000006a6b0000 - 0x000000006a6c6000 	C:\Program Files\Java\jdk1.8.0_05\jre\bin\zip.dll
0x000000006a6a0000 - 0x000000006a6a9000 	C:\Program Files\Java\jdk1.8.0_05\jre\bin\dt_socket.dll
0x00007ffca4420000 - 0x00007ffca4478000 	C:\WINDOWS\system32\mswsock.dll
0x000000006a680000 - 0x000000006a69a000 	C:\Program Files\Java\jdk1.8.0_05\jre\bin\net.dll
0x000000006a660000 - 0x000000006a671000 	C:\Program Files\Java\jdk1.8.0_05\jre\bin\nio.dll
0x00007ffca4480000 - 0x00007ffca449e000 	C:\WINDOWS\SYSTEM32\CRYPTSP.dll
0x00007ffca40c0000 - 0x00007ffca40f5000 	C:\WINDOWS\system32\rsaenh.dll
0x00007ffca46b0000 - 0x00007ffca46d6000 	C:\WINDOWS\SYSTEM32\bcrypt.dll
0x00007ffca49d0000 - 0x00007ffca4a30000 	C:\WINDOWS\system32\bcryptprimitives.dll
0x00007ffca4a30000 - 0x00007ffca4a3a000 	C:\WINDOWS\SYSTEM32\CRYPTBASE.dll
0x00007ffca0dc0000 - 0x00007ffca0de9000 	C:\WINDOWS\SYSTEM32\IPHLPAPI.DLL
0x00007ffca0da0000 - 0x00007ffca0daa000 	C:\WINDOWS\SYSTEM32\WINNSI.DLL
0x00007ffca06c0000 - 0x00007ffca06d4000 	C:\WINDOWS\SYSTEM32\dhcpcsvc6.DLL
0x00007ffca08e0000 - 0x00007ffca08f9000 	C:\WINDOWS\SYSTEM32\dhcpcsvc.DLL
0x00007ffc9fde0000 - 0x00007ffc9fdea000 	C:\Users\yonatan\AppData\Local\Temp\jansi-64-1-2179879699651666031.11
0x00007ffca34e0000 - 0x00007ffca34f4000 	C:\WINDOWS\system32\napinsp.dll
0x00007ffca3500000 - 0x00007ffca3519000 	C:\WINDOWS\system32\pnrpnsp.dll
0x00007ffca1470000 - 0x00007ffca1489000 	C:\WINDOWS\system32\NLAapi.dll
0x00007ffca4230000 - 0x00007ffca42d3000 	C:\WINDOWS\SYSTEM32\DNSAPI.dll
0x00007ffca3520000 - 0x00007ffca352c000 	C:\WINDOWS\System32\winrnr.dll
0x00007ffca3530000 - 0x00007ffca3543000 	C:\WINDOWS\system32\wshbth.dll
0x00007ffc9e4d0000 - 0x00007ffc9e4d9000 	C:\Windows\System32\rasadhlp.dll
0x00007ffca0900000 - 0x00007ffca0968000 	C:\WINDOWS\System32\fwpuclnt.dll
0x000000006a630000 - 0x000000006a654000 	C:\Program Files\Java\jdk1.8.0_05\jre\bin\sunec.dll
0x000000006a620000 - 0x000000006a62d000 	C:\Program Files\Java\jdk1.8.0_05\jre\bin\management.dll
0x00007ffc97570000 - 0x00007ffc976f8000 	C:\WINDOWS\SYSTEM32\dbghelp.dll

VM Arguments:
jvm_args: -Xdebug -Xrunjdwp:transport=dt_socket,server=y,suspend=y,address=9999 -XX:MetaspaceSize=64M -XX:MaxMetaspaceSize=256M -Dactivator.home=//C:/Users/yonatan/Dropbox/projectsGitH/gymwer 
java_command: C:\Users\yonatan\Dropbox\projectsGitH\gymwer\activator-launch-1.2.3.jar run
java_class_path (initial): C:\Users\yonatan\Dropbox\projectsGitH\gymwer\activator-launch-1.2.3.jar
Launcher Type: SUN_STANDARD

Environment Variables:
JAVA_HOME=C:\Program Files\Java\jdk1.8.0_05
PATH=C:\WINDOWS\system32;C:\WINDOWS;C:\WINDOWS\System32\Wbem;C:\WINDOWS\System32\WindowsPowerShell\v1.0\;C:\Program Files (x86)\Heroku\bin;C:\Program Files (x86)\git\cmd;C:\Program Files\Java\jdk1.8.0_05\bin;C:\Program Files\Microsoft SQL Server\110\Tools\Binn\;C:\Program Files\Microsoft\Web Platform Installer\;C:\Program Files (x86)\Microsoft SDKs\TypeScript\1.0\;C:\Program Files (x86)\nodejs\;C:\Program Files (x86)\Windows Kits\8.1\Windows Performance Toolkit\;C:\Ruby200-x64\bin;C:\Users\yonatan\AppData\Roaming\npm
USERNAME=yonatan
OS=Windows_NT
PROCESSOR_IDENTIFIER=Intel64 Family 6 Model 42 Stepping 7, GenuineIntel



---------------  S Y S T E M  ---------------

OS: Windows 8.1 , 64 bit Build 9600 

CPU:total 4 (2 cores per cpu, 2 threads per core) family 6 model 42 stepping 7, cmov, cx8, fxsr, mmx, sse, sse2, sse3, ssse3, sse4.1, sse4.2, popcnt, avx, clmul, ht, tsc, tscinvbit

Memory: 4k page, physical 4097172k(1191680k free), swap 8291476k(5153356k free)

vm_info: Java HotSpot(TM) 64-Bit Server VM (25.5-b02) for windows-amd64 JRE (1.8.0_05-b13), built on Mar 18 2014 01:08:39 by "java_re" with MS VC++ 10.0 (VS2010)

time: Fri Sep 12 23:40:30 2014
elapsed time: 1474 seconds

