#
# A fatal error has been detected by the Java Runtime Environment:
#
#  EXCEPTION_ACCESS_VIOLATION (0xc0000005) at pc=0x0000000054eb8dde, pid=4524, tid=2756
#
# JRE version: Java(TM) SE Runtime Environment (8.0_05-b13) (build 1.8.0_05-b13)
# Java VM: Java HotSpot(TM) 64-Bit Server VM (25.5-b02 mixed mode windows-amd64 compressed oops)
# Problematic frame:
# V  [jvm.dll+0xe8dde]
#
# Failed to write core dump. Minidumps are not enabled by default on client versions of Windows
#
# If you would like to submit a bug report, please visit:
#   http://bugreport.sun.com/bugreport/crash.jsp
#

---------------  T H R E A D  ---------------

Current thread (0x0000000014b67000):  VMThread [stack: 0x0000000015c10000,0x0000000015d10000] [id=2756]

siginfo: ExceptionCode=0xc0000005, reading address 0x0000000000000013

Registers:
RAX=0x000000000000000b, RBX=0x0000000026ce6f18, RCX=0x00000000277e8e58, RDX=0x00000001016eec08
RSP=0x0000000015d0f0e0, RBP=0x0000000000000001, RSI=0x0000000000000015, RDI=0x00000001016eec08
R8 =0x0000000018ef9c10, R9 =0x0000000000000015, R10=0x000000002877e0c0, R11=0x0000000015d0f168
R12=0x0000000018ef9b60, R13=0x0000000026ce6f18, R14=0x0000000026ce6ee8, R15=0x0000000018ef9c10
RIP=0x0000000054eb8dde, EFLAGS=0x0000000000010202

Top of Stack: (sp=0x0000000015d0f0e0)
0x0000000015d0f0e0:   0000000018ef9c10 0000000028767c78
0x0000000015d0f0f0:   0000000028767d08 ffffffffffffff50
0x0000000015d0f100:   0000000026ce6c48 0000000054eb96c7
0x0000000015d0f110:   00000001012e3428 0000000000000004
0x0000000015d0f120:   0000000000000015 0000000054ecdc0b
0x0000000015d0f130:   00000001016eec08 0000000015d0f2e0
0x0000000015d0f140:   000000001620f270 0000000026ce6c48
0x0000000015d0f150:   0000000014b67000 0000000015d0f2e0
0x0000000015d0f160:   0000000014b67000 0000000054f802ed
0x0000000015d0f170:   00000001012e3428 0000000018ef9b60
0x0000000015d0f180:   0000000014b67000 0000000014b64560
0x0000000015d0f190:   0000000015d0f248 000000002877da28
0x0000000015d0f1a0:   0000000014b67000 0000000000000000
0x0000000015d0f1b0:   0000000100000000 0000000000000000
0x0000000015d0f1c0:   00000000278c5828 0000000014b67000
0x0000000015d0f1d0:   0000000014b67000 0000000014b65ff0 

Instructions: (pc=0x0000000054eb8dde)
0x0000000054eb8dbe:   48 8b 41 18 48 c1 e8 14 a8 01 74 06 48 8b 59 10
0x0000000054eb8dce:   eb 19 48 83 79 08 00 74 44 48 8b 49 08 48 8b 01
0x0000000054eb8dde:   ff 50 08 84 c0 74 36 48 8b 5b 08 48 85 db 74 2d
0x0000000054eb8dee:   48 8b 03 48 8b cb ff 50 08 84 c0 74 20 48 85 ff 


Register to memory mapping:

RAX=0x000000000000000b is an unknown value
RBX=0x0000000026ce6f18 is an unknown value
RCX=0x00000000277e8e58 is an unknown value
RDX=0x00000001016eec08 is an unknown value
RSP=0x0000000015d0f0e0 is an unknown value
RBP=0x0000000000000001 is an unknown value
RSI=0x0000000000000015 is an unknown value
RDI=0x00000001016eec08 is an unknown value
R8 =0x0000000018ef9c10 is an unknown value
R9 =0x0000000000000015 is an unknown value
R10=0x000000002877e0c0 is an unknown value
R11=0x0000000015d0f168 is an unknown value
R12=0x0000000018ef9b60 is an unknown value
R13=0x0000000026ce6f18 is an unknown value
R14=0x0000000026ce6ee8 is an unknown value
R15=0x0000000018ef9c10 is an unknown value


Stack: [0x0000000015c10000,0x0000000015d10000],  sp=0x0000000015d0f0e0,  free space=1020k
Native frames: (J=compiled Java code, j=interpreted, Vv=VM code, C=native code)
V  [jvm.dll+0xe8dde]
V  [jvm.dll+0xe96c7]
V  [jvm.dll+0x1b02ed]
V  [jvm.dll+0x56f0b]
V  [jvm.dll+0x1b387d]
V  [jvm.dll+0x1b3b0b]
V  [jvm.dll+0x229aa7]
V  [jvm.dll+0x228ce6]
V  [jvm.dll+0x229181]
V  [jvm.dll+0x22939e]
V  [jvm.dll+0x27baca]
C  [msvcr100.dll+0x21d9f]
C  [msvcr100.dll+0x21e3b]
C  [KERNEL32.DLL+0x16ad]
C  [ntdll.dll+0x734a5]

VM_Operation (0x000000001620f270): RedefineClasses, mode: safepoint, requested by thread 0x0000000014bae800


---------------  P R O C E S S  ---------------

Java Threads: ( => current thread )
  0x000000001996e000 JavaThread "ForkJoinPool.commonPool-worker-0" daemon [_thread_blocked, id=2708, stack(0x0000000025190000,0x0000000025290000)]
  0x0000000019968800 JavaThread "play-internal-execution-context-93" daemon [_thread_blocked, id=4708, stack(0x0000000023d50000,0x0000000023e50000)]
  0x000000001996b800 JavaThread "play-akka.actor.default-dispatcher-264" [_thread_blocked, id=3884, stack(0x000000001a790000,0x000000001a890000)]
  0x000000001996b000 JavaThread "net.sf.ehcache.CacheManager@14814c74" daemon [_thread_blocked, id=4220, stack(0x0000000023950000,0x0000000023a50000)]
  0x0000000019967000 JavaThread "BoneCP-pool-watch-thread" daemon [_thread_blocked, id=4768, stack(0x0000000023420000,0x0000000023520000)]
  0x000000001996a000 JavaThread "BoneCP-max-alive-scheduler" daemon [_thread_blocked, id=388, stack(0x0000000020090000,0x0000000020190000)]
  0x0000000019969800 JavaThread "BoneCP-keep-alive-scheduler" daemon [_thread_blocked, id=2148, stack(0x000000001bec0000,0x000000001bfc0000)]
  0x0000000018d53800 JavaThread "Timer-0" [_thread_blocked, id=1848, stack(0x0000000025490000,0x0000000025590000)]
  0x000000001a2d7000 JavaThread "play-scheduler-1" [_thread_blocked, id=3852, stack(0x0000000023c50000,0x0000000023d50000)]
  0x000000001a2d7800 JavaThread "Scala Presentation Compiler []" daemon [_thread_blocked, id=576, stack(0x000000001ebc0000,0x000000001ecc0000)]
  0x000000001a2cf800 JavaThread "New I/O server boss #9" [_thread_in_native, id=3768, stack(0x000000001e6c0000,0x000000001e7c0000)]
  0x000000001a2d2800 JavaThread "New I/O worker #8" [_thread_blocked, id=4068, stack(0x000000001e3c0000,0x000000001e4c0000)]
  0x000000001a2d1000 JavaThread "New I/O worker #7" [_thread_blocked, id=5000, stack(0x000000001e2c0000,0x000000001e3c0000)]
  0x000000001a2d0000 JavaThread "New I/O worker #6" [_thread_blocked, id=4580, stack(0x000000001e1c0000,0x000000001e2c0000)]
  0x000000001a2d1800 JavaThread "New I/O worker #5" [_thread_blocked, id=1036, stack(0x000000001e0c0000,0x000000001e1c0000)]
  0x0000000018d59000 JavaThread "New I/O worker #4" [_thread_blocked, id=1792, stack(0x000000001dfc0000,0x000000001e0c0000)]
  0x0000000018d58000 JavaThread "New I/O worker #3" [_thread_blocked, id=672, stack(0x000000001dec0000,0x000000001dfc0000)]
  0x0000000018d54800 JavaThread "New I/O worker #2" [_thread_blocked, id=3288, stack(0x000000001ddc0000,0x000000001dec0000)]
  0x0000000018d57800 JavaThread "New I/O worker #1" [_thread_blocked, id=2576, stack(0x000000001dcc0000,0x000000001ddc0000)]
  0x0000000018d56800 JavaThread "sbt-play-watch-service" daemon [_thread_blocked, id=2884, stack(0x000000001d9c0000,0x000000001dac0000)]
  0x0000000018d53000 JavaThread "Thread-1" daemon [_thread_in_native, id=4504, stack(0x000000001d8c0000,0x000000001d9c0000)]
  0x0000000018d52000 JavaThread "pool-4-thread-6" [_thread_in_native, id=3844, stack(0x000000001d5c0000,0x000000001d6c0000)]
  0x0000000019a2c000 JavaThread "sbt-web-akka.actor.default-dispatcher-5" [_thread_blocked, id=3804, stack(0x000000001cfc0000,0x000000001d0c0000)]
  0x0000000019d23000 JavaThread "sbt-web-scheduler-1" [_thread_blocked, id=3784, stack(0x000000001c1c0000,0x000000001c2c0000)]
  0x000000001674d000 JavaThread "Service Thread" daemon [_thread_blocked, id=4132, stack(0x0000000016b10000,0x0000000016c10000)]
  0x0000000014bcf000 JavaThread "C1 CompilerThread2" daemon [_thread_blocked, id=4660, stack(0x0000000016610000,0x0000000016710000)]
  0x0000000014bca000 JavaThread "C2 CompilerThread1" daemon [_thread_blocked, id=2236, stack(0x0000000016510000,0x0000000016610000)]
  0x0000000014bc5000 JavaThread "C2 CompilerThread0" daemon [_thread_blocked, id=5064, stack(0x0000000016410000,0x0000000016510000)]
  0x0000000014bba000 JavaThread "JDWP Command Reader" daemon [_thread_in_native, id=2012, stack(0x0000000016310000,0x0000000016410000)]
  0x0000000014bb3800 JavaThread "JDWP Event Helper Thread" daemon [_thread_blocked, id=3340, stack(0x0000000016210000,0x0000000016310000)]
  0x0000000014bae800 JavaThread "JDWP Transport Listener: dt_socket" daemon [_thread_blocked, id=3420, stack(0x0000000016110000,0x0000000016210000)]
  0x0000000014b9c800 JavaThread "Attach Listener" daemon [_thread_blocked, id=280, stack(0x0000000016010000,0x0000000016110000)]
  0x0000000014b9b800 JavaThread "Signal Dispatcher" daemon [_thread_blocked, id=4844, stack(0x0000000015f10000,0x0000000016010000)]
  0x0000000002597000 JavaThread "Finalizer" daemon [_thread_blocked, id=2360, stack(0x0000000015e10000,0x0000000015f10000)]
  0x0000000014b68000 JavaThread "Reference Handler" daemon [_thread_blocked, id=4328, stack(0x0000000015d10000,0x0000000015e10000)]
  0x00000000024a2800 JavaThread "main" [_thread_blocked, id=1776, stack(0x00000000023a0000,0x00000000024a0000)]

Other Threads:
=>0x0000000014b67000 VMThread [stack: 0x0000000015c10000,0x0000000015d10000] [id=2756]
  0x0000000016757800 WatcherThread [stack: 0x0000000016c10000,0x0000000016d10000] [id=3944]

VM state:at safepoint (normal execution)

VM Mutex/Monitor currently owned by a thread:  ([mutex/lock_event])
[0x0000000000b2e570] Threads_lock - owner thread: 0x0000000014b67000

Heap:
 PSYoungGen      total 163328K, used 4360K [0x00000000eb200000, 0x00000000f7a00000, 0x0000000100000000)
  eden space 126976K, 1% used [0x00000000eb200000,0x00000000eb4422f8,0x00000000f2e00000)
  from space 36352K, 5% used [0x00000000f2e00000,0x00000000f30000a0,0x00000000f5180000)
  to   space 34816K, 0% used [0x00000000f5800000,0x00000000f5800000,0x00000000f7a00000)
 ParOldGen       total 66560K, used 58730K [0x00000000c1600000, 0x00000000c5700000, 0x00000000eb200000)
  object space 66560K, 88% used [0x00000000c1600000,0x00000000c4f5aaf0,0x00000000c5700000)
 Metaspace       used 117884K, capacity 119286K, committed 129280K, reserved 1155072K
  class space    used 19696K, capacity 20152K, committed 23552K, reserved 1048576K

Card table byte_map: [0x0000000011960000,0x0000000011b60000] byte_map_base: 0x0000000011355000

Marking Bits: (ParMarkBitMap*) 0x00000000555813b0
 Begin Bits: [0x00000000120b0000, 0x0000000013058000)
 End Bits:   [0x0000000013058000, 0x0000000014000000)

Polling page: 0x00000000009e0000

CodeCache: size=245760Kb used=65483Kb max_used=65487Kb free=180276Kb
 bounds [0x00000000025a0000, 0x0000000006610000, 0x00000000115a0000]
 total_blobs=19442 nmethods=18856 adapters=500
 compilation: enabled

Compilation events (10 events):
Event: 11746.483 Thread 0x0000000014bcf000 23093       1       play.sbtplugin.run.JDK7PlayWatchService$JDK7WatchServiceDelegate::takeMethod (5 bytes)
Event: 11746.485 Thread 0x0000000014bcf000 nmethod 23093 0x0000000004012790 code [0x00000000040128e0, 0x00000000040129f0]
Event: 11747.126 Thread 0x0000000014bcf000 23094       3       sun.nio.fs.AbstractWatchService::checkOpen (16 bytes)
Event: 11747.127 Thread 0x0000000014bcf000 nmethod 23094 0x0000000004012350 code [0x00000000040124c0, 0x00000000040126c8]
Event: 11747.127 Thread 0x0000000014bcf000 23095       1       play.sbtplugin.run.JDK7PlayWatchService$JDK7WatchServiceDelegate::pollEventsMethod (5 bytes)
Event: 11747.127 Thread 0x0000000014bcf000 nmethod 23095 0x0000000004012090 code [0x00000000040121e0, 0x00000000040122f0]
Event: 11747.127 Thread 0x0000000014bcf000 23096       1       scala.collection.convert.Wrappers$JListWrapper::underlying (5 bytes)
Event: 11747.127 Thread 0x0000000014bcf000 nmethod 23096 0x0000000004011dd0 code [0x0000000004011f20, 0x0000000004012030]
Event: 11747.127 Thread 0x0000000014bcf000 23097       1       play.sbtplugin.run.JDK7PlayWatchService$JDK7WatchServiceDelegate::resetMethod (5 bytes)
Event: 11747.127 Thread 0x0000000014bcf000 nmethod 23097 0x0000000004011b10 code [0x0000000004011c60, 0x0000000004011d70]

GC Heap History (10 events):
Event: 9726.545 GC heap before
{Heap before GC invocations=130 (full 4):
 PSYoungGen      total 140800K, used 140783K [0x00000000eb200000, 0x00000000f7880000, 0x0000000100000000)
  eden space 107520K, 100% used [0x00000000eb200000,0x00000000f1b00000,0x00000000f1b00000)
  from space 33280K, 99% used [0x00000000f1b00000,0x00000000f3b7bec0,0x00000000f3b80000)
  to   space 41984K, 0% used [0x00000000f4f80000,0x00000000f4f80000,0x00000000f7880000)
 ParOldGen       total 105984K, used 103659K [0x00000000c1600000, 0x00000000c7d80000, 0x00000000eb200000)
  object space 105984K, 97% used [0x00000000c1600000,0x00000000c7b3ad68,0x00000000c7d80000)
 Metaspace       used 126023K, capacity 129104K, committed 129280K, reserved 1155072K
  class space    used 22408K, capacity 23514K, committed 23552K, reserved 1048576K
Event: 9726.560 GC heap after
Heap after GC invocations=130 (full 4):
 PSYoungGen      total 153088K, used 7837K [0x00000000eb200000, 0x00000000f7200000, 0x0000000100000000)
  eden space 117760K, 0% used [0x00000000eb200000,0x00000000eb200000,0x00000000f2500000)
  from space 35328K, 22% used [0x00000000f4f80000,0x00000000f5727428,0x00000000f7200000)
  to   space 39424K, 0% used [0x00000000f2500000,0x00000000f2500000,0x00000000f4b80000)
 ParOldGen       total 105984K, used 103934K [0x00000000c1600000, 0x00000000c7d80000, 0x00000000eb200000)
  object space 105984K, 98% used [0x00000000c1600000,0x00000000c7b7f950,0x00000000c7d80000)
 Metaspace       used 126023K, capacity 129104K, committed 129280K, reserved 1155072K
  class space    used 22408K, capacity 23514K, committed 23552K, reserved 1048576K
}
Event: 9726.560 GC heap before
{Heap before GC invocations=131 (full 5):
 PSYoungGen      total 153088K, used 7837K [0x00000000eb200000, 0x00000000f7200000, 0x0000000100000000)
  eden space 117760K, 0% used [0x00000000eb200000,0x00000000eb200000,0x00000000f2500000)
  from space 35328K, 22% used [0x00000000f4f80000,0x00000000f5727428,0x00000000f7200000)
  to   space 39424K, 0% used [0x00000000f2500000,0x00000000f2500000,0x00000000f4b80000)
 ParOldGen       total 105984K, used 103934K [0x00000000c1600000, 0x00000000c7d80000, 0x00000000eb200000)
  object space 105984K, 98% used [0x00000000c1600000,0x00000000c7b7f950,0x00000000c7d80000)
 Metaspace       used 126023K, capacity 129104K, committed 129280K, reserved 1155072K
  class space    used 22408K, capacity 23514K, committed 23552K, reserved 1048576K
Event: 9735.434 GC heap after
Heap after GC invocations=131 (full 5):
 PSYoungGen      total 153088K, used 0K [0x00000000eb200000, 0x00000000f7200000, 0x0000000100000000)
  eden space 117760K, 0% used [0x00000000eb200000,0x00000000eb200000,0x00000000f2500000)
  from space 35328K, 0% used [0x00000000f4f80000,0x00000000f4f80000,0x00000000f7200000)
  to   space 39424K, 0% used [0x00000000f2500000,0x00000000f2500000,0x00000000f4b80000)
 ParOldGen       total 66560K, used 58722K [0x00000000c1600000, 0x00000000c5700000, 0x00000000eb200000)
  object space 66560K, 88% used [0x00000000c1600000,0x00000000c4f58af0,0x00000000c5700000)
 Metaspace       used 117673K, capacity 119030K, committed 129280K, reserved 1155072K
  class space    used 19683K, capacity 20152K, committed 23552K, reserved 1048576K
}
Event: 9818.876 GC heap before
{Heap before GC invocations=132 (full 5):
 PSYoungGen      total 153088K, used 117760K [0x00000000eb200000, 0x00000000f7200000, 0x0000000100000000)
  eden space 117760K, 100% used [0x00000000eb200000,0x00000000f2500000,0x00000000f2500000)
  from space 35328K, 0% used [0x00000000f4f80000,0x00000000f4f80000,0x00000000f7200000)
  to   space 39424K, 0% used [0x00000000f2500000,0x00000000f2500000,0x00000000f4b80000)
 ParOldGen       total 66560K, used 58722K [0x00000000c1600000, 0x00000000c5700000, 0x00000000eb200000)
  object space 66560K, 88% used [0x00000000c1600000,0x00000000c4f58af0,0x00000000c5700000)
 Metaspace       used 117686K, capacity 119030K, committed 129280K, reserved 1155072K
  class space    used 19683K, capacity 20152K, committed 23552K, reserved 1048576K
Event: 9818.882 GC heap after
Heap after GC invocations=132 (full 5):
 PSYoungGen      total 157184K, used 2226K [0x00000000eb200000, 0x00000000f7980000, 0x0000000100000000)
  eden space 117760K, 0% used [0x00000000eb200000,0x00000000eb200000,0x00000000f2500000)
  from space 39424K, 5% used [0x00000000f2500000,0x00000000f272cbd0,0x00000000f4b80000)
  to   space 37888K, 0% used [0x00000000f5480000,0x00000000f5480000,0x00000000f7980000)
 ParOldGen       total 66560K, used 58722K [0x00000000c1600000, 0x00000000c5700000, 0x00000000eb200000)
  object space 66560K, 88% used [0x00000000c1600000,0x00000000c4f58af0,0x00000000c5700000)
 Metaspace       used 117686K, capacity 119030K, committed 129280K, reserved 1155072K
  class space    used 19683K, capacity 20152K, committed 23552K, reserved 1048576K
}
Event: 9918.342 GC heap before
{Heap before GC invocations=133 (full 5):
 PSYoungGen      total 157184K, used 119986K [0x00000000eb200000, 0x00000000f7980000, 0x0000000100000000)
  eden space 117760K, 99% used [0x00000000eb200000,0x00000000f24ffe78,0x00000000f2500000)
  from space 39424K, 5% used [0x00000000f2500000,0x00000000f272cbd0,0x00000000f4b80000)
  to   space 37888K, 0% used [0x00000000f5480000,0x00000000f5480000,0x00000000f7980000)
 ParOldGen       total 66560K, used 58722K [0x00000000c1600000, 0x00000000c5700000, 0x00000000eb200000)
  object space 66560K, 88% used [0x00000000c1600000,0x00000000c4f58af0,0x00000000c5700000)
 Metaspace       used 117693K, capacity 119030K, committed 129280K, reserved 1155072K
  class space    used 19683K, capacity 20152K, committed 23552K, reserved 1048576K
Event: 9918.352 GC heap after
Heap after GC invocations=133 (full 5):
 PSYoungGen      total 160256K, used 1893K [0x00000000eb200000, 0x00000000f7500000, 0x0000000100000000)
  eden space 126976K, 0% used [0x00000000eb200000,0x00000000eb200000,0x00000000f2e00000)
  from space 33280K, 5% used [0x00000000f5480000,0x00000000f56597d0,0x00000000f7500000)
  to   space 36352K, 0% used [0x00000000f2e00000,0x00000000f2e00000,0x00000000f5180000)
 ParOldGen       total 66560K, used 58722K [0x00000000c1600000, 0x00000000c5700000, 0x00000000eb200000)
  object space 66560K, 88% used [0x00000000c1600000,0x00000000c4f58af0,0x00000000c5700000)
 Metaspace       used 117693K, capacity 119030K, committed 129280K, reserved 1155072K
  class space    used 19683K, capacity 20152K, committed 23552K, reserved 1048576K
}
Event: 11872.139 GC heap before
{Heap before GC invocations=134 (full 5):
 PSYoungGen      total 160256K, used 128869K [0x00000000eb200000, 0x00000000f7500000, 0x0000000100000000)
  eden space 126976K, 100% used [0x00000000eb200000,0x00000000f2e00000,0x00000000f2e00000)
  from space 33280K, 5% used [0x00000000f5480000,0x00000000f56597d0,0x00000000f7500000)
  to   space 36352K, 0% used [0x00000000f2e00000,0x00000000f2e00000,0x00000000f5180000)
 ParOldGen       total 66560K, used 58722K [0x00000000c1600000, 0x00000000c5700000, 0x00000000eb200000)
  object space 66560K, 88% used [0x00000000c1600000,0x00000000c4f58af0,0x00000000c5700000)
 Metaspace       used 117715K, capacity 119094K, committed 129280K, reserved 1155072K
  class space    used 19683K, capacity 20152K, committed 23552K, reserved 1048576K
Event: 11872.155 GC heap after
Heap after GC invocations=134 (full 5):
 PSYoungGen      total 163328K, used 2048K [0x00000000eb200000, 0x00000000f7a00000, 0x0000000100000000)
  eden space 126976K, 0% used [0x00000000eb200000,0x00000000eb200000,0x00000000f2e00000)
  from space 36352K, 5% used [0x00000000f2e00000,0x00000000f30000a0,0x00000000f5180000)
  to   space 34816K, 0% used [0x00000000f5800000,0x00000000f5800000,0x00000000f7a00000)
 ParOldGen       total 66560K, used 58730K [0x00000000c1600000, 0x00000000c5700000, 0x00000000eb200000)
  object space 66560K, 88% used [0x00000000c1600000,0x00000000c4f5aaf0,0x00000000c5700000)
 Metaspace       used 117715K, capacity 119094K, committed 129280K, reserved 1155072K
  class space    used 19683K, capacity 20152K, committed 23552K, reserved 1048576K
}

Deoptimization events (10 events):
Event: 10868.318 Thread 0x0000000019967000 Uncommon trap: reason=unhandled action=none pc=0x00000000037fbd2c method=java.lang.Integer.parseInt(Ljava/lang/String;I)I @ 249
Event: 10870.557 Thread 0x0000000019967000 Uncommon trap: reason=unhandled action=none pc=0x00000000037fbd2c method=java.lang.Integer.parseInt(Ljava/lang/String;I)I @ 249
Event: 10872.527 Thread 0x0000000019967000 Uncommon trap: reason=unhandled action=none pc=0x00000000037fbd2c method=java.lang.Integer.parseInt(Ljava/lang/String;I)I @ 249
Event: 10874.586 Thread 0x0000000019967000 Uncommon trap: reason=unhandled action=none pc=0x00000000037fbd2c method=java.lang.Integer.parseInt(Ljava/lang/String;I)I @ 249
Event: 10876.731 Thread 0x0000000019967000 Uncommon trap: reason=unhandled action=none pc=0x00000000037fbd2c method=java.lang.Integer.parseInt(Ljava/lang/String;I)I @ 249
Event: 11476.691 Thread 0x0000000019967000 Uncommon trap: reason=unhandled action=none pc=0x00000000037fbd2c method=java.lang.Integer.parseInt(Ljava/lang/String;I)I @ 249
Event: 11478.695 Thread 0x0000000019967000 Uncommon trap: reason=unhandled action=none pc=0x00000000037fbd2c method=java.lang.Integer.parseInt(Ljava/lang/String;I)I @ 249
Event: 11480.740 Thread 0x0000000019967000 Uncommon trap: reason=unhandled action=none pc=0x00000000037fbd2c method=java.lang.Integer.parseInt(Ljava/lang/String;I)I @ 249
Event: 11482.691 Thread 0x0000000019967000 Uncommon trap: reason=unhandled action=none pc=0x00000000037fbd2c method=java.lang.Integer.parseInt(Ljava/lang/String;I)I @ 249
Event: 11484.770 Thread 0x0000000019967000 Uncommon trap: reason=unhandled action=none pc=0x00000000037fbd2c method=java.lang.Integer.parseInt(Ljava/lang/String;I)I @ 249

Internal exceptions (10 events):
Event: 9657.247 Thread 0x000000001996e800 Exception <a 'java/security/PrivilegedActionException'> (0x00000000efeab568) thrown at [D:\re\workspace\8-2-build-windows-amd64-cygwin\jdk8u5\2488\hotspot\src\share\vm\prims\jvm.cpp, line 1248]
Event: 9657.248 Thread 0x000000001996e800 Exception <a 'java/security/PrivilegedActionException'> (0x00000000efeb6f60) thrown at [D:\re\workspace\8-2-build-windows-amd64-cygwin\jdk8u5\2488\hotspot\src\share\vm\prims\jvm.cpp, line 1248]
Event: 9657.249 Thread 0x000000001996e800 Exception <a 'java/security/PrivilegedActionException'> (0x00000000efebbaf8) thrown at [D:\re\workspace\8-2-build-windows-amd64-cygwin\jdk8u5\2488\hotspot\src\share\vm\prims\jvm.cpp, line 1248]
Event: 9657.801 Thread 0x0000000018d57800 Exception <a 'java/security/PrivilegedActionException'> (0x00000000eff00ef0) thrown at [D:\re\workspace\8-2-build-windows-amd64-cygwin\jdk8u5\2488\hotspot\src\share\vm\prims\jvm.cpp, line 1248]
Event: 9657.802 Thread 0x0000000018d57800 Exception <a 'java/security/PrivilegedActionException'> (0x00000000eff0a780) thrown at [D:\re\workspace\8-2-build-windows-amd64-cygwin\jdk8u5\2488\hotspot\src\share\vm\prims\jvm.cpp, line 1248]
Event: 9657.807 Thread 0x0000000018d57800 Exception <a 'java/security/PrivilegedActionException'> (0x00000000eff44060) thrown at [D:\re\workspace\8-2-build-windows-amd64-cygwin\jdk8u5\2488\hotspot\src\share\vm\prims\jvm.cpp, line 1248]
Event: 9657.808 Thread 0x0000000018d57800 Exception <a 'java/security/PrivilegedActionException'> (0x00000000eff4c488) thrown at [D:\re\workspace\8-2-build-windows-amd64-cygwin\jdk8u5\2488\hotspot\src\share\vm\prims\jvm.cpp, line 1248]
Event: 9657.810 Thread 0x0000000018d57800 Exception <a 'java/security/PrivilegedActionException'> (0x00000000eff4f650) thrown at [D:\re\workspace\8-2-build-windows-amd64-cygwin\jdk8u5\2488\hotspot\src\share\vm\prims\jvm.cpp, line 1248]
Event: 9657.810 Thread 0x0000000018d57800 Exception <a 'java/security/PrivilegedActionException'> (0x00000000eff586d0) thrown at [D:\re\workspace\8-2-build-windows-amd64-cygwin\jdk8u5\2488\hotspot\src\share\vm\prims\jvm.cpp, line 1248]
Event: 9918.520 Thread 0x000000001a2d2800 Exception <a 'java/io/IOException'> (0x00000000eb2be8c8) thrown at [D:\re\workspace\8-2-build-windows-amd64-cygwin\jdk8u5\2488\hotspot\src\share\vm\prims\jni.cpp, line 716]

Events (10 events):
Event: 11914.216 Thread 0x000000001996f800 Thread exited: 0x000000001996f800
Event: 11920.216 Thread 0x000000001996f800 Thread added: 0x000000001996f800
Event: 11920.216 Executing VM operation: RevokeBias
Event: 11920.217 Executing VM operation: RevokeBias done
Event: 11920.217 Thread 0x000000001996e800 Thread exited: 0x000000001996e800
Event: 11926.218 Thread 0x000000001996e000 Thread added: 0x000000001996e000
Event: 11926.219 Executing VM operation: RevokeBias
Event: 11926.219 Executing VM operation: RevokeBias done
Event: 11926.220 Thread 0x000000001996f800 Thread exited: 0x000000001996f800
Event: 11927.336 Executing VM operation: RedefineClasses


Dynamic libraries:
0x00007ff6f04f0000 - 0x00007ff6f0524000 	C:\Program Files\Java\jdk1.8.0_05\bin\java.exe
0x00007ffaf49a0000 - 0x00007ffaf4b4a000 	C:\WINDOWS\SYSTEM32\ntdll.dll
0x00007ffaf3c50000 - 0x00007ffaf3d8a000 	C:\WINDOWS\system32\KERNEL32.DLL
0x00007ffaf1de0000 - 0x00007ffaf1eef000 	C:\WINDOWS\system32\KERNELBASE.dll
0x00007ffaf0940000 - 0x00007ffaf09c8000 	C:\WINDOWS\system32\apphelp.dll
0x00007ffade5b0000 - 0x00007ffade5ff000 	C:\WINDOWS\AppPatch\AppPatch64\AcGenral.DLL
0x00007ffaf3e00000 - 0x00007ffaf3ea7000 	C:\WINDOWS\system32\msvcrt.dll
0x00007ffaf1af0000 - 0x00007ffaf1b1b000 	C:\WINDOWS\SYSTEM32\SspiCli.dll
0x00007ffaf48e0000 - 0x00007ffaf4931000 	C:\WINDOWS\system32\SHLWAPI.dll
0x00007ffaf2690000 - 0x00007ffaf2801000 	C:\WINDOWS\system32\USER32.dll
0x00007ffaf4560000 - 0x00007ffaf46d8000 	C:\WINDOWS\system32\ole32.dll
0x00007ffaf2810000 - 0x00007ffaf3c30000 	C:\WINDOWS\system32\SHELL32.dll
0x00007ffaf1320000 - 0x00007ffaf133e000 	C:\WINDOWS\SYSTEM32\USERENV.dll
0x00007ffaf4220000 - 0x00007ffaf42c5000 	C:\WINDOWS\system32\ADVAPI32.dll
0x00007ffaea630000 - 0x00007ffaea64b000 	C:\WINDOWS\SYSTEM32\MPR.dll
0x00007ffaf23b0000 - 0x00007ffaf24e7000 	C:\WINDOWS\system32\RPCRT4.dll
0x00007ffaf4940000 - 0x00007ffaf4997000 	C:\WINDOWS\SYSTEM32\sechost.dll
0x00007ffaf3fd0000 - 0x00007ffaf41a6000 	C:\WINDOWS\SYSTEM32\combase.dll
0x00007ffaf2260000 - 0x00007ffaf23a4000 	C:\WINDOWS\system32\GDI32.dll
0x00007ffaf1d10000 - 0x00007ffaf1d24000 	C:\WINDOWS\SYSTEM32\profapi.dll
0x00007ffaf0370000 - 0x00007ffaf040f000 	C:\WINDOWS\SYSTEM32\SHCORE.dll
0x00007ffaf2220000 - 0x00007ffaf2254000 	C:\WINDOWS\system32\IMM32.DLL
0x00007ffaf4780000 - 0x00007ffaf48b9000 	C:\WINDOWS\system32\MSCTF.dll
0x00007ffaee610000 - 0x00007ffaee86a000 	C:\WINDOWS\WinSxS\amd64_microsoft.windows.common-controls_6595b64144ccf1df_6.0.9600.17031_none_6242a4b3ecbb55a1\COMCTL32.dll
0x0000000055600000 - 0x00000000556d2000 	C:\Program Files\Java\jdk1.8.0_05\jre\bin\msvcr100.dll
0x0000000054dd0000 - 0x00000000555fa000 	C:\Program Files\Java\jdk1.8.0_05\jre\bin\server\jvm.dll
0x00007ffade590000 - 0x00007ffade599000 	C:\WINDOWS\SYSTEM32\WSOCK32.dll
0x00007ffae97b0000 - 0x00007ffae97cf000 	C:\WINDOWS\SYSTEM32\WINMM.dll
0x00007ffaf3c40000 - 0x00007ffaf3c47000 	C:\WINDOWS\system32\PSAPI.DLL
0x00007ffaf3eb0000 - 0x00007ffaf3f08000 	C:\WINDOWS\system32\WS2_32.dll
0x00007ffae9780000 - 0x00007ffae97aa000 	C:\WINDOWS\SYSTEM32\WINMMBASE.dll
0x00007ffaf4210000 - 0x00007ffaf4219000 	C:\WINDOWS\system32\NSI.dll
0x00007ffaf1ff0000 - 0x00007ffaf203a000 	C:\WINDOWS\SYSTEM32\cfgmgr32.dll
0x00007ffaf0ba0000 - 0x00007ffaf0bc6000 	C:\WINDOWS\SYSTEM32\DEVOBJ.dll
0x0000000054dc0000 - 0x0000000054dcf000 	C:\Program Files\Java\jdk1.8.0_05\jre\bin\verify.dll
0x0000000054d90000 - 0x0000000054db8000 	C:\Program Files\Java\jdk1.8.0_05\jre\bin\java.dll
0x0000000054d50000 - 0x0000000054d85000 	C:\Program Files\Java\jdk1.8.0_05\jre\bin\jdwp.dll
0x0000000054d40000 - 0x0000000054d48000 	C:\Program Files\Java\jdk1.8.0_05\jre\bin\npt.dll
0x0000000054d20000 - 0x0000000054d36000 	C:\Program Files\Java\jdk1.8.0_05\jre\bin\zip.dll
0x0000000054d10000 - 0x0000000054d19000 	C:\Program Files\Java\jdk1.8.0_05\jre\bin\dt_socket.dll
0x00007ffaf1570000 - 0x00007ffaf15c8000 	C:\WINDOWS\system32\mswsock.dll
0x0000000054cf0000 - 0x0000000054d0a000 	C:\Program Files\Java\jdk1.8.0_05\jre\bin\net.dll
0x0000000054cd0000 - 0x0000000054ce1000 	C:\Program Files\Java\jdk1.8.0_05\jre\bin\nio.dll
0x00007ffaf15d0000 - 0x00007ffaf15ee000 	C:\WINDOWS\SYSTEM32\CRYPTSP.dll
0x00007ffaf1210000 - 0x00007ffaf1245000 	C:\WINDOWS\system32\rsaenh.dll
0x00007ffaf1800000 - 0x00007ffaf1826000 	C:\WINDOWS\SYSTEM32\bcrypt.dll
0x00007ffaf1b20000 - 0x00007ffaf1b80000 	C:\WINDOWS\system32\bcryptprimitives.dll
0x00007ffaf1b80000 - 0x00007ffaf1b8a000 	C:\WINDOWS\SYSTEM32\CRYPTBASE.dll
0x00007ffaeda90000 - 0x00007ffaedab9000 	C:\WINDOWS\SYSTEM32\IPHLPAPI.DLL
0x00007ffaed9f0000 - 0x00007ffaed9fa000 	C:\WINDOWS\SYSTEM32\WINNSI.DLL
0x00007ffaed540000 - 0x00007ffaed554000 	C:\WINDOWS\SYSTEM32\dhcpcsvc6.DLL
0x00007ffaed610000 - 0x00007ffaed629000 	C:\WINDOWS\SYSTEM32\dhcpcsvc.DLL
0x00007ffae7ae0000 - 0x00007ffae7aea000 	C:\Users\yonatan\AppData\Local\Temp\jansi-64-1-3524215159796054531.11
0x00007ffae99a0000 - 0x00007ffae99b4000 	C:\WINDOWS\system32\napinsp.dll
0x00007ffae99c0000 - 0x00007ffae99d9000 	C:\WINDOWS\system32\pnrpnsp.dll
0x00007ffaeec40000 - 0x00007ffaeec59000 	C:\WINDOWS\system32\NLAapi.dll
0x00007ffaf1380000 - 0x00007ffaf1423000 	C:\WINDOWS\SYSTEM32\DNSAPI.dll
0x00007ffae99e0000 - 0x00007ffae99ec000 	C:\WINDOWS\System32\winrnr.dll
0x00007ffae99f0000 - 0x00007ffae9a03000 	C:\WINDOWS\system32\wshbth.dll
0x00007ffaea320000 - 0x00007ffaea329000 	C:\Windows\System32\rasadhlp.dll
0x00007ffaed850000 - 0x00007ffaed8b8000 	C:\WINDOWS\System32\fwpuclnt.dll
0x0000000054ca0000 - 0x0000000054cc4000 	C:\Program Files\Java\jdk1.8.0_05\jre\bin\sunec.dll
0x0000000054bc0000 - 0x0000000054bcd000 	C:\Program Files\Java\jdk1.8.0_05\jre\bin\management.dll
0x00007ffaebc30000 - 0x00007ffaebdb8000 	C:\WINDOWS\SYSTEM32\dbghelp.dll

VM Arguments:
jvm_args: -Xdebug -Xrunjdwp:transport=dt_socket,server=y,suspend=y,address=9999 -XX:MetaspaceSize=64M -XX:MaxMetaspaceSize=256M -Dactivator.home=//C:/Users/yonatan/Dropbox/projectsGitH/gymwer 
java_command: C:\Users\yonatan\Dropbox\projectsGitH\gymwer\activator-launch-1.2.3.jar run
java_class_path (initial): C:\Users\yonatan\Dropbox\projectsGitH\gymwer\activator-launch-1.2.3.jar
Launcher Type: SUN_STANDARD

Environment Variables:
JAVA_HOME=C:\Program Files\Java\jdk1.8.0_05
PATH=C:\WINDOWS\system32;C:\WINDOWS;C:\WINDOWS\System32\Wbem;C:\WINDOWS\System32\WindowsPowerShell\v1.0\;C:\Program Files (x86)\Heroku\bin;C:\Program Files (x86)\git\cmd;C:\Program Files\Java\jdk1.8.0_05\bin;C:\Program Files\Microsoft SQL Server\110\Tools\Binn\;C:\Program Files\Microsoft\Web Platform Installer\;C:\Program Files (x86)\Microsoft SDKs\TypeScript\1.0\;C:\Program Files (x86)\nodejs\;C:\Program Files (x86)\Windows Kits\8.1\Windows Performance Toolkit\;C:\Ruby200-x64\bin;C:\Users\yonatan\AppData\Roaming\npm
USERNAME=yonatan
OS=Windows_NT
PROCESSOR_IDENTIFIER=Intel64 Family 6 Model 42 Stepping 7, GenuineIntel



---------------  S Y S T E M  ---------------

OS: Windows 8.1 , 64 bit Build 9600 

CPU:total 4 (2 cores per cpu, 2 threads per core) family 6 model 42 stepping 7, cmov, cx8, fxsr, mmx, sse, sse2, sse3, ssse3, sse4.1, sse4.2, popcnt, avx, clmul, ht, tsc, tscinvbit

Memory: 4k page, physical 4097172k(934592k free), swap 8291476k(4489300k free)

vm_info: Java HotSpot(TM) 64-Bit Server VM (25.5-b02) for windows-amd64 JRE (1.8.0_05-b13), built on Mar 18 2014 01:08:39 by "java_re" with MS VC++ 10.0 (VS2010)

time: Mon Aug 25 05:58:57 2014
elapsed time: 11928 seconds

